【登录信息】
*66ae15b631839f8e837cb0e4b0599b89*
`登陆天数: 21天 / 1069天
等级: 139
石头: 24
呼符: 0
体力: 7742.8133333333335 / 140
友情点: 50 / 1867250`
*連続ログイン7日間到達おめでとうございます！
明日は1日目からリスタートされます。*
`獣の足跡 X 1
呼符 X 1
8月交換券(2023) X 1
`*8周年記念特別回数ログインボーナス*
*開催期間中、1日1回 最大10回 回数ログインボーナスをプレゼント！*
`QP X 3000000
フレンドポイント X 100000
`_2023-07-31 19:36:50_
--------
*ac95c3e7a5e1685f4f63172cd680f7e6*
`登陆天数: 21天 / 260天
等级: 26
石头: 52
呼符: 10
体力: 95795.55333333333 / 51
友情点: 0 / 23450`
*連続ログイン7日間到達おめでとうございます！
明日は1日目からリスタートされます。*
`獣の足跡 X 1
呼符 X 1
8月交換券(2023) X 1
`*8周年記念特別回数ログインボーナス*
*開催期間中、1日1回 最大10回 回数ログインボーナスをプレゼント！*
`QP X 3000000
フレンドポイント X 100000
`_2023-07-31 19:36:58_
--------
