【登录信息】
*66ae15b631839f8e837cb0e4b0599b89*
`登陆天数: 22天 / 1070天
等级: 139
石头: 24
呼符: 0
体力: 8030.79 / 140
友情点: 0 / 1867250`
*連続ログイン1日目
※ログインが途切れるか、7日到達すると
1日目から再開されます*
`フレンドポイント X 2000
8月交換券(2023) X 1
`*8周年記念特別回数ログインボーナス*
*開催期間中、1日1回 最大10回 回数ログインボーナスをプレゼント！*
`QP X 3000000
星見のティーポット X 10
`_2023-08-01 19:36:43_
--------
*ac95c3e7a5e1685f4f63172cd680f7e6*
`登陆天数: 22天 / 261天
等级: 26
石头: 52
呼符: 10
体力: 96083.53 / 51
友情点: 0 / 23450`
*連続ログイン1日目
※ログインが途切れるか、7日到達すると
1日目から再開されます*
`フレンドポイント X 2000
8月交換券(2023) X 1
`*8周年記念特別回数ログインボーナス*
*開催期間中、1日1回 最大10回 回数ログインボーナスをプレゼント！*
`QP X 3000000
星見のティーポット X 10
`_2023-08-01 19:36:51_
--------
