【登录信息】
*66ae15b631839f8e837cb0e4b0599b89*
`登陆天数: 24天 / 1072天
等级: 139
石头: 24
呼符: 0
体力: 8606.833333333334 / 140
友情点: 0 / 1867330`
*連続ログイン3日目
※ログインが途切れるか、7日到達すると
1日目から再開されます*
`叡智の業火 X 1
8月交換券(2023) X 1
`*8周年記念特別回数ログインボーナス*
*開催期間中、1日1回 最大10回 回数ログインボーナスをプレゼント！*
`英霊結晶・星のフォウくん X 10
英霊結晶・太陽のフォウくん X 10
QP X 3000000
`_2023-08-03 19:36:56_
--------
*ac95c3e7a5e1685f4f63172cd680f7e6*
`登陆天数: 24天 / 263天
等级: 26
石头: 52
呼符: 10
体力: 96659.57 / 51
友情点: 0 / 23450`
*連続ログイン3日目
※ログインが途切れるか、7日到達すると
1日目から再開されます*
`叡智の業火 X 1
8月交換券(2023) X 1
`*8周年記念特別回数ログインボーナス*
*開催期間中、1日1回 最大10回 回数ログインボーナスをプレゼント！*
`英霊結晶・星のフォウくん X 10
英霊結晶・太陽のフォウくん X 10
QP X 3000000
`_2023-08-03 19:37:04_
--------
