【登录信息】
*66ae15b631839f8e837cb0e4b0599b89*
`登陆天数: 26天 / 1074天
等级: 139
石头: 47
呼符: 1
体力: 9182.853333333333 / 140
友情点: 0 / 1973390`
*連続ログイン5日目
※ログインが途切れるか、7日到達すると
1日目から再開されます*
`叡智の業火 X 2
8月交換券(2023) X 1
`*8周年記念特別回数ログインボーナス*
*開催期間中、1日1回 最大10回 回数ログインボーナスをプレゼント！*
`QP X 3000000
呼符 X 10
`_2023-08-05 19:37:02_
--------
*ac95c3e7a5e1685f4f63172cd680f7e6*
`登陆天数: 26天 / 265天
等级: 26
石头: 52
呼符: 10
体力: 97235.59 / 51
友情点: 0 / 23450`
*連続ログイン5日目
※ログインが途切れるか、7日到達すると
1日目から再開されます*
`叡智の業火 X 2
8月交換券(2023) X 1
`*8周年記念特別回数ログインボーナス*
*開催期間中、1日1回 最大10回 回数ログインボーナスをプレゼント！*
`QP X 3000000
呼符 X 10
`_2023-08-05 19:37:10_
--------
