【登录信息】
*66ae15b631839f8e837cb0e4b0599b89*
`登陆天数: 3天 / 1079天
等级: 139
石头: 19
呼符: 2
体力: 73.22666666666667 / 140
友情点: 25 / 1979950`
*連続ログイン3日目
※ログインが途切れるか、7日到達すると
1日目から再開されます*
`叡智の業火 X 1
8月交換券(2023) X 1
`*サーヴァント・サマー・フェスティバル2023！開幕記念 ログインボーナス*
*開催期間中、1日1回 最大21回ログインボーナスをプレゼント！*
`白銀の果実 X 1
`_2023-08-12 19:36:46_
--------
*ac95c3e7a5e1685f4f63172cd680f7e6*
`登陆天数: 3天 / 270天
等级: 26
石头: 52
呼符: 10
体力: 99251.54666666666 / 51
友情点: 0 / 23450`
*連続ログイン3日目
※ログインが途切れるか、7日到達すると
1日目から再開されます*
`叡智の業火 X 1
8月交換券(2023) X 1
`*サーヴァント・サマー・フェスティバル2023！開幕記念 ログインボーナス*
*開催期間中、1日1回 最大21回ログインボーナスをプレゼント！*
`白銀の果実 X 1
`_2023-08-12 19:36:56_
--------
