【登录信息】
*66ae15b631839f8e837cb0e4b0599b89*
`登陆天数: 5天 / 1081天
等级: 139
石头: 19
呼符: 2
体力: 649.2766666666666 / 140
友情点: 20 / 1979990`
*連続ログイン5日目
※ログインが途切れるか、7日到達すると
1日目から再開されます*
`叡智の業火 X 2
8月交換券(2023) X 1
`*サーヴァント・サマー・フェスティバル2023！開幕記念 ログインボーナス*
*開催期間中、1日1回 最大21回ログインボーナスをプレゼント！*
`白銀の果実 X 1
`_2023-08-14 19:37:01_
--------
*ac95c3e7a5e1685f4f63172cd680f7e6*
`登陆天数: 5天 / 272天
等级: 26
石头: 52
呼符: 10
体力: 99827.59 / 51
友情点: 0 / 23450`
*連続ログイン5日目
※ログインが途切れるか、7日到達すると
1日目から再開されます*
`叡智の業火 X 2
8月交換券(2023) X 1
`*サーヴァント・サマー・フェスティバル2023！開幕記念 ログインボーナス*
*開催期間中、1日1回 最大21回ログインボーナスをプレゼント！*
`白銀の果実 X 1
`_2023-08-14 19:37:10_
--------
