【登录信息】
*66ae15b631839f8e837cb0e4b0599b89*
`登陆天数: 14天 / 1090天
等级: 139
石头: 23
呼符: 0
体力: 1344.44 / 140
友情点: 155 / 1981600`
*連続ログイン7日間到達おめでとうございます！
明日は1日目からリスタートされます。*
`獣の足跡 X 1
呼符 X 1
8月交換券(2023) X 1
`*サーヴァント・サマー・フェスティバル2023！開幕記念 ログインボーナス*
*開催期間中、1日1回 最大21回ログインボーナスをプレゼント！*
`白銀の果実 X 1
`_2023-08-23 19:37:04_
--------
*ac95c3e7a5e1685f4f63172cd680f7e6*
`登陆天数: 14天 / 281天
等级: 26
石头: 52
呼符: 10
体力: 102419.6 / 51
友情点: 0 / 23450`
*連続ログイン7日間到達おめでとうございます！
明日は1日目からリスタートされます。*
`獣の足跡 X 1
呼符 X 1
8月交換券(2023) X 1
`*サーヴァント・サマー・フェスティバル2023！開幕記念 ログインボーナス*
*開催期間中、1日1回 最大21回ログインボーナスをプレゼント！*
`白銀の果実 X 1
`_2023-08-23 19:37:13_
--------
