【登录信息】
*66ae15b631839f8e837cb0e4b0599b89*
`登陆天数: 21天 / 1097天
等级: 139
石头: 23
呼符: 0
体力: 3360.423333333333 / 140
友情点: 185 / 1982650`
*連続ログイン7日間到達おめでとうございます！
明日は1日目からリスタートされます。*
`獣の足跡 X 1
呼符 X 1
8月交換券(2023) X 1
`*サーヴァント・サマー・フェスティバル2023！開幕記念 ログインボーナス*
*開催期間中、1日1回 最大21回ログインボーナスをプレゼント！*
`白銀の果実 X 1
`_2023-08-30 19:36:59_
--------
*ac95c3e7a5e1685f4f63172cd680f7e6*
`登陆天数: 21天 / 288天
等级: 26
石头: 52
呼符: 10
体力: 104435.58333333333 / 51
友情点: 0 / 23450`
*連続ログイン7日間到達おめでとうございます！
明日は1日目からリスタートされます。*
`獣の足跡 X 1
呼符 X 1
8月交換券(2023) X 1
`*サーヴァント・サマー・フェスティバル2023！開幕記念 ログインボーナス*
*開催期間中、1日1回 最大21回ログインボーナスをプレゼント！*
`白銀の果実 X 1
`_2023-08-30 19:37:07_
--------
