【登录信息】
*66ae15b631839f8e837cb0e4b0599b89*
`登陆天数: 38天 / 1253天
等级: 139
石头: 23
呼符: 0
体力: 100992.12666666666 / 140
友情点: 25 / 2030025`
*連続ログイン3日目
※ログインが途切れるか、7日到達すると
1日目から再開されます*
`叡智の業火 X 1
8月交換券(2024) X 1
`*使用期限付コンティニューアイテムプレゼント！*
*開催期間中、1日1回 最大7回 コンティニューアイテム「霊脈石」をプレゼント！*
`霊脈石 X 1
`_2024-08-03 19:35:29_
--------
*ac95c3e7a5e1685f4f63172cd680f7e6*
`登陆天数: 38天 / 444天
等级: 26
石头: 52
呼符: 10
体力: 202067.28333333333 / 51
友情点: 0 / 23450`
*連続ログイン3日目
※ログインが途切れるか、7日到達すると
1日目から再開されます*
`叡智の業火 X 1
8月交換券(2024) X 1
`*使用期限付コンティニューアイテムプレゼント！*
*開催期間中、1日1回 最大7回 コンティニューアイテム「霊脈石」をプレゼント！*
`霊脈石 X 1
`_2024-08-03 19:35:38_
--------
