【登录信息】
*66ae15b631839f8e837cb0e4b0599b89*
`登陆天数: 39天 / 1254天
等级: 139
石头: 2
呼符: 0
体力: 101280.22333333333 / 140
友情点: 0 / 2100050`
*連続ログイン4日目
※ログインが途切れるか、7日到達すると
1日目から再開されます*
`聖晶石 X 1
8月交換券(2024) X 1
`*「FGO Expo ～Fate/Grand Order Fes. 2024 9th Anniversary～」配信番組連動キャンペーン報酬プレゼント*
*開催期間中、初回ログインで「聖晶石×100」をプレゼント！*
`聖晶石 X 100
`_2024-08-04 19:35:59_
--------
*ac95c3e7a5e1685f4f63172cd680f7e6*
`登陆天数: 39天 / 445天
等级: 26
石头: 52
呼符: 10
体力: 202355.38333333333 / 51
友情点: 0 / 23450`
*連続ログイン4日目
※ログインが途切れるか、7日到達すると
1日目から再開されます*
`聖晶石 X 1
8月交換券(2024) X 1
`*「FGO Expo ～Fate/Grand Order Fes. 2024 9th Anniversary～」配信番組連動キャンペーン報酬プレゼント*
*開催期間中、初回ログインで「聖晶石×100」をプレゼント！*
`聖晶石 X 100
`_2024-08-04 19:36:08_
--------
