【登录信息】
*66ae15b631839f8e837cb0e4b0599b89*
`登陆天数: 40天 / 1255天
等级: 139
石头: 2
呼符: 0
体力: 101568.28 / 140
友情点: 25 / 2100075`
*連続ログイン5日目
※ログインが途切れるか、7日到達すると
1日目から再開されます*
`叡智の業火 X 2
8月交換券(2024) X 1
`*9周年記念特別回数ログインボーナス*
*開催期間中、1日1回 最大10回 回数ログインボーナスをプレゼント！*
`QP X 3000000
フレンドポイント X 100000
獣の足跡 X 3
`_2024-08-05 19:36:16_
--------
*ac95c3e7a5e1685f4f63172cd680f7e6*
`登陆天数: 40天 / 446天
等级: 26
石头: 52
呼符: 10
体力: 202643.43666666668 / 51
友情点: 0 / 23450`
*連続ログイン5日目
※ログインが途切れるか、7日到達すると
1日目から再開されます*
`叡智の業火 X 2
8月交換券(2024) X 1
`*9周年記念特別回数ログインボーナス*
*開催期間中、1日1回 最大10回 回数ログインボーナスをプレゼント！*
`QP X 3000000
フレンドポイント X 100000
獣の足跡 X 3
`_2024-08-05 19:36:24_
--------
