【登录信息】
*66ae15b631839f8e837cb0e4b0599b89*
`登陆天数: 41天 / 1256天
等级: 139
石头: 2
呼符: 0
体力: 101856.26 / 140
友情点: 10 / 2100085`
*連続ログイン6日目
※ログインが途切れるか、7日到達すると
1日目から再開されます*
`聖晶石 X 2
8月交換券(2024) X 1
`*ショートアニメ「FGO 藤丸立香はわからない」Season2公開記念 特別ログインボーナス*
*開催期間中、初回ログインで「限定概念礼装×1」をプレゼント！*
`「FGO 藤丸立香はわからない」Season2 X 1
`_2024-08-06 19:36:09_
--------
*ac95c3e7a5e1685f4f63172cd680f7e6*
`登陆天数: 41天 / 447天
等级: 26
石头: 52
呼符: 10
体力: 202931.42 / 51
友情点: 0 / 23450`
*連続ログイン6日目
※ログインが途切れるか、7日到達すると
1日目から再開されます*
`聖晶石 X 2
8月交換券(2024) X 1
`*ショートアニメ「FGO 藤丸立香はわからない」Season2公開記念 特別ログインボーナス*
*開催期間中、初回ログインで「限定概念礼装×1」をプレゼント！*
`「FGO 藤丸立香はわからない」Season2 X 1
`_2024-08-06 19:36:18_
--------
