【登录信息】
*66ae15b631839f8e837cb0e4b0599b89*
`登陆天数: 42天 / 1257天
等级: 139
石头: 2
呼符: 0
体力: 102144.3 / 140
友情点: 0 / 2100085`
*連続ログイン7日間到達おめでとうございます！
明日は1日目からリスタートされます。*
`獣の足跡 X 1
呼符 X 1
8月交換券(2024) X 1
`*「水着イベント2024」開幕直前カウントダウンログインボーナス*
*開催期間中、1日1回 7日間日替わりでログインボーナスをプレゼント！*
`叡智の業火 X 10
`_2024-08-07 19:36:21_
--------
*ac95c3e7a5e1685f4f63172cd680f7e6*
`登陆天数: 42天 / 448天
等级: 26
石头: 52
呼符: 10
体力: 203219.45666666667 / 51
友情点: 0 / 23450`
*連続ログイン7日間到達おめでとうございます！
明日は1日目からリスタートされます。*
`獣の足跡 X 1
呼符 X 1
8月交換券(2024) X 1
`*「水着イベント2024」開幕直前カウントダウンログインボーナス*
*開催期間中、1日1回 7日間日替わりでログインボーナスをプレゼント！*
`叡智の業火 X 10
`_2024-08-07 19:36:30_
--------
