【登录信息】
*66ae15b631839f8e837cb0e4b0599b89*
`登陆天数: 43天 / 1258天
等级: 139
石头: 2
呼符: 0
体力: 102432.66 / 140
友情点: 0 / 2100085`
*連続ログイン1日目
※ログインが途切れるか、7日到達すると
1日目から再開されます*
`フレンドポイント X 2000
8月交換券(2024) X 1
`*「水着イベント2024」開幕直前カウントダウンログインボーナス*
*開催期間中、1日1回 7日間日替わりでログインボーナスをプレゼント！*
`黄金の果実 X 1
`_2024-08-08 19:38:09_
--------
*ac95c3e7a5e1685f4f63172cd680f7e6*
`登陆天数: 43天 / 449天
等级: 26
石头: 52
呼符: 10
体力: 203507.81666666668 / 51
友情点: 0 / 23450`
*連続ログイン1日目
※ログインが途切れるか、7日到達すると
1日目から再開されます*
`フレンドポイント X 2000
8月交換券(2024) X 1
`*「水着イベント2024」開幕直前カウントダウンログインボーナス*
*開催期間中、1日1回 7日間日替わりでログインボーナスをプレゼント！*
`黄金の果実 X 1
`_2024-08-08 19:38:18_
--------
