【登录信息】
*66ae15b631839f8e837cb0e4b0599b89*
`登陆天数: 44天 / 1259天
等级: 139
石头: 2
呼符: 0
体力: 102720.32333333333 / 140
友情点: 0 / 2100085`
*連続ログイン2日目
※ログインが途切れるか、7日到達すると
1日目から再開されます*
`聖晶石 X 1
8月交換券(2024) X 1
`*リリース3300日突破キャンペーン 初回ログインボーナス*
*開催期間中、初回ログインで「聖晶石×10」をプレゼント！*
`聖晶石 X 10
`_2024-08-09 19:36:29_
--------
*ac95c3e7a5e1685f4f63172cd680f7e6*
`登陆天数: 44天 / 450天
等级: 26
石头: 52
呼符: 10
体力: 203795.48333333334 / 51
友情点: 0 / 23450`
*連続ログイン2日目
※ログインが途切れるか、7日到達すると
1日目から再開されます*
`聖晶石 X 1
8月交換券(2024) X 1
`*リリース3300日突破キャンペーン 初回ログインボーナス*
*開催期間中、初回ログインで「聖晶石×10」をプレゼント！*
`聖晶石 X 10
`_2024-08-09 19:36:37_
--------
