【登录信息】
*66ae15b631839f8e837cb0e4b0599b89*
`登陆天数: 46天 / 1261天
等级: 139
石头: 2
呼符: 0
体力: 103296.50333333333 / 140
友情点: 0 / 2100085`
*連続ログイン4日目
※ログインが途切れるか、7日到達すると
1日目から再開されます*
`聖晶石 X 1
8月交換券(2024) X 1
`*「水着イベント2024」開幕直前カウントダウンログインボーナス*
*開催期間中、1日1回 7日間日替わりでログインボーナスをプレゼント！*
`英霊結晶・太陽のフォウくん X 10
`_2024-08-11 19:37:23_
--------
*ac95c3e7a5e1685f4f63172cd680f7e6*
`登陆天数: 46天 / 452天
等级: 26
石头: 52
呼符: 10
体力: 204371.66333333333 / 51
友情点: 0 / 23450`
*連続ログイン4日目
※ログインが途切れるか、7日到達すると
1日目から再開されます*
`聖晶石 X 1
8月交換券(2024) X 1
`*「水着イベント2024」開幕直前カウントダウンログインボーナス*
*開催期間中、1日1回 7日間日替わりでログインボーナスをプレゼント！*
`英霊結晶・太陽のフォウくん X 10
`_2024-08-11 19:37:32_
--------
