【登录信息】
*66ae15b631839f8e837cb0e4b0599b89*
`登陆天数: 48天 / 1263天
等级: 139
石头: 2
呼符: 0
体力: 103872.24333333333 / 140
友情点: 0 / 2100085`
*連続ログイン6日目
※ログインが途切れるか、7日到達すると
1日目から再開されます*
`聖晶石 X 2
8月交換券(2024) X 1
`*「水着イベント2024」開幕直前カウントダウンログインボーナス*
*開催期間中、1日1回 7日間日替わりでログインボーナスをプレゼント！*
`獣の足跡 X 1
`_2024-08-13 19:36:05_
--------
*ac95c3e7a5e1685f4f63172cd680f7e6*
`登陆天数: 48天 / 454天
等级: 26
石头: 52
呼符: 10
体力: 204947.40333333332 / 51
友情点: 0 / 23450`
*連続ログイン6日目
※ログインが途切れるか、7日到達すると
1日目から再開されます*
`聖晶石 X 2
8月交換券(2024) X 1
`*「水着イベント2024」開幕直前カウントダウンログインボーナス*
*開催期間中、1日1回 7日間日替わりでログインボーナスをプレゼント！*
`獣の足跡 X 1
`_2024-08-13 19:36:14_
--------
