【登录信息】
*66ae15b631839f8e837cb0e4b0599b89*
`登陆天数: 49天 / 1264天
等级: 139
石头: 2
呼符: 0
体力: 104160.34666666666 / 140
友情点: 0 / 2100085`
*連続ログイン7日間到達おめでとうございます！
明日は1日目からリスタートされます。*
`獣の足跡 X 1
呼符 X 1
8月交換券(2024) X 1
`*FGOカルデア放送局 ライト版 ～水着イベント2024～ 放送記念 初回ログインボーナス*
*開催期間中、初回ログインで「聖晶石×14」をプレゼント！*
`聖晶石 X 14
`_2024-08-14 19:36:35_
--------
*ac95c3e7a5e1685f4f63172cd680f7e6*
`登陆天数: 49天 / 455天
等级: 26
石头: 52
呼符: 10
体力: 205235.50333333333 / 51
友情点: 0 / 23450`
*連続ログイン7日間到達おめでとうございます！
明日は1日目からリスタートされます。*
`獣の足跡 X 1
呼符 X 1
8月交換券(2024) X 1
`*FGOカルデア放送局 ライト版 ～水着イベント2024～ 放送記念 初回ログインボーナス*
*開催期間中、初回ログインで「聖晶石×14」をプレゼント！*
`聖晶石 X 14
`_2024-08-14 19:36:44_
--------
