【登录信息】
*66ae15b631839f8e837cb0e4b0599b89*
`登陆天数: 51天 / 1266天
等级: 139
石头: 2
呼符: 0
体力: 104736.26666666666 / 140
友情点: 25 / 2100110`
*連続ログイン2日目
※ログインが途切れるか、7日到達すると
1日目から再開されます*
`聖晶石 X 1
8月交換券(2024) X 1
`*ＢＢプレゼンツ☆セレブサマー・エクスペリエンス！ 開幕記念 ログインボーナス*
*開催期間中、1日1回 最大78回 ログインボーナスをプレゼント！*
`白銀の果実 X 1
`_2024-08-16 19:36:12_
--------
*ac95c3e7a5e1685f4f63172cd680f7e6*
`登陆天数: 51天 / 457天
等级: 26
石头: 52
呼符: 10
体力: 205811.42666666667 / 51
友情点: 0 / 23450`
*連続ログイン2日目
※ログインが途切れるか、7日到達すると
1日目から再開されます*
`聖晶石 X 1
8月交換券(2024) X 1
`*ＢＢプレゼンツ☆セレブサマー・エクスペリエンス！ 開幕記念 ログインボーナス*
*開催期間中、1日1回 最大78回 ログインボーナスをプレゼント！*
`白銀の果実 X 1
`_2024-08-16 19:36:21_
--------
