【登录信息】
*66ae15b631839f8e837cb0e4b0599b89*
`登陆天数: 53天 / 1268天
等级: 139
石头: 346
呼符: 1
体力: 67.20333333333333 / 140
友情点: 50 / 2215535`
*連続ログイン4日目
※ログインが途切れるか、7日到達すると
1日目から再開されます*
`聖晶石 X 1
8月交換券(2024) X 1
`*ＢＢプレゼンツ☆セレブサマー・エクスペリエンス！ 開幕記念 ログインボーナス*
*開催期間中、1日1回 最大78回 ログインボーナスをプレゼント！*
`白銀の果実 X 1
`_2024-08-18 19:36:00_
--------
*ac95c3e7a5e1685f4f63172cd680f7e6*
`登陆天数: 53天 / 459天
等级: 26
石头: 52
呼符: 10
体力: 206387.38666666666 / 51
友情点: 0 / 23450`
*連続ログイン4日目
※ログインが途切れるか、7日到達すると
1日目から再開されます*
`聖晶石 X 1
8月交換券(2024) X 1
`*ＢＢプレゼンツ☆セレブサマー・エクスペリエンス！ 開幕記念 ログインボーナス*
*開催期間中、1日1回 最大78回 ログインボーナスをプレゼント！*
`白銀の果実 X 1
`_2024-08-18 19:36:09_
--------
