【登录信息】
*66ae15b631839f8e837cb0e4b0599b89*
`登陆天数: 57天 / 1272天
等级: 139
石头: 463
呼符: 2
体力: 90.26666666666667 / 140
友情点: 10 / 2223055`
*連続ログイン1日目
※ログインが途切れるか、7日到達すると
1日目から再開されます*
`フレンドポイント X 2000
8月交換券(2024) X 1
`*ＢＢプレゼンツ☆セレブサマー・エクスペリエンス！ 開幕記念 ログインボーナス*
*開催期間中、1日1回 最大78回 ログインボーナスをプレゼント！*
`白銀の果実 X 1
`_2024-08-22 19:37:06_
--------
*ac95c3e7a5e1685f4f63172cd680f7e6*
`登陆天数: 57天 / 463天
等级: 26
石头: 52
呼符: 10
体力: 207539.60666666666 / 51
友情点: 0 / 23450`
*連続ログイン1日目
※ログインが途切れるか、7日到達すると
1日目から再開されます*
`フレンドポイント X 2000
8月交換券(2024) X 1
`*ＢＢプレゼンツ☆セレブサマー・エクスペリエンス！ 開幕記念 ログインボーナス*
*開催期間中、1日1回 最大78回 ログインボーナスをプレゼント！*
`白銀の果実 X 1
`_2024-08-22 19:37:14_
--------
