【登录信息】
*66ae15b631839f8e837cb0e4b0599b89*
`登陆天数: 65天 / 1280天
等级: 139
石头: 54
呼符: 0
体力: 372.68333333333334 / 140
友情点: 0 / 2230980`
*連続ログイン2日目
※ログインが途切れるか、7日到達すると
1日目から再開されます*
`聖晶石 X 1
8月交換券(2024) X 1
`*奏章Ⅲ 新霊長後継戦 アーキタイプ・インセプション 開幕記念 ログインボーナス*
*開催期間中、1日1回 最大78回 ログインボーナスをプレゼント！*
`白銀の果実 X 1
`_2024-08-30 19:36:04_
--------
*ac95c3e7a5e1685f4f63172cd680f7e6*
`登陆天数: 65天 / 471天
等级: 26
石头: 52
呼符: 10
体力: 209843.4 / 51
友情点: 0 / 23450`
*連続ログイン2日目
※ログインが途切れるか、7日到達すると
1日目から再開されます*
`聖晶石 X 1
8月交換券(2024) X 1
`*奏章Ⅲ 新霊長後継戦 アーキタイプ・インセプション 開幕記念 ログインボーナス*
*開催期間中、1日1回 最大78回 ログインボーナスをプレゼント！*
`白銀の果実 X 1
`_2024-08-30 19:36:12_
--------
