【登录信息】
*66ae15b631839f8e837cb0e4b0599b89*
`登陆天数: 18天 / 930天
等级: 136
石头: 23
呼符: 0
体力: 41.81666666666666 / 139
友情点: 0 / 652545`
*連続ログイン4日目
※ログインが途切れるか、7日到達すると
1日目から再開されます*
`聖晶石 X 1
2月交換券(2023) X 1
`*FGO カルデア放送局 Vol.19 第2部 第7章 ナウイ･ミクトラン(後編) 開幕直前SP 放送記念 初回ログインボーナス*
*開催期間中、初回ログインで「聖晶石×14」をプレゼント！*
`聖晶石 X 14
`_2023-01-31 19:38:00_
--------
*ac95c3e7a5e1685f4f63172cd680f7e6*
`登陆天数: 18天 / 136天
等级: 26
石头: 52
呼符: 10
体力: 43667.78333333333 / 51
友情点: 0 / 23450`
*連続ログイン4日目
※ログインが途切れるか、7日到達すると
1日目から再開されます*
`聖晶石 X 1
2月交換券(2023) X 1
`*FGO カルデア放送局 Vol.19 第2部 第7章 ナウイ･ミクトラン(後編) 開幕直前SP 放送記念 初回ログインボーナス*
*開催期間中、初回ログインで「聖晶石×14」をプレゼント！*
`聖晶石 X 14
`_2023-01-31 19:38:08_
--------
