【登录信息】
*66ae15b631839f8e837cb0e4b0599b89*
`登陆天数: 20天 / 932天
等级: 136
石头: 28
呼符: 0
体力: 516.7766666666666 / 139
友情点: 0 / 652595`
*連続ログイン6日目
※ログインが途切れるか、7日到達すると
1日目から再開されます*
`聖晶石 X 2
2月交換券(2023) X 1
`*「FGO ウィンターパーティー 2022-2023」宮城会場開催直前 ログインボーナス*
*開催期間中、1日1回 最大3回 ログインボーナスをプレゼント！*
`黄金の果実 X 1
`_2023-02-02 19:37:47_
--------
*ac95c3e7a5e1685f4f63172cd680f7e6*
`登陆天数: 20天 / 138天
等级: 26
石头: 52
呼符: 10
体力: 44243.74 / 51
友情点: 0 / 23450`
*連続ログイン6日目
※ログインが途切れるか、7日到達すると
1日目から再開されます*
`聖晶石 X 2
2月交換券(2023) X 1
`*「FGO ウィンターパーティー 2022-2023」宮城会場開催直前 ログインボーナス*
*開催期間中、1日1回 最大3回 ログインボーナスをプレゼント！*
`黄金の果実 X 1
`_2023-02-02 19:37:55_
--------
