【登录信息】
*66ae15b631839f8e837cb0e4b0599b89*
`登陆天数: 21天 / 933天
等级: 136
石头: 42
呼符: 0
体力: 33.33333333333333 / 139
友情点: 0 / 654120`
*連続ログイン7日間到達おめでとうございます！
明日は1日目からリスタートされます。*
`獣の足跡 X 1
呼符 X 1
2月交換券(2023) X 1
`*「FGO ウィンターパーティー 2022-2023」宮城会場開催直前 ログインボーナス*
*開催期間中、1日1回 最大3回 ログインボーナスをプレゼント！*
`黄金の果実 X 1
`_2023-02-03 19:37:56_
--------
*ac95c3e7a5e1685f4f63172cd680f7e6*
`登陆天数: 21天 / 139天
等级: 26
石头: 52
呼符: 10
体力: 44531.77 / 51
友情点: 0 / 23450`
*連続ログイン7日間到達おめでとうございます！
明日は1日目からリスタートされます。*
`獣の足跡 X 1
呼符 X 1
2月交換券(2023) X 1
`*「FGO ウィンターパーティー 2022-2023」宮城会場開催直前 ログインボーナス*
*開催期間中、1日1回 最大3回 ログインボーナスをプレゼント！*
`黄金の果実 X 1
`_2023-02-03 19:38:04_
--------
