【登录信息】
*66ae15b631839f8e837cb0e4b0599b89*
`登陆天数: 22天 / 934天
等级: 136
石头: 42
呼符: 0
体力: 321.28999999999996 / 139
友情点: 0 / 654120`
*連続ログイン1日目
※ログインが途切れるか、7日到達すると
1日目から再開されます*
`フレンドポイント X 2000
2月交換券(2023) X 1
`*「FGO ウィンターパーティー 2022-2023」宮城会場開催記念 初回ログインボーナス*
*開催期間中、初回ログインで「聖晶石×10」をプレゼント！*
`聖晶石 X 10
`_2023-02-04 19:37:42_
--------
*ac95c3e7a5e1685f4f63172cd680f7e6*
`登陆天数: 22天 / 140天
等级: 26
石头: 52
呼符: 10
体力: 44819.72666666667 / 51
友情点: 0 / 23450`
*連続ログイン1日目
※ログインが途切れるか、7日到達すると
1日目から再開されます*
`フレンドポイント X 2000
2月交換券(2023) X 1
`*「FGO ウィンターパーティー 2022-2023」宮城会場開催記念 初回ログインボーナス*
*開催期間中、初回ログインで「聖晶石×10」をプレゼント！*
`聖晶石 X 10
`_2023-02-04 19:37:51_
--------
