【登录信息】
*66ae15b631839f8e837cb0e4b0599b89*
`登陆天数: 33天 / 945天
等级: 136
石头: 41
呼符: 0
体力: 1560.1166666666666 / 139
友情点: 0 / 656120`
*連続ログイン5日目
※ログインが途切れるか、7日到達すると
1日目から再開されます*
`叡智の業火 X 2
2月交換券(2023) X 1
`*2700万DL突破記念 特別連続ログインボーナス*
*開催期間中、1日1回 最大7回 連続ログインボーナスをプレゼント！*
`QP X 10000000
`_2023-02-15 19:38:00_
--------
*ac95c3e7a5e1685f4f63172cd680f7e6*
`登陆天数: 33天 / 151天
等级: 26
石头: 52
呼符: 10
体力: 47987.78666666667 / 51
友情点: 0 / 23450`
*連続ログイン5日目
※ログインが途切れるか、7日到達すると
1日目から再開されます*
`叡智の業火 X 2
2月交換券(2023) X 1
`*2700万DL突破記念 特別連続ログインボーナス*
*開催期間中、1日1回 最大7回 連続ログインボーナスをプレゼント！*
`QP X 10000000
`_2023-02-15 19:38:08_
--------
