【登录信息】
*66ae15b631839f8e837cb0e4b0599b89*
`登陆天数: 35天 / 947天
等级: 136
石头: 41
呼符: 0
体力: 2136.1033333333335 / 139
友情点: 0 / 656120`
*連続ログイン7日間到達おめでとうございます！
明日は1日目からリスタートされます。*
`獣の足跡 X 1
呼符 X 1
2月交換券(2023) X 1
`*2700万DL突破記念 特別連続ログインボーナス*
*開催期間中、1日1回 最大7回 連続ログインボーナスをプレゼント！*
`英霊結晶・星のフォウくん X 10
`_2023-02-17 19:37:56_
--------
*ac95c3e7a5e1685f4f63172cd680f7e6*
`登陆天数: 35天 / 153天
等级: 26
石头: 52
呼符: 10
体力: 48563.77333333333 / 51
友情点: 0 / 23450`
*連続ログイン7日間到達おめでとうございます！
明日は1日目からリスタートされます。*
`獣の足跡 X 1
呼符 X 1
2月交換券(2023) X 1
`*2700万DL突破記念 特別連続ログインボーナス*
*開催期間中、1日1回 最大7回 連続ログインボーナスをプレゼント！*
`英霊結晶・星のフォウくん X 10
`_2023-02-17 19:38:04_
--------
