【登录信息】
*66ae15b631839f8e837cb0e4b0599b89*
`登陆天数: 36天 / 948天
等级: 136
石头: 41
呼符: 0
体力: 2424.07 / 139
友情点: 0 / 656120`
*連続ログイン1日目
※ログインが途切れるか、7日到達すると
1日目から再開されます*
`フレンドポイント X 2000
2月交換券(2023) X 1
`*2700万DL突破記念 特別連続ログインボーナス*
*開催期間中、1日1回 最大7回 連続ログインボーナスをプレゼント！*
`英霊結晶・太陽のフォウくん X 10
`_2023-02-18 19:37:47_
--------
*ac95c3e7a5e1685f4f63172cd680f7e6*
`登陆天数: 36天 / 154天
等级: 26
石头: 52
呼符: 10
体力: 48851.74 / 51
友情点: 0 / 23450`
*連続ログイン1日目
※ログインが途切れるか、7日到達すると
1日目から再開されます*
`フレンドポイント X 2000
2月交換券(2023) X 1
`*2700万DL突破記念 特別連続ログインボーナス*
*開催期間中、1日1回 最大7回 連続ログインボーナスをプレゼント！*
`英霊結晶・太陽のフォウくん X 10
`_2023-02-18 19:37:55_
--------
