【登录信息】
*66ae15b631839f8e837cb0e4b0599b89*
`登陆天数: 37天 / 949天
等级: 136
石头: 41
呼符: 0
体力: 2712.0733333333333 / 139
友情点: 25 / 656145`
*連続ログイン2日目
※ログインが途切れるか、7日到達すると
1日目から再開されます*
`聖晶石 X 1
2月交換券(2023) X 1
`*2700万DL突破記念 特別連続ログインボーナス*
*開催期間中、1日1回 最大7回 連続ログインボーナスをプレゼント！*
`聖晶石 X 30
`_2023-02-19 19:37:47_
--------
*ac95c3e7a5e1685f4f63172cd680f7e6*
`登陆天数: 37天 / 155天
等级: 26
石头: 52
呼符: 10
体力: 49139.74333333333 / 51
友情点: 0 / 23450`
*連続ログイン2日目
※ログインが途切れるか、7日到達すると
1日目から再開されます*
`聖晶石 X 1
2月交換券(2023) X 1
`*2700万DL突破記念 特別連続ログインボーナス*
*開催期間中、1日1回 最大7回 連続ログインボーナスをプレゼント！*
`聖晶石 X 30
`_2023-02-19 19:37:56_
--------
