【登录信息】
*66ae15b631839f8e837cb0e4b0599b89*
`登陆天数: 127天 / 1342天
等级: 140
石头: 192
呼符: 2
体力: 2172.7166666666667 / 140
友情点: 25 / 2316410`
*連続ログイン1日目
※ログインが途切れるか、7日到達すると
1日目から再開されます*
`フレンドポイント X 2000
11月交換券(2024) X 1
`*秋の戦力増強キャンペーン特別ログインボーナス！*
*開催期間中、1日1回 最大7回 ログインボーナスをプレゼント！*
`英霊結晶・星のフォウくん X 5
`_2024-10-31 19:37:57_
--------
*ac95c3e7a5e1685f4f63172cd680f7e6*
`登陆天数: 127天 / 533天
等级: 26
石头: 52
呼符: 10
体力: 227699.78 / 51
友情点: 0 / 23450`
*連続ログイン1日目
※ログインが途切れるか、7日到達すると
1日目から再開されます*
`フレンドポイント X 2000
11月交換券(2024) X 1
`*秋の戦力増強キャンペーン特別ログインボーナス！*
*開催期間中、1日1回 最大7回 ログインボーナスをプレゼント！*
`英霊結晶・星のフォウくん X 5
`_2024-10-31 19:38:06_
--------
