【登录信息】
*66ae15b631839f8e837cb0e4b0599b89*
`登陆天数: 128天 / 1343天
等级: 140
石头: 192
呼符: 2
体力: 2460.57 / 140
友情点: 0 / 2316410`
*連続ログイン2日目
※ログインが途切れるか、7日到達すると
1日目から再開されます*
`聖晶石 X 1
11月交換券(2024) X 1
`*使用期限付コンティニューアイテムプレゼント！*
*開催期間中、初回ログインでコンティニューアイテム「霊脈石×3」をプレゼント！*
`霊脈石 X 3
`_2024-11-01 19:37:14_
--------
*ac95c3e7a5e1685f4f63172cd680f7e6*
`登陆天数: 128天 / 534天
等级: 26
石头: 52
呼符: 10
体力: 227987.63333333333 / 51
友情点: 0 / 23450`
*連続ログイン2日目
※ログインが途切れるか、7日到達すると
1日目から再開されます*
`聖晶石 X 1
11月交換券(2024) X 1
`*使用期限付コンティニューアイテムプレゼント！*
*開催期間中、初回ログインでコンティニューアイテム「霊脈石×3」をプレゼント！*
`霊脈石 X 3
`_2024-11-01 19:37:23_
--------
