【登录信息】
*66ae15b631839f8e837cb0e4b0599b89*
`登陆天数: 23天 / 786天
等级: 133
石头: 8
呼符: 0
体力: 240.52666666666667 / 139
友情点: 25 / 143370`
*連続ログイン2日目
※ログインが途切れるか、7日到達すると
1日目から再開されます*
`聖晶石 X 1
9月交換券(2022) X 1
`*2600万DL突破記念 特別連続ログインボーナス*
*開催期間中、1日1回 最大7回 連続ログインボーナスをプレゼント！*
`白銀の果実 X 10
`_2022-08-31 19:38:35_
--------
*ac95c3e7a5e1685f4f63172cd680f7e6*
`登陆天数: 3天 / 3天
等级: 14
石头: 34
呼符: 10
体力: 251.02333333333334 / 35
友情点: 0 / 13465`
*連続ログイン3日目
※ログインが途切れるか、7日到達すると
1日目から再開されます*
`叡智の業火 X 1
9月交換券(2022) X 1
`*2600万DL突破記念 特別連続ログインボーナス*
*開催期間中、1日1回 最大7回 連続ログインボーナスをプレゼント！*
`白銀の果実 X 10
`_2022-08-31 19:38:44_
--------
