【登录信息】
*66ae15b631839f8e837cb0e4b0599b89*
`登陆天数: 24天 / 787天
等级: 133
石头: 14
呼符: 0
体力: 528.53 / 139
友情点: 0 / 143370`
*連続ログイン3日目
※ログインが途切れるか、7日到達すると
1日目から再開されます*
`叡智の業火 X 1
9月交換券(2022) X 1
`*2600万DL突破記念 特別連続ログインボーナス*
*開催期間中、1日1回 最大7回 連続ログインボーナスをプレゼント！*
`黄金の果実 X 10
`_2022-09-01 19:38:36_
--------
*ac95c3e7a5e1685f4f63172cd680f7e6*
`登陆天数: 4天 / 4天
等级: 16
石头: 37
呼符: 10
体力: 168.13 / 39
友情点: 0 / 15715`
*連続ログイン4日目
※ログインが途切れるか、7日到達すると
1日目から再開されます*
`聖晶石 X 1
9月交換券(2022) X 1
`*2600万DL突破記念 特別連続ログインボーナス*
*開催期間中、1日1回 最大7回 連続ログインボーナスをプレゼント！*
`黄金の果実 X 10
`_2022-09-01 19:38:44_
--------
*fcd9ccfe9a80271df8dbb5dd8e627821*
`登陆天数: 9天 / 1045天
等级: 125
石头: 4065
呼符: 136
体力: 3898.06 / 137
友情点: 0 / 851505`
*連続ログイン2日目
※ログインが途切れるか、7日到達すると
1日目から再開されます*
`聖晶石 X 1
9月交換券(2022) X 1
`*2600万DL突破記念 特別連続ログインボーナス*
*開催期間中、1日1回 最大7回 連続ログインボーナスをプレゼント！*
`黄金の果実 X 10
`_2022-09-01 19:38:52_
--------
