【登录信息】
*66ae15b631839f8e837cb0e4b0599b89*
`登陆天数: 25天 / 788天
等级: 133
石头: 14
呼符: 0
体力: 229.14 / 139
友情点: 0 / 143520`
*連続ログイン4日目
※ログインが途切れるか、7日到達すると
1日目から再開されます*
`聖晶石 X 1
9月交換券(2022) X 1
`*2600万DL突破記念 特別連続ログインボーナス*
*開催期間中、1日1回 最大7回 連続ログインボーナスをプレゼント！*
`叡智の業火 X 10
`_2022-09-02 19:38:23_
--------
*ac95c3e7a5e1685f4f63172cd680f7e6*
`登陆天数: 5天 / 5天
等级: 26
石头: 52
呼符: 10
体力: 179.86 / 51
友情点: 0 / 23250`
*連続ログイン5日目
※ログインが途切れるか、7日到達すると
1日目から再開されます*
`叡智の業火 X 2
9月交換券(2022) X 1
`*2600万DL突破記念 特別連続ログインボーナス*
*開催期間中、1日1回 最大7回 連続ログインボーナスをプレゼント！*
`叡智の業火 X 10
`_2022-09-02 19:38:31_
--------
*fcd9ccfe9a80271df8dbb5dd8e627821*
`登陆天数: 10天 / 1046天
等级: 125
石头: 2943
呼符: 0
体力: 208.50666666666666 / 137
友情点: 0 / 852715`
*連続ログイン3日目
※ログインが途切れるか、7日到達すると
1日目から再開されます*
`叡智の業火 X 1
9月交換券(2022) X 1
`*2600万DL突破記念 特別連続ログインボーナス*
*開催期間中、1日1回 最大7回 連続ログインボーナスをプレゼント！*
`叡智の業火 X 10
`_2022-09-02 19:38:39_
--------
