【登录信息】
*66ae15b631839f8e837cb0e4b0599b89*
`登陆天数: 26天 / 789天
等级: 133
石头: 14
呼符: 0
体力: 517.1066666666667 / 139
友情点: 0 / 143520`
*連続ログイン5日目
※ログインが途切れるか、7日到達すると
1日目から再開されます*
`叡智の業火 X 2
9月交換券(2022) X 1
`*2600万DL突破記念 特別連続ログインボーナス*
*開催期間中、1日1回 最大7回 連続ログインボーナスをプレゼント！*
`QP X 10000000
`_2022-09-03 19:38:13_
--------
*ac95c3e7a5e1685f4f63172cd680f7e6*
`登陆天数: 6天 / 6天
等级: 26
石头: 52
呼符: 10
体力: 467.82666666666665 / 51
友情点: 0 / 23250`
*連続ログイン6日目
※ログインが途切れるか、7日到達すると
1日目から再開されます*
`聖晶石 X 2
9月交換券(2022) X 1
`*2600万DL突破記念 特別連続ログインボーナス*
*開催期間中、1日1回 最大7回 連続ログインボーナスをプレゼント！*
`QP X 10000000
`_2022-09-03 19:38:21_
--------
*fcd9ccfe9a80271df8dbb5dd8e627821*
`登陆天数: 11天 / 1047天
等级: 125
石头: 2943
呼符: 0
体力: 496.4766666666667 / 137
友情点: 0 / 852715`
*連続ログイン4日目
※ログインが途切れるか、7日到達すると
1日目から再開されます*
`聖晶石 X 1
9月交換券(2022) X 1
`*2600万DL突破記念 特別連続ログインボーナス*
*開催期間中、1日1回 最大7回 連続ログインボーナスをプレゼント！*
`QP X 10000000
`_2022-09-03 19:38:29_
--------
