【登录信息】
*66ae15b631839f8e837cb0e4b0599b89*
`登陆天数: 28天 / 791天
等级: 133
石头: 20
呼符: 10
体力: 248.63666666666666 / 139
友情点: 50 / 143845`
*連続ログイン7日間到達おめでとうございます！
明日は1日目からリスタートされます。*
`獣の足跡 X 1
呼符 X 1
9月交換券(2022) X 1
`*2600万DL突破記念 特別連続ログインボーナス*
*開催期間中、1日1回 最大7回 連続ログインボーナスをプレゼント！*
`英霊結晶・太陽のフォウくん X 10
`_2022-09-05 19:38:12_
--------
*ac95c3e7a5e1685f4f63172cd680f7e6*
`登陆天数: 8天 / 8天
等级: 26
石头: 52
呼符: 10
体力: 1043.8233333333333 / 51
友情点: 0 / 23450`
*連続ログイン1日目
※ログインが途切れるか、7日到達すると
1日目から再開されます*
`フレンドポイント X 2000
9月交換券(2022) X 1
`*2600万DL突破記念 特別連続ログインボーナス*
*開催期間中、1日1回 最大7回 連続ログインボーナスをプレゼント！*
`英霊結晶・太陽のフォウくん X 10
`_2022-09-05 19:38:20_
--------
*fcd9ccfe9a80271df8dbb5dd8e627821*
`登陆天数: 13天 / 1049天
等级: 125
石头: 2943
呼符: 0
体力: 1072.47 / 137
友情点: 0 / 852715`
*連続ログイン6日目
※ログインが途切れるか、7日到達すると
1日目から再開されます*
`聖晶石 X 2
9月交換券(2022) X 1
`*2600万DL突破記念 特別連続ログインボーナス*
*開催期間中、1日1回 最大7回 連続ログインボーナスをプレゼント！*
`英霊結晶・太陽のフォウくん X 10
`_2022-09-05 19:38:27_
--------
