【登录信息】
*66ae15b631839f8e837cb0e4b0599b89*
`登陆天数: 29天 / 792天
等级: 133
石头: 20
呼符: 10
体力: 106.46333333333334 / 139
友情点: 0 / 143995`
*連続ログイン1日目
※ログインが途切れるか、7日到達すると
1日目から再開されます*
`フレンドポイント X 2000
9月交換券(2022) X 1
`*2600万DL突破記念 特別連続ログインボーナス*
*開催期間中、1日1回 最大7回 連続ログインボーナスをプレゼント！*
`呼符 X 10
`_2022-09-06 19:38:28_
--------
*ac95c3e7a5e1685f4f63172cd680f7e6*
`登陆天数: 9天 / 9天
等级: 26
石头: 52
呼符: 10
体力: 1331.8766666666668 / 51
友情点: 0 / 23450`
*連続ログイン2日目
※ログインが途切れるか、7日到達すると
1日目から再開されます*
`聖晶石 X 1
9月交換券(2022) X 1
`*2600万DL突破記念 特別連続ログインボーナス*
*開催期間中、1日1回 最大7回 連続ログインボーナスをプレゼント！*
`呼符 X 10
`_2022-09-06 19:38:36_
--------
*fcd9ccfe9a80271df8dbb5dd8e627821*
`登陆天数: 14天 / 1050天
等级: 125
石头: 2943
呼符: 0
体力: 1360.5233333333333 / 137
友情点: 0 / 852715`
*連続ログイン7日間到達おめでとうございます！
明日は1日目からリスタートされます。*
`獣の足跡 X 1
呼符 X 1
9月交換券(2022) X 1
`*2600万DL突破記念 特別連続ログインボーナス*
*開催期間中、1日1回 最大7回 連続ログインボーナスをプレゼント！*
`呼符 X 10
`_2022-09-06 19:38:44_
--------
