【登录信息】
*66ae15b631839f8e837cb0e4b0599b89*
`登陆天数: 30天 / 793天
等级: 133
石头: 27
呼符: 0
体力: 226.29333333333335 / 139
友情点: 0 / 146020`
*連続ログイン2日目
※ログインが途切れるか、7日到達すると
1日目から再開されます*
`聖晶石 X 1
9月交換券(2022) X 1
`_2022-09-07 19:40:03_
--------
*ac95c3e7a5e1685f4f63172cd680f7e6*
`登陆天数: 10天 / 10天
等级: 26
石头: 52
呼符: 10
体力: 1620.1933333333334 / 51
友情点: 0 / 23450`
*連続ログイン3日目
※ログインが途切れるか、7日到達すると
1日目から再開されます*
`叡智の業火 X 1
9月交換券(2022) X 1
`*Road to 7 [Lostbelt No.4]開催！*
*Road to 7 [Lostbelt No.4]開催！*
``_2022-09-07 19:40:11_
--------
*fcd9ccfe9a80271df8dbb5dd8e627821*
`登陆天数: 15天 / 1051天
等级: 125
石头: 1152
呼符: 11
体力: 1648.84 / 137
友情点: 0 / 854715`
*連続ログイン1日目
※ログインが途切れるか、7日到達すると
1日目から再開されます*
`フレンドポイント X 2000
9月交換券(2022) X 1
`_2022-09-07 19:40:19_
--------
