【登录信息】
*66ae15b631839f8e837cb0e4b0599b89*
`登陆天数: 31天 / 794天
等级: 133
石头: 9
呼符: 0
体力: 168.18666666666667 / 139
友情点: 25 / 146970`
*連続ログイン3日目
※ログインが途切れるか、7日到達すると
1日目から再開されます*
`叡智の業火 X 1
9月交換券(2022) X 1
`_2022-09-08 19:40:31_
--------
*ac95c3e7a5e1685f4f63172cd680f7e6*
`登陆天数: 11天 / 11天
等级: 26
石头: 52
呼符: 10
体力: 1908.2866666666666 / 51
友情点: 0 / 23450`
*連続ログイン4日目
※ログインが途切れるか、7日到達すると
1日目から再開されます*
`聖晶石 X 1
9月交換券(2022) X 1
`_2022-09-08 19:40:39_
--------
*fcd9ccfe9a80271df8dbb5dd8e627821*
`登陆天数: 16天 / 1052天
等级: 125
石头: 1152
呼符: 11
体力: 1936.9333333333334 / 137
友情点: 0 / 854715`
*連続ログイン2日目
※ログインが途切れるか、7日到達すると
1日目から再開されます*
`聖晶石 X 1
9月交換券(2022) X 1
`_2022-09-08 19:40:47_
--------
