【登录信息】
*66ae15b631839f8e837cb0e4b0599b89*
`登陆天数: 37天 / 800天
等级: 133
石头: 35
呼符: 0
体力: 1738.3233333333333 / 139
友情点: 25 / 147320`
*連続ログイン2日目
※ログインが途切れるか、7日到達すると
1日目から再開されます*
`聖晶石 X 1
9月交換券(2022) X 1
`*FGO カルデア放送局 ライト版 ～ぐだぐだ新邪馬台国～
放送記念 初回ログインボーナス*
*開催期間中、初回ログインで「聖晶石×14」をプレゼント！*
`聖晶石 X 14
`_2022-09-14 19:40:52_
--------
*ac95c3e7a5e1685f4f63172cd680f7e6*
`登陆天数: 17天 / 17天
等级: 26
石头: 52
呼符: 10
体力: 3636.3566666666666 / 51
友情点: 0 / 23450`
*連続ログイン3日目
※ログインが途切れるか、7日到達すると
1日目から再開されます*
`叡智の業火 X 1
9月交換券(2022) X 1
`*FGO カルデア放送局 ライト版 ～ぐだぐだ新邪馬台国～
放送記念 初回ログインボーナス*
*開催期間中、初回ログインで「聖晶石×14」をプレゼント！*
`聖晶石 X 14
`_2022-09-14 19:41:00_
--------
*fcd9ccfe9a80271df8dbb5dd8e627821*
`登陆天数: 22天 / 1058天
等级: 125
石头: 1152
呼符: 11
体力: 3665.0033333333336 / 137
友情点: 0 / 854715`
*連続ログイン1日目
※ログインが途切れるか、7日到達すると
1日目から再開されます*
`フレンドポイント X 2000
9月交換券(2022) X 1
`*FGO カルデア放送局 ライト版 ～ぐだぐだ新邪馬台国～
放送記念 初回ログインボーナス*
*開催期間中、初回ログインで「聖晶石×14」をプレゼント！*
`聖晶石 X 14
`_2022-09-14 19:41:08_
--------
