【登录信息】
*66ae15b631839f8e837cb0e4b0599b89*
`登陆天数: 38天 / 801天
等级: 133
石头: 35
呼符: 0
体力: 2026.2566666666667 / 139
友情点: 0 / 147320`
*連続ログイン3日目
※ログインが途切れるか、7日到達すると
1日目から再開されます*
`叡智の業火 X 1
9月交換券(2022) X 1
`_2022-09-15 19:40:32_
--------
*ac95c3e7a5e1685f4f63172cd680f7e6*
`登陆天数: 18天 / 18天
等级: 26
石头: 52
呼符: 10
体力: 3924.29 / 51
友情点: 0 / 23450`
*連続ログイン4日目
※ログインが途切れるか、7日到達すると
1日目から再開されます*
`聖晶石 X 1
9月交換券(2022) X 1
`_2022-09-15 19:40:40_
--------
*fcd9ccfe9a80271df8dbb5dd8e627821*
`登陆天数: 23天 / 1059天
等级: 125
石头: 1152
呼符: 11
体力: 3952.9366666666665 / 137
友情点: 0 / 854715`
*連続ログイン2日目
※ログインが途切れるか、7日到達すると
1日目から再開されます*
`聖晶石 X 1
9月交換券(2022) X 1
`_2022-09-15 19:40:48_
--------
