【登录信息】
*66ae15b631839f8e837cb0e4b0599b89*
`登陆天数: 39天 / 802天
等级: 133
石头: 87
呼符: 1
体力: 2314.3 / 139
友情点: 0 / 149355`
*連続ログイン4日目
※ログインが途切れるか、7日到達すると
1日目から再開されます*
`聖晶石 X 1
9月交換券(2022) X 1
`_2022-09-16 19:40:45_
--------
*ac95c3e7a5e1685f4f63172cd680f7e6*
`登陆天数: 19天 / 19天
等级: 26
石头: 52
呼符: 10
体力: 4212.333333333333 / 51
友情点: 0 / 23450`
*連続ログイン5日目
※ログインが途切れるか、7日到達すると
1日目から再開されます*
`叡智の業火 X 2
9月交換券(2022) X 1
`_2022-09-16 19:40:53_
--------
*fcd9ccfe9a80271df8dbb5dd8e627821*
`登陆天数: 24天 / 1060天
等级: 125
石头: 1152
呼符: 11
体力: 4240.983333333334 / 137
友情点: 0 / 854715`
*連続ログイン3日目
※ログインが途切れるか、7日到達すると
1日目から再開されます*
`叡智の業火 X 1
9月交換券(2022) X 1
`_2022-09-16 19:41:01_
--------
