【登录信息】
*66ae15b631839f8e837cb0e4b0599b89*
`登陆天数: 40天 / 803天
等级: 133
石头: 87
呼符: 1
体力: 2602.02 / 139
友情点: 0 / 149355`
*連続ログイン5日目
※ログインが途切れるか、7日到達すると
1日目から再開されます*
`叡智の業火 X 2
9月交換券(2022) X 1
`*京都国際マンガ・アニメフェア2022
出展記念 初回ログインボーナス*
*開催期間中、初回ログインで「聖晶石×10」をプレゼント！*
`聖晶石 X 10
`_2022-09-17 19:39:21_
--------
*ac95c3e7a5e1685f4f63172cd680f7e6*
`登陆天数: 20天 / 20天
等级: 26
石头: 52
呼符: 10
体力: 4500.056666666666 / 51
友情点: 0 / 23450`
*連続ログイン6日目
※ログインが途切れるか、7日到達すると
1日目から再開されます*
`聖晶石 X 2
9月交換券(2022) X 1
`*京都国際マンガ・アニメフェア2022
出展記念 初回ログインボーナス*
*開催期間中、初回ログインで「聖晶石×10」をプレゼント！*
`聖晶石 X 10
`_2022-09-17 19:39:30_
--------
*fcd9ccfe9a80271df8dbb5dd8e627821*
`登陆天数: 25天 / 1061天
等级: 125
石头: 1152
呼符: 11
体力: 4528.703333333333 / 137
友情点: 0 / 854715`
*連続ログイン4日目
※ログインが途切れるか、7日到達すると
1日目から再開されます*
`聖晶石 X 1
9月交換券(2022) X 1
`*京都国際マンガ・アニメフェア2022
出展記念 初回ログインボーナス*
*開催期間中、初回ログインで「聖晶石×10」をプレゼント！*
`聖晶石 X 10
`_2022-09-17 19:39:38_
--------
