【登录信息】
*66ae15b631839f8e837cb0e4b0599b89*
`登陆天数: 42天 / 805天
等级: 133
石头: 87
呼符: 1
体力: 3178.38 / 139
友情点: 0 / 149355`
*連続ログイン7日間到達おめでとうございます！
明日は1日目からリスタートされます。*
`獣の足跡 X 1
呼符 X 1
9月交換券(2022) X 1
`_2022-09-19 19:41:09_
--------
*ac95c3e7a5e1685f4f63172cd680f7e6*
`登陆天数: 22天 / 22天
等级: 26
石头: 52
呼符: 10
体力: 5076.416666666667 / 51
友情点: 0 / 23450`
*連続ログイン1日目
※ログインが途切れるか、7日到達すると
1日目から再開されます*
`フレンドポイント X 2000
9月交換券(2022) X 1
`_2022-09-19 19:41:18_
--------
*fcd9ccfe9a80271df8dbb5dd8e627821*
`登陆天数: 27天 / 1063天
等级: 125
石头: 1152
呼符: 11
体力: 5105.06 / 137
友情点: 0 / 854715`
*連続ログイン6日目
※ログインが途切れるか、7日到達すると
1日目から再開されます*
`聖晶石 X 2
9月交換券(2022) X 1
`_2022-09-19 19:41:25_
--------
