【登录信息】
*66ae15b631839f8e837cb0e4b0599b89*
`登陆天数: 44天 / 807天
等级: 133
石头: 87
呼符: 1
体力: 3754.52 / 139
友情点: 0 / 149380`
*連続ログイン2日目
※ログインが途切れるか、7日到達すると
1日目から再開されます*
`聖晶石 X 1
9月交換券(2022) X 1
`_2022-09-21 19:41:51_
--------
*ac95c3e7a5e1685f4f63172cd680f7e6*
`登陆天数: 24天 / 24天
等级: 26
石头: 52
呼符: 10
体力: 5652.556666666666 / 51
友情点: 0 / 23450`
*連続ログイン3日目
※ログインが途切れるか、7日到達すると
1日目から再開されます*
`叡智の業火 X 1
9月交換券(2022) X 1
`_2022-09-21 19:42:00_
--------
*fcd9ccfe9a80271df8dbb5dd8e627821*
`登陆天数: 29天 / 1065天
等级: 125
石头: 1152
呼符: 11
体力: 5681.2 / 137
友情点: 0 / 854715`
*連続ログイン1日目
※ログインが途切れるか、7日到達すると
1日目から再開されます*
`フレンドポイント X 2000
9月交換券(2022) X 1
`_2022-09-21 19:42:07_
--------
