【登录信息】
*66ae15b631839f8e837cb0e4b0599b89*
`登陆天数: 46天 / 809天
等级: 134
石头: 1
呼符: 0
体力: 90.88666666666666 / 139
友情点: 0 / 154580`
*連続ログイン4日目
※ログインが途切れるか、7日到達すると
1日目から再開されます*
`聖晶石 X 1
9月交換券(2022) X 1
`_2022-09-23 19:41:21_
--------
*ac95c3e7a5e1685f4f63172cd680f7e6*
`登陆天数: 26天 / 26天
等级: 26
石头: 52
呼符: 10
体力: 6228.456666666667 / 51
友情点: 0 / 23450`
*連続ログイン5日目
※ログインが途切れるか、7日到達すると
1日目から再開されます*
`叡智の業火 X 2
9月交換券(2022) X 1
`_2022-09-23 19:41:30_
--------
*fcd9ccfe9a80271df8dbb5dd8e627821*
`登陆天数: 31天 / 1067天
等级: 125
石头: 1152
呼符: 11
体力: 6257.1033333333335 / 137
友情点: 0 / 854715`
*連続ログイン3日目
※ログインが途切れるか、7日到達すると
1日目から再開されます*
`叡智の業火 X 1
9月交換券(2022) X 1
`_2022-09-23 19:41:38_
--------
