【登录信息】
*66ae15b631839f8e837cb0e4b0599b89*
`登陆天数: 49天 / 812天
等级: 134
石头: 6
呼符: 0
体力: 135.51 / 139
友情点: 0 / 155275`
*連続ログイン7日間到達おめでとうございます！
明日は1日目からリスタートされます。*
`獣の足跡 X 1
呼符 X 1
9月交換券(2022) X 1
`_2022-09-26 19:41:27_
--------
*ac95c3e7a5e1685f4f63172cd680f7e6*
`登陆天数: 29天 / 29天
等级: 26
石头: 52
呼符: 10
体力: 7092.473333333333 / 51
友情点: 0 / 23450`
*連続ログイン1日目
※ログインが途切れるか、7日到達すると
1日目から再開されます*
`フレンドポイント X 2000
9月交換券(2022) X 1
`_2022-09-26 19:41:35_
--------
*fcd9ccfe9a80271df8dbb5dd8e627821*
`登陆天数: 34天 / 1070天
等级: 125
石头: 1152
呼符: 11
体力: 7121.123333333333 / 137
友情点: 0 / 854715`
*連続ログイン6日目
※ログインが途切れるか、7日到達すると
1日目から再開されます*
`聖晶石 X 2
9月交換券(2022) X 1
`_2022-09-26 19:41:43_
--------
