【登录信息】
*66ae15b631839f8e837cb0e4b0599b89*
`登陆天数: 51天 / 814天
等级: 134
石头: 6
呼符: 1
体力: 233.50666666666666 / 139
友情点: 0 / 157500`
*連続ログイン2日目
※ログインが途切れるか、7日到達すると
1日目から再開されます*
`聖晶石 X 1
9月交換券(2022) X 1
`*Road to 7 [Lostbelt No.5 アトランティス]開催！*
*Road to 7 [Lostbelt No.5 アトランティス]開催！*
``_2022-09-28 19:43:15_
--------
*ac95c3e7a5e1685f4f63172cd680f7e6*
`登陆天数: 31天 / 31天
等级: 26
石头: 52
呼符: 10
体力: 7668.836666666667 / 51
友情点: 0 / 23450`
*連続ログイン3日目
※ログインが途切れるか、7日到達すると
1日目から再開されます*
`叡智の業火 X 1
9月交換券(2022) X 1
`*Road to 7 [Lostbelt No.5 アトランティス]開催！*
*Road to 7 [Lostbelt No.5 アトランティス]開催！*
``_2022-09-28 19:43:23_
--------
*fcd9ccfe9a80271df8dbb5dd8e627821*
`登陆天数: 36天 / 1072天
等级: 125
石头: 1152
呼符: 11
体力: 7697.483333333334 / 137
友情点: 0 / 854715`
*連続ログイン1日目
※ログインが途切れるか、7日到達すると
1日目から再開されます*
`フレンドポイント X 2000
9月交換券(2022) X 1
`*Road to 7 [Lostbelt No.5 アトランティス]開催！*
*Road to 7 [Lostbelt No.5 アトランティス]開催！*
``_2022-09-28 19:43:31_
--------
