【登录信息】
*66ae15b631839f8e837cb0e4b0599b89*
`登陆天数: 5天 / 1220天
等级: 139
石头: 23
呼符: 0
体力: 91488.43666666666 / 140
友情点: 0 / 2029940`
*連続ログイン5日目
※ログインが途切れるか、7日到達すると
1日目から再開されます*
`叡智の業火 X 2
7月交換券(2024) X 1
`*踊るドラゴン・キャッスル！ ～深海の姫君とふたつの宝玉～ 開幕記念 ログインボーナス*
*開催期間中、1日1回 最大21回 ログインボーナスをプレゼント！*
`白銀の果実 X 1
`_2024-07-01 19:37:03_
--------
*ac95c3e7a5e1685f4f63172cd680f7e6*
`登陆天数: 5天 / 411天
等级: 26
石头: 52
呼符: 10
体力: 192563.59333333332 / 51
友情点: 0 / 23450`
*連続ログイン5日目
※ログインが途切れるか、7日到達すると
1日目から再開されます*
`叡智の業火 X 2
7月交換券(2024) X 1
`*踊るドラゴン・キャッスル！ ～深海の姫君とふたつの宝玉～ 開幕記念 ログインボーナス*
*開催期間中、1日1回 最大21回 ログインボーナスをプレゼント！*
`白銀の果実 X 1
`_2024-07-01 19:37:11_
--------
