【登录信息】
*66ae15b631839f8e837cb0e4b0599b89*
`登陆天数: 14天 / 1229天
等级: 139
石头: 23
呼符: 0
体力: 94080.25666666667 / 140
友情点: 0 / 2029940`
*連続ログイン7日間到達おめでとうございます！
明日は1日目からリスタートされます。*
`獣の足跡 X 1
呼符 X 1
7月交換券(2024) X 1
`*「水着イベント2024」参加条件クリア応援キャンペーン 第2弾
特別ログインボーナス*
*開催期間中、1日1回 最大7回 ログインボーナスをプレゼント！*
`黄金の果実 X 1
`_2024-07-10 19:36:09_
--------
*ac95c3e7a5e1685f4f63172cd680f7e6*
`登陆天数: 14天 / 420天
等级: 26
石头: 52
呼符: 10
体力: 195155.41666666666 / 51
友情点: 0 / 23450`
*連続ログイン7日間到達おめでとうございます！
明日は1日目からリスタートされます。*
`獣の足跡 X 1
呼符 X 1
7月交換券(2024) X 1
`*「水着イベント2024」参加条件クリア応援キャンペーン 第2弾
特別ログインボーナス*
*開催期間中、1日1回 最大7回 ログインボーナスをプレゼント！*
`黄金の果実 X 1
`_2024-07-10 19:36:18_
--------
