【登录信息】
*66ae15b631839f8e837cb0e4b0599b89*
`登陆天数: 18天 / 1233天
等级: 139
石头: 23
呼符: 0
体力: 95232.20666666667 / 140
友情点: 0 / 2029950`
*連続ログイン4日目
※ログインが途切れるか、7日到達すると
1日目から再開されます*
`聖晶石 X 1
7月交換券(2024) X 1
`*「水着イベント2024」参加条件クリア応援キャンペーン 第2弾
特別ログインボーナス*
*開催期間中、1日1回 最大7回 ログインボーナスをプレゼント！*
`英霊結晶・星のフォウくん X 10
`_2024-07-14 19:35:54_
--------
*ac95c3e7a5e1685f4f63172cd680f7e6*
`登陆天数: 18天 / 424天
等级: 26
石头: 52
呼符: 10
体力: 196307.37 / 51
友情点: 0 / 23450`
*連続ログイン4日目
※ログインが途切れるか、7日到達すると
1日目から再開されます*
`聖晶石 X 1
7月交換券(2024) X 1
`*「水着イベント2024」参加条件クリア応援キャンペーン 第2弾
特別ログインボーナス*
*開催期間中、1日1回 最大7回 ログインボーナスをプレゼント！*
`英霊結晶・星のフォウくん X 10
`_2024-07-14 19:36:03_
--------
