【登录信息】
*66ae15b631839f8e837cb0e4b0599b89*
`登陆天数: 21天 / 1236天
等级: 139
石头: 23
呼符: 0
体力: 96096.35666666667 / 140
友情点: 0 / 2029950`
*連続ログイン7日間到達おめでとうございます！
明日は1日目からリスタートされます。*
`獣の足跡 X 1
呼符 X 1
7月交換券(2024) X 1
`*使用期限付コンティニューアイテムプレゼント！*
*開催期間中、1日1回 最大7回 コンティニューアイテム「霊脈石」をプレゼント！*
`霊脈石 X 1
`_2024-07-17 19:36:39_
--------
*ac95c3e7a5e1685f4f63172cd680f7e6*
`登陆天数: 21天 / 427天
等级: 26
石头: 52
呼符: 10
体力: 197171.51666666666 / 51
友情点: 0 / 23450`
*連続ログイン7日間到達おめでとうございます！
明日は1日目からリスタートされます。*
`獣の足跡 X 1
呼符 X 1
7月交換券(2024) X 1
`*使用期限付コンティニューアイテムプレゼント！*
*開催期間中、1日1回 最大7回 コンティニューアイテム「霊脈石」をプレゼント！*
`霊脈石 X 1
`_2024-07-17 19:36:48_
--------
