【登录信息】
*66ae15b631839f8e837cb0e4b0599b89*
`登陆天数: 29天 / 1244天
等级: 139
石头: 23
呼符: 0
体力: 98400.29333333333 / 140
友情点: 0 / 2029950`
*連続ログイン1日目
※ログインが途切れるか、7日到達すると
1日目から再開されます*
`フレンドポイント X 2000
7月交換券(2024) X 1
`*ハンティングクエスト 第14弾
特別ログインボーナス*
*開催期間中、1日1回 最大7回 ログインボーナスをプレゼント！*
`黄金の果実 X 1
`_2024-07-25 19:36:20_
--------
*ac95c3e7a5e1685f4f63172cd680f7e6*
`登陆天数: 29天 / 435天
等级: 26
石头: 52
呼符: 10
体力: 199475.45333333334 / 51
友情点: 0 / 23450`
*連続ログイン1日目
※ログインが途切れるか、7日到達すると
1日目から再開されます*
`フレンドポイント X 2000
7月交換券(2024) X 1
`*ハンティングクエスト 第14弾
特別ログインボーナス*
*開催期間中、1日1回 最大7回 ログインボーナスをプレゼント！*
`黄金の果実 X 1
`_2024-07-25 19:36:29_
--------
