【登录信息】
*66ae15b631839f8e837cb0e4b0599b89*
`登陆天数: 31天 / 1246天
等级: 139
石头: 23
呼符: 0
体力: 98976.64666666667 / 140
友情点: 25 / 2029975`
*連続ログイン3日目
※ログインが途切れるか、7日到達すると
1日目から再開されます*
`叡智の業火 X 1
7月交換券(2024) X 1
`*「FGO Expo ～Fate/Grand Order Fes. 2024 9th Anniversary～」 開催直前カウントダウン ログインボーナス*
*開催期間中、1日1回 9日間日替りでログインボーナスをプレゼント！*
`QP X 2000000
`_2024-07-27 19:38:06_
--------
*ac95c3e7a5e1685f4f63172cd680f7e6*
`登陆天数: 31天 / 437天
等级: 26
石头: 52
呼符: 10
体力: 200051.80666666667 / 51
友情点: 0 / 23450`
*連続ログイン3日目
※ログインが途切れるか、7日到達すると
1日目から再開されます*
`叡智の業火 X 1
7月交換券(2024) X 1
`*「FGO Expo ～Fate/Grand Order Fes. 2024 9th Anniversary～」 開催直前カウントダウン ログインボーナス*
*開催期間中、1日1回 9日間日替りでログインボーナスをプレゼント！*
`QP X 2000000
`_2024-07-27 19:38:15_
--------
