【登录信息】
*66ae15b631839f8e837cb0e4b0599b89*
`登陆天数: 33天 / 1248天
等级: 139
石头: 23
呼符: 0
体力: 99552.46333333333 / 140
友情点: 0 / 2030000`
*連続ログイン5日目
※ログインが途切れるか、7日到達すると
1日目から再開されます*
`叡智の業火 X 2
7月交換券(2024) X 1
`*「FGO Expo ～Fate/Grand Order Fes. 2024 9th Anniversary～」 開催直前カウントダウン ログインボーナス*
*開催期間中、1日1回 9日間日替りでログインボーナスをプレゼント！*
`叡智の業火 X 10
`_2024-07-29 19:37:11_
--------
*ac95c3e7a5e1685f4f63172cd680f7e6*
`登陆天数: 33天 / 439天
等级: 26
石头: 52
呼符: 10
体力: 200627.62333333332 / 51
友情点: 0 / 23450`
*連続ログイン5日目
※ログインが途切れるか、7日到達すると
1日目から再開されます*
`叡智の業火 X 2
7月交換券(2024) X 1
`*「FGO Expo ～Fate/Grand Order Fes. 2024 9th Anniversary～」 開催直前カウントダウン ログインボーナス*
*開催期間中、1日1回 9日間日替りでログインボーナスをプレゼント！*
`叡智の業火 X 10
`_2024-07-29 19:37:20_
--------
