【登录信息】
*66ae15b631839f8e837cb0e4b0599b89*
`登陆天数: 34天 / 1249天
等级: 139
石头: 23
呼符: 0
体力: 99840.38 / 140
友情点: 0 / 2030000`
*連続ログイン6日目
※ログインが途切れるか、7日到達すると
1日目から再開されます*
`聖晶石 X 2
7月交換券(2024) X 1
`*「FGO Expo ～Fate/Grand Order Fes. 2024 9th Anniversary～」 開催直前カウントダウン ログインボーナス*
*開催期間中、1日1回 9日間日替りでログインボーナスをプレゼント！*
`QP X 3000000
`_2024-07-30 19:36:46_
--------
*ac95c3e7a5e1685f4f63172cd680f7e6*
`登陆天数: 34天 / 440天
等级: 26
石头: 52
呼符: 10
体力: 200915.53666666665 / 51
友情点: 0 / 23450`
*連続ログイン6日目
※ログインが途切れるか、7日到達すると
1日目から再開されます*
`聖晶石 X 2
7月交換券(2024) X 1
`*「FGO Expo ～Fate/Grand Order Fes. 2024 9th Anniversary～」 開催直前カウントダウン ログインボーナス*
*開催期間中、1日1回 9日間日替りでログインボーナスをプレゼント！*
`QP X 3000000
`_2024-07-30 19:36:54_
--------
