【登录信息】
*66ae15b631839f8e837cb0e4b0599b89*
`登陆天数: 51天 / 1040天
等级: 139
石头: 12
呼符: 1
体力: 1347.07 / 140
友情点: 0 / 1860455`
*連続ログイン2日目
※ログインが途切れるか、7日到達すると
1日目から再開されます*
`聖晶石 X 1
7月交換券(2023) X 1
`*TVスペシャルアニメ「Fate/strange Fake -Whispers of Dawn-」放送記念
特別ログインボーナス*
*開催期間中、1日1回 最大3回 ログインボーナスをプレゼント！*
`QP X 5000000
`_2023-07-01 19:36:45_
--------
*ac95c3e7a5e1685f4f63172cd680f7e6*
`登陆天数: 51天 / 231天
等级: 26
石头: 52
呼符: 10
体力: 87155.54 / 51
友情点: 0 / 23450`
*連続ログイン2日目
※ログインが途切れるか、7日到達すると
1日目から再開されます*
`聖晶石 X 1
7月交換券(2023) X 1
`*TVスペシャルアニメ「Fate/strange Fake -Whispers of Dawn-」放送記念
特別ログインボーナス*
*開催期間中、1日1回 最大3回 ログインボーナスをプレゼント！*
`QP X 5000000
`_2023-07-01 19:36:54_
--------
