【登录信息】
*66ae15b631839f8e837cb0e4b0599b89*
`登陆天数: 56天 / 1045天
等级: 139
石头: 13
呼符: 1
体力: 542.8266666666666 / 140
友情点: 50 / 1862775`
*連続ログイン7日間到達おめでとうございます！
明日は1日目からリスタートされます。*
`獣の足跡 X 1
呼符 X 1
7月交換券(2023) X 1
`*リリース2900日突破キャンペーン 初回ログインボーナス*
*開催期間中、初回ログインで「聖晶石×10」をプレゼント！*
`聖晶石 X 10
`_2023-07-06 19:36:54_
--------
*ac95c3e7a5e1685f4f63172cd680f7e6*
`登陆天数: 56天 / 236天
等级: 26
石头: 52
呼符: 10
体力: 88595.56333333334 / 51
友情点: 0 / 23450`
*連続ログイン7日間到達おめでとうございます！
明日は1日目からリスタートされます。*
`獣の足跡 X 1
呼符 X 1
7月交換券(2023) X 1
`*リリース2900日突破キャンペーン 初回ログインボーナス*
*開催期間中、初回ログインで「聖晶石×10」をプレゼント！*
`聖晶石 X 10
`_2023-07-06 19:37:02_
--------
