【登录信息】
*66ae15b631839f8e837cb0e4b0599b89*
`登陆天数: 1天 / 1049天
等级: 139
石头: 13
呼符: 1
体力: 1982.8066666666666 / 140
友情点: 0 / 1862775`
*連続ログイン1日目
※ログインが途切れるか、7日到達すると
1日目から再開されます*
`フレンドポイント X 2000
7月交換券(2023) X 1
`*日替りログインボーナス*
*開催期間中、1日1回 2週間日替りでログインボーナスをプレゼント！*
`巡霊の葉 X 30
`_2023-07-11 19:36:47_
--------
*ac95c3e7a5e1685f4f63172cd680f7e6*
`登陆天数: 1天 / 240天
等级: 26
石头: 52
呼符: 10
体力: 90035.54666666666 / 51
友情点: 0 / 23450`
*連続ログイン1日目
※ログインが途切れるか、7日到達すると
1日目から再開されます*
`フレンドポイント X 2000
7月交換券(2023) X 1
`*日替りログインボーナス*
*開催期間中、1日1回 2週間日替りでログインボーナスをプレゼント！*
`巡霊の葉 X 30
`_2023-07-11 19:36:56_
--------
