【登录信息】
*66ae15b631839f8e837cb0e4b0599b89*
`登陆天数: 3天 / 1051天
等级: 139
石头: 13
呼符: 1
体力: 2558.8333333333335 / 140
友情点: 0 / 1862775`
*連続ログイン3日目
※ログインが途切れるか、7日到達すると
1日目から再開されます*
`叡智の業火 X 1
7月交換券(2023) X 1
`*日替りログインボーナス*
*開催期間中、1日1回 2週間日替りでログインボーナスをプレゼント！*
`巡霊の葉 X 30
`_2023-07-13 19:36:56_
--------
*ac95c3e7a5e1685f4f63172cd680f7e6*
`登陆天数: 3天 / 242天
等级: 26
石头: 52
呼符: 10
体力: 90611.57 / 51
友情点: 0 / 23450`
*連続ログイン3日目
※ログインが途切れるか、7日到達すると
1日目から再開されます*
`叡智の業火 X 1
7月交換券(2023) X 1
`*日替りログインボーナス*
*開催期間中、1日1回 2週間日替りでログインボーナスをプレゼント！*
`巡霊の葉 X 30
`_2023-07-13 19:37:04_
--------
