【登录信息】
*66ae15b631839f8e837cb0e4b0599b89*
`登陆天数: 7天 / 1055天
等级: 139
石头: 13
呼符: 1
体力: 3710.826666666667 / 140
友情点: 30 / 1862875`
*連続ログイン7日間到達おめでとうございます！
明日は1日目からリスタートされます。*
`獣の足跡 X 1
呼符 X 1
7月交換券(2023) X 1
`*ミスティックアイズ・シンフォニー開幕記念 ログインボーナス*
*開催期間中、1日1回 最大21回ログインボーナスをプレゼント！*
`白銀の果実 X 1
`_2023-07-17 19:36:54_
--------
*ac95c3e7a5e1685f4f63172cd680f7e6*
`登陆天数: 7天 / 246天
等级: 26
石头: 52
呼符: 10
体力: 91763.56666666667 / 51
友情点: 0 / 23450`
*連続ログイン7日間到達おめでとうございます！
明日は1日目からリスタートされます。*
`獣の足跡 X 1
呼符 X 1
7月交換券(2023) X 1
`*ミスティックアイズ・シンフォニー開幕記念 ログインボーナス*
*開催期間中、1日1回 最大21回ログインボーナスをプレゼント！*
`白銀の果実 X 1
`_2023-07-17 19:37:02_
--------
