【登录信息】
*66ae15b631839f8e837cb0e4b0599b89*
`登陆天数: 8天 / 1056天
等级: 139
石头: 13
呼符: 1
体力: 3998.8033333333333 / 140
友情点: 20 / 1862895`
*連続ログイン1日目
※ログインが途切れるか、7日到達すると
1日目から再開されます*
`フレンドポイント X 2000
7月交換券(2023) X 1
`*ミスティックアイズ・シンフォニー開幕記念 ログインボーナス*
*開催期間中、1日1回 最大21回ログインボーナスをプレゼント！*
`白銀の果実 X 1
`_2023-07-18 19:36:46_
--------
*ac95c3e7a5e1685f4f63172cd680f7e6*
`登陆天数: 8天 / 247天
等级: 26
石头: 52
呼符: 10
体力: 92051.54 / 51
友情点: 0 / 23450`
*連続ログイン1日目
※ログインが途切れるか、7日到達すると
1日目から再開されます*
`フレンドポイント X 2000
7月交換券(2023) X 1
`*ミスティックアイズ・シンフォニー開幕記念 ログインボーナス*
*開催期間中、1日1回 最大21回ログインボーナスをプレゼント！*
`白銀の果実 X 1
`_2023-07-18 19:36:55_
--------
