【登录信息】
*66ae15b631839f8e837cb0e4b0599b89*
`登陆天数: 9天 / 1057天
等级: 139
石头: 13
呼符: 1
体力: 4286.816666666667 / 140
友情点: 10 / 1862905`
*連続ログイン2日目
※ログインが途切れるか、7日到達すると
1日目から再開されます*
`聖晶石 X 1
7月交換券(2023) X 1
`*ミスティックアイズ・シンフォニー開幕記念 ログインボーナス*
*開催期間中、1日1回 最大21回ログインボーナスをプレゼント！*
`黄金の果実 X 1
`_2023-07-19 19:36:51_
--------
*ac95c3e7a5e1685f4f63172cd680f7e6*
`登陆天数: 9天 / 248天
等级: 26
石头: 52
呼符: 10
体力: 92339.55666666667 / 51
友情点: 0 / 23450`
*連続ログイン2日目
※ログインが途切れるか、7日到達すると
1日目から再開されます*
`聖晶石 X 1
7月交換券(2023) X 1
`*ミスティックアイズ・シンフォニー開幕記念 ログインボーナス*
*開催期間中、1日1回 最大21回ログインボーナスをプレゼント！*
`黄金の果実 X 1
`_2023-07-19 19:36:59_
--------
