【登录信息】
*66ae15b631839f8e837cb0e4b0599b89*
`登陆天数: 13天 / 1061天
等级: 139
石头: 24
呼符: 0
体力: 5438.85 / 140
友情点: 0 / 1866975`
*連続ログイン6日目
※ログインが途切れるか、7日到達すると
1日目から再開されます*
`聖晶石 X 2
7月交換券(2023) X 1
`*「Fate/Grand Order Fes. 2023 夏祭り ～8th Anniversary～」開催直前カウントダウンログインボーナス*
*開催期間中、1日1回 8日間日替りでログインボーナスをプレゼント！*
`叡智の業火 X 10
`_2023-07-23 19:37:01_
--------
*ac95c3e7a5e1685f4f63172cd680f7e6*
`登陆天数: 13天 / 252天
等级: 26
石头: 52
呼符: 10
体力: 93491.59 / 51
友情点: 0 / 23450`
*連続ログイン6日目
※ログインが途切れるか、7日到達すると
1日目から再開されます*
`聖晶石 X 2
7月交換券(2023) X 1
`*「Fate/Grand Order Fes. 2023 夏祭り ～8th Anniversary～」開催直前カウントダウンログインボーナス*
*開催期間中、1日1回 8日間日替りでログインボーナスをプレゼント！*
`叡智の業火 X 10
`_2023-07-23 19:37:09_
--------
