【登录信息】
*66ae15b631839f8e837cb0e4b0599b89*
`登陆天数: 16天 / 1064天
等级: 139
石头: 24
呼符: 0
体力: 6302.8 / 140
友情点: 40 / 1867015`
*連続ログイン2日目
※ログインが途切れるか、7日到達すると
1日目から再開されます*
`聖晶石 X 1
7月交換券(2023) X 1
`*「Fate/Grand Order Fes. 2023 夏祭り ～8th Anniversary～」開催直前カウントダウンログインボーナス*
*開催期間中、1日1回 8日間日替りでログインボーナスをプレゼント！*
`QP X 3000000
`_2023-07-26 19:36:46_
--------
*ac95c3e7a5e1685f4f63172cd680f7e6*
`登陆天数: 16天 / 255天
等级: 26
石头: 52
呼符: 10
体力: 94355.54 / 51
友情点: 0 / 23450`
*連続ログイン2日目
※ログインが途切れるか、7日到達すると
1日目から再開されます*
`聖晶石 X 1
7月交換券(2023) X 1
`*「Fate/Grand Order Fes. 2023 夏祭り ～8th Anniversary～」開催直前カウントダウンログインボーナス*
*開催期間中、1日1回 8日間日替りでログインボーナスをプレゼント！*
`QP X 3000000
`_2023-07-26 19:36:55_
--------
