【登录信息】
*66ae15b631839f8e837cb0e4b0599b89*
`登陆天数: 18天 / 1066天
等级: 139
石头: 24
呼符: 0
体力: 6878.8133333333335 / 140
友情点: 120 / 1867135`
*連続ログイン4日目
※ログインが途切れるか、7日到達すると
1日目から再開されます*
`聖晶石 X 1
7月交換券(2023) X 1
`*「Fate/Grand Order Fes. 2023 夏祭り ～8th Anniversary～」開催直前カウントダウンログインボーナス*
*開催期間中、1日1回 8日間日替りでログインボーナスをプレゼント！*
`星見のティーポット X 3
`_2023-07-28 19:36:50_
--------
*ac95c3e7a5e1685f4f63172cd680f7e6*
`登陆天数: 18天 / 257天
等级: 26
石头: 52
呼符: 10
体力: 94931.55333333333 / 51
友情点: 0 / 23450`
*連続ログイン4日目
※ログインが途切れるか、7日到達すると
1日目から再開されます*
`聖晶石 X 1
7月交換券(2023) X 1
`*「Fate/Grand Order Fes. 2023 夏祭り ～8th Anniversary～」開催直前カウントダウンログインボーナス*
*開催期間中、1日1回 8日間日替りでログインボーナスをプレゼント！*
`星見のティーポット X 3
`_2023-07-28 19:36:58_
--------
