【登录信息】
*66ae15b631839f8e837cb0e4b0599b89*
`登陆天数: 20天 / 1068天
等级: 139
石头: 24
呼符: 0
体力: 7454.826666666667 / 140
友情点: 0 / 1867200`
*連続ログイン6日目
※ログインが途切れるか、7日到達すると
1日目から再開されます*
`聖晶石 X 2
7月交換券(2023) X 1
`*ショートアニメ「藤丸立香はわからない」グランドフィナーレ記念 特別ログインボーナス*
*開催期間中、初回ログインで「限定概念礼装×1」をプレゼント！*
`慰労会はおわらない X 1
`_2023-07-30 19:36:55_
--------
*ac95c3e7a5e1685f4f63172cd680f7e6*
`登陆天数: 20天 / 259天
等级: 26
石头: 52
呼符: 10
体力: 95507.56666666667 / 51
友情点: 0 / 23450`
*連続ログイン6日目
※ログインが途切れるか、7日到達すると
1日目から再開されます*
`聖晶石 X 2
7月交換券(2023) X 1
`*ショートアニメ「藤丸立香はわからない」グランドフィナーレ記念 特別ログインボーナス*
*開催期間中、初回ログインで「限定概念礼装×1」をプレゼント！*
`慰労会はおわらない X 1
`_2023-07-30 19:37:03_
--------
