【登录信息】
*66ae15b631839f8e837cb0e4b0599b89*
`登陆天数: 87天 / 1163天
等级: 139
石头: 23
呼符: 0
体力: 22368.423333333332 / 140
友情点: 135 / 2004730`
*連続ログイン3日目
※ログインが途切れるか、7日到達すると
1日目から再開されます*
`叡智の業火 X 1
11月交換券(2023) X 1
`*聖杯戦線 ～白天の城、黒夜の城～開幕記念 ログインボーナス*
*開催期間中、1日1回 最大21回ログインボーナスをプレゼント！*
`白銀の果実 X 1
`_2023-11-04 19:36:59_
--------
*ac95c3e7a5e1685f4f63172cd680f7e6*
`登陆天数: 87天 / 354天
等级: 26
石头: 52
呼符: 10
体力: 123443.58 / 51
友情点: 0 / 23450`
*連続ログイン3日目
※ログインが途切れるか、7日到達すると
1日目から再開されます*
`叡智の業火 X 1
11月交換券(2023) X 1
`*聖杯戦線 ～白天の城、黒夜の城～開幕記念 ログインボーナス*
*開催期間中、1日1回 最大21回ログインボーナスをプレゼント！*
`白銀の果実 X 1
`_2023-11-04 19:37:07_
--------
