【登录信息】
*66ae15b631839f8e837cb0e4b0599b89*
`登陆天数: 91天 / 1167天
等级: 139
石头: 23
呼符: 0
体力: 23520.45 / 140
友情点: 295 / 2005535`
*連続ログイン7日間到達おめでとうございます！
明日は1日目からリスタートされます。*
`獣の足跡 X 1
呼符 X 1
11月交換券(2023) X 1
`*聖杯戦線 ～白天の城、黒夜の城～開幕記念 ログインボーナス*
*開催期間中、1日1回 最大21回ログインボーナスをプレゼント！*
`黄金の果実 X 1
`_2023-11-08 19:37:07_
--------
*ac95c3e7a5e1685f4f63172cd680f7e6*
`登陆天数: 91天 / 358天
等级: 26
石头: 52
呼符: 10
体力: 124595.61 / 51
友情点: 0 / 23450`
*連続ログイン7日間到達おめでとうございます！
明日は1日目からリスタートされます。*
`獣の足跡 X 1
呼符 X 1
11月交換券(2023) X 1
`*聖杯戦線 ～白天の城、黒夜の城～開幕記念 ログインボーナス*
*開催期間中、1日1回 最大21回ログインボーナスをプレゼント！*
`黄金の果実 X 1
`_2023-11-08 19:37:15_
--------
