【登录信息】
*66ae15b631839f8e837cb0e4b0599b89*
`登陆天数: 98天 / 1174天
等级: 139
石头: 23
呼符: 0
体力: 25536.38 / 140
友情点: 245 / 2008240`
*連続ログイン7日間到達おめでとうございます！
明日は1日目からリスタートされます。*
`獣の足跡 X 1
呼符 X 1
11月交換券(2023) X 1
`*使用期限付コンティニューアイテムプレゼント！*
*開催期間中、初回ログインでコンティニューアイテム「霊脈石×3」をプレゼント！*
`霊脈石 X 3
`_2023-11-15 19:36:46_
--------
*ac95c3e7a5e1685f4f63172cd680f7e6*
`登陆天数: 98天 / 365天
等级: 26
石头: 52
呼符: 10
体力: 126611.54 / 51
友情点: 0 / 23450`
*連続ログイン7日間到達おめでとうございます！
明日は1日目からリスタートされます。*
`獣の足跡 X 1
呼符 X 1
11月交換券(2023) X 1
`*使用期限付コンティニューアイテムプレゼント！*
*開催期間中、初回ログインでコンティニューアイテム「霊脈石×3」をプレゼント！*
`霊脈石 X 3
`_2023-11-15 19:36:54_
--------
