【登录信息】
*66ae15b631839f8e837cb0e4b0599b89*
`登陆天数: 101天 / 1177天
等级: 139
石头: 23
呼符: 0
体力: 26400.46 / 140
友情点: 350 / 2010450`
*連続ログイン3日目
※ログインが途切れるか、7日到達すると
1日目から再開されます*
`叡智の業火 X 1
11月交換券(2023) X 1
`*2900万DL突破記念 特別回数ログインボーナス*
*開催期間中、1日1回 最大10回 回数ログインボーナスをプレゼント！*
`マナプリズム X 100
黄金の果実 X 10
`_2023-11-18 19:37:09_
--------
*ac95c3e7a5e1685f4f63172cd680f7e6*
`登陆天数: 101天 / 368天
等级: 26
石头: 52
呼符: 10
体力: 127475.62 / 51
友情点: 0 / 23450`
*連続ログイン3日目
※ログインが途切れるか、7日到達すると
1日目から再開されます*
`叡智の業火 X 1
11月交換券(2023) X 1
`*2900万DL突破記念 特別回数ログインボーナス*
*開催期間中、1日1回 最大10回 回数ログインボーナスをプレゼント！*
`マナプリズム X 100
黄金の果実 X 10
`_2023-11-18 19:37:18_
--------
