【登录信息】
*66ae15b631839f8e837cb0e4b0599b89*
`登陆天数: 107天 / 1183天
等级: 139
石头: 23
呼符: 0
体力: 28128.376666666667 / 140
友情点: 170 / 2017730`
*連続ログイン2日目
※ログインが途切れるか、7日到達すると
1日目から再開されます*
`聖晶石 X 1
11月交換券(2023) X 1
`*日替りログインボーナス*
*開催期間中、1日1回 2週間日替りでログインボーナスをプレゼント！*
`聖晶石 X 2
巡霊の葉 X 100
`_2023-11-24 19:36:44_
--------
*ac95c3e7a5e1685f4f63172cd680f7e6*
`登陆天数: 107天 / 374天
等级: 26
石头: 52
呼符: 10
体力: 129203.53666666667 / 51
友情点: 0 / 23450`
*連続ログイン2日目
※ログインが途切れるか、7日到達すると
1日目から再開されます*
`聖晶石 X 1
11月交換券(2023) X 1
`*日替りログインボーナス*
*開催期間中、1日1回 2週間日替りでログインボーナスをプレゼント！*
`聖晶石 X 2
巡霊の葉 X 100
`_2023-11-24 19:36:53_
--------
