【登录信息】
*66ae15b631839f8e837cb0e4b0599b89*
`登陆天数: 112天 / 1188天
等级: 139
石头: 23
呼符: 0
体力: 29568.386666666665 / 140
友情点: 30 / 2024280`
*連続ログイン7日間到達おめでとうございます！
明日は1日目からリスタートされます。*
`獣の足跡 X 1
呼符 X 1
11月交換券(2023) X 1
`*日替りログインボーナス*
*開催期間中、1日1回 2週間日替りでログインボーナスをプレゼント！*
`巡霊の葉 X 30
`_2023-11-29 19:36:47_
--------
*ac95c3e7a5e1685f4f63172cd680f7e6*
`登陆天数: 112天 / 379天
等级: 26
石头: 52
呼符: 10
体力: 130643.54666666666 / 51
友情点: 0 / 23450`
*連続ログイン7日間到達おめでとうございます！
明日は1日目からリスタートされます。*
`獣の足跡 X 1
呼符 X 1
11月交換券(2023) X 1
`*日替りログインボーナス*
*開催期間中、1日1回 2週間日替りでログインボーナスをプレゼント！*
`巡霊の葉 X 30
`_2023-11-29 19:36:56_
--------
