【登录信息】
*66ae15b631839f8e837cb0e4b0599b89*
`登陆天数: 1天 / 990天
等级: 137
石头: 1
呼符: 0
体力: 1796.3333333333333 / 140
友情点: 25 / 695355`
*連続ログイン1日目
※ログインが途切れるか、7日到達すると
1日目から再開されます*
`フレンドポイント X 2000
5月交換券(2023) X 1
`*日替りログインボーナス*
*開催期間中、1日1回 2週間日替りでログインボーナスをプレゼント！*
`聖晶石 X 2
巡霊の葉 X 100
`_2023-05-13 14:28:21_
--------
*ac95c3e7a5e1685f4f63172cd680f7e6*
`登陆天数: 1天 / 181天
等级: 26
石头: 52
呼符: 10
体力: 72981.86 / 51
友情点: 0 / 23450`
*連続ログイン1日目
※ログインが途切れるか、7日到達すると
1日目から再開されます*
`フレンドポイント X 2000
5月交換券(2023) X 1
`*日替りログインボーナス*
*開催期間中、1日1回 2週間日替りでログインボーナスをプレゼント！*
`聖晶石 X 2
巡霊の葉 X 100
`_2023-05-13 14:28:30_
--------
