【登录信息】
*66ae15b631839f8e837cb0e4b0599b89*
`登陆天数: 7天 / 996天
等级: 137
石头: 12
呼符: 5
体力: 26.926666666666662 / 140
友情点: 20 / 698730`
*連続ログイン7日間到達おめでとうございます！
明日は1日目からリスタートされます。*
`獣の足跡 X 1
呼符 X 1
5月交換券(2023) X 1
`*日替りログインボーナス*
*開催期間中、1日1回 2週間日替りでログインボーナスをプレゼント！*
`巡霊の葉 X 30
`_2023-05-18 19:36:55_
--------
*ac95c3e7a5e1685f4f63172cd680f7e6*
`登陆天数: 7天 / 187天
等级: 26
石头: 52
呼符: 10
体力: 74483.56666666667 / 51
友情点: 0 / 23450`
*連続ログイン7日間到達おめでとうございます！
明日は1日目からリスタートされます。*
`獣の足跡 X 1
呼符 X 1
5月交換券(2023) X 1
`*日替りログインボーナス*
*開催期間中、1日1回 2週間日替りでログインボーナスをプレゼント！*
`巡霊の葉 X 30
`_2023-05-18 19:37:03_
--------
