【登录信息】
*66ae15b631839f8e837cb0e4b0599b89*
`登陆天数: 8天 / 997天
等级: 137
石头: 12
呼符: 6
体力: 42.31 / 140
友情点: 110 / 699935`
*連続ログイン1日目
※ログインが途切れるか、7日到達すると
1日目から再開されます*
`フレンドポイント X 2000
5月交換券(2023) X 1
`*日替りログインボーナス*
*開催期間中、1日1回 2週間日替りでログインボーナスをプレゼント！*
`聖晶石 X 2
巡霊の葉 X 100
`_2023-05-19 19:36:48_
--------
*ac95c3e7a5e1685f4f63172cd680f7e6*
`登陆天数: 8天 / 188天
等级: 26
石头: 52
呼符: 10
体力: 74771.54666666666 / 51
友情点: 0 / 23450`
*連続ログイン1日目
※ログインが途切れるか、7日到達すると
1日目から再開されます*
`フレンドポイント X 2000
5月交換券(2023) X 1
`*日替りログインボーナス*
*開催期間中、1日1回 2週間日替りでログインボーナスをプレゼント！*
`聖晶石 X 2
巡霊の葉 X 100
`_2023-05-19 19:36:57_
--------
