【登录信息】
*66ae15b631839f8e837cb0e4b0599b89*
`登陆天数: 10天 / 999天
等级: 137
石头: 12
呼符: 6
体力: 348.53999999999996 / 140
友情点: 0 / 700030`
*連続ログイン3日目
※ログインが途切れるか、7日到達すると
1日目から再開されます*
`叡智の業火 X 1
5月交換券(2023) X 1
`*日替りログインボーナス*
*開催期間中、1日1回 2週間日替りでログインボーナスをプレゼント！*
`巡霊の葉 X 30
`_2023-05-21 19:36:45_
--------
*ac95c3e7a5e1685f4f63172cd680f7e6*
`登陆天数: 10天 / 190天
等级: 26
石头: 52
呼符: 10
体力: 75347.53666666667 / 51
友情点: 0 / 23450`
*連続ログイン3日目
※ログインが途切れるか、7日到達すると
1日目から再開されます*
`叡智の業火 X 1
5月交換券(2023) X 1
`*日替りログインボーナス*
*開催期間中、1日1回 2週間日替りでログインボーナスをプレゼント！*
`巡霊の葉 X 30
`_2023-05-21 19:36:54_
--------
