【登录信息】
*66ae15b631839f8e837cb0e4b0599b89*
`登陆天数: 13天 / 1002天
等级: 137
石头: 12
呼符: 6
体力: 1212.58 / 140
友情点: 50 / 700270`
*連続ログイン6日目
※ログインが途切れるか、7日到達すると
1日目から再開されます*
`聖晶石 X 2
5月交換券(2023) X 1
`*FGO カルデア放送局 ライト版 FGO Fes. 2023＆ゲーム最新情報 放送記念 初回ログインボーナス*
*開催期間中、初回ログインで「聖晶石×14」をプレゼント！*
`聖晶石 X 14
`_2023-05-24 19:36:57_
--------
*ac95c3e7a5e1685f4f63172cd680f7e6*
`登陆天数: 13天 / 193天
等级: 26
石头: 52
呼符: 10
体力: 76211.57666666666 / 51
友情点: 0 / 23450`
*連続ログイン6日目
※ログインが途切れるか、7日到達すると
1日目から再開されます*
`聖晶石 X 2
5月交換券(2023) X 1
`*FGO カルデア放送局 ライト版 FGO Fes. 2023＆ゲーム最新情報 放送記念 初回ログインボーナス*
*開催期間中、初回ログインで「聖晶石×14」をプレゼント！*
`聖晶石 X 14
`_2023-05-24 19:37:05_
--------
