【登录信息】
*66ae15b631839f8e837cb0e4b0599b89*
`登陆天数: 27天 / 1016天
等级: 139
石头: 24
呼符: 0
体力: 465.98333333333335 / 140
友情点: 0 / 1855225`
*連続ログイン6日目
※ログインが途切れるか、7日到達すると
1日目から再開されます*
`聖晶石 X 2
6月交換券(2023) X 1
`*奏章Ⅰ 
虚数羅針内界 ペーパームーン
開幕直前ログインボーナス*
*開催期間中、1日1回 7日間日替りでログインボーナスをプレゼント！*
`QP X 3000000
白銀の果実 X 1
`_2023-06-07 19:36:55_
--------
*ac95c3e7a5e1685f4f63172cd680f7e6*
`登陆天数: 27天 / 207天
等级: 26
石头: 52
呼符: 10
体力: 80243.57 / 51
友情点: 0 / 23450`
*連続ログイン6日目
※ログインが途切れるか、7日到達すると
1日目から再開されます*
`聖晶石 X 2
6月交換券(2023) X 1
`*奏章Ⅰ 
虚数羅針内界 ペーパームーン
開幕直前ログインボーナス*
*開催期間中、1日1回 7日間日替りでログインボーナスをプレゼント！*
`QP X 3000000
白銀の果実 X 1
`_2023-06-07 19:37:03_
--------
