【登录信息】
*66ae15b631839f8e837cb0e4b0599b89*
`登陆天数: 28天 / 1017天
等级: 139
石头: 33
呼符: 0
体力: 151.11666666666667 / 140
友情点: 10 / 1851455`
*連続ログイン7日間到達おめでとうございます！
明日は1日目からリスタートされます。*
`獣の足跡 X 1
呼符 X 1
6月交換券(2023) X 1
`*奏章Ⅰ 
虚数羅針内界 ペーパームーン
開幕直前ログインボーナス*
*開催期間中、1日1回 7日間日替りでログインボーナスをプレゼント！*
`英霊結晶・星のフォウくん X 2
白銀の果実 X 1
`_2023-06-08 19:37:04_
--------
*ac95c3e7a5e1685f4f63172cd680f7e6*
`登陆天数: 28天 / 208天
等级: 26
石头: 52
呼符: 10
体力: 80531.6 / 51
友情点: 0 / 23450`
*連続ログイン7日間到達おめでとうございます！
明日は1日目からリスタートされます。*
`獣の足跡 X 1
呼符 X 1
6月交換券(2023) X 1
`*奏章Ⅰ 
虚数羅針内界 ペーパームーン
開幕直前ログインボーナス*
*開催期間中、1日1回 7日間日替りでログインボーナスをプレゼント！*
`英霊結晶・星のフォウくん X 2
白銀の果実 X 1
`_2023-06-08 19:37:12_
--------
