【登录信息】
*66ae15b631839f8e837cb0e4b0599b89*
`登陆天数: 29天 / 1018天
等级: 139
石头: 33
呼符: 0
体力: 201.72333333333333 / 140
友情点: 60 / 1851515`
*連続ログイン1日目
※ログインが途切れるか、7日到達すると
1日目から再開されます*
`フレンドポイント X 2000
6月交換券(2023) X 1
`*奏章Ⅰ 
虚数羅針内界 ペーパームーン
開幕直前ログインボーナス*
*開催期間中、1日1回 7日間日替りでログインボーナスをプレゼント！*
`英霊結晶・太陽のフォウくん X 2
白銀の果実 X 1
`_2023-06-09 19:36:44_
--------
*ac95c3e7a5e1685f4f63172cd680f7e6*
`登陆天数: 29天 / 209天
等级: 26
石头: 52
呼符: 10
体力: 80819.53333333334 / 51
友情点: 0 / 23450`
*連続ログイン1日目
※ログインが途切れるか、7日到達すると
1日目から再開されます*
`フレンドポイント X 2000
6月交換券(2023) X 1
`*奏章Ⅰ 
虚数羅針内界 ペーパームーン
開幕直前ログインボーナス*
*開催期間中、1日1回 7日間日替りでログインボーナスをプレゼント！*
`英霊結晶・太陽のフォウくん X 2
白銀の果実 X 1
`_2023-06-09 19:36:52_
--------
