【登录信息】
*66ae15b631839f8e837cb0e4b0599b89*
`登陆天数: 33天 / 1022天
等级: 139
石头: 33
呼符: 0
体力: 188.61333333333334 / 140
友情点: 180 / 1852315`
*連続ログイン5日目
※ログインが途切れるか、7日到達すると
1日目から再開されます*
`叡智の業火 X 2
6月交換券(2023) X 1
`*奏章Ⅰ 
虚数羅針内界 ペーパームーン
開幕直前ログインボーナス*
*開催期間中、1日1回 7日間日替りでログインボーナスをプレゼント！*
`マナプリズム X 100
黄金の果実 X 2
`_2023-06-13 19:36:49_
--------
*ac95c3e7a5e1685f4f63172cd680f7e6*
`登陆天数: 33天 / 213天
等级: 26
石头: 52
呼符: 10
体力: 81971.55 / 51
友情点: 0 / 23450`
*連続ログイン5日目
※ログインが途切れるか、7日到達すると
1日目から再開されます*
`叡智の業火 X 2
6月交換券(2023) X 1
`*奏章Ⅰ 
虚数羅針内界 ペーパームーン
開幕直前ログインボーナス*
*開催期間中、1日1回 7日間日替りでログインボーナスをプレゼント！*
`マナプリズム X 100
黄金の果実 X 2
`_2023-06-13 19:36:58_
--------
