【登录信息】
*66ae15b631839f8e837cb0e4b0599b89*
`登陆天数: 48天 / 1037天
等级: 139
石头: 5
呼符: 0
体力: 483.08 / 140
友情点: 0 / 1860355`
*連続ログイン6日目
※ログインが途切れるか、7日到達すると
1日目から再開されます*
`聖晶石 X 2
6月交換券(2023) X 1
`*2800万DL突破記念 特別回数ログインボーナス*
*開催期間中、1日1回 最大10回 回数ログインボーナスをプレゼント！*
`白銀の果実 X 10
星見のティーポット X 3
`_2023-06-28 19:36:49_
--------
*ac95c3e7a5e1685f4f63172cd680f7e6*
`登陆天数: 48天 / 228天
等级: 26
石头: 52
呼符: 10
体力: 86291.55 / 51
友情点: 0 / 23450`
*連続ログイン6日目
※ログインが途切れるか、7日到達すると
1日目から再開されます*
`聖晶石 X 2
6月交換券(2023) X 1
`*2800万DL突破記念 特別回数ログインボーナス*
*開催期間中、1日1回 最大10回 回数ログインボーナスをプレゼント！*
`白銀の果実 X 10
星見のティーポット X 3
`_2023-06-28 19:36:57_
--------
