【登录信息】
*66ae15b631839f8e837cb0e4b0599b89*
`登陆天数: 116天 / 1192天
等级: 139
石头: 23
呼符: 0
体力: 30720.446666666667 / 140
友情点: 50 / 2024780`
*連続ログイン4日目
※ログインが途切れるか、7日到達すると
1日目から再開されます*
`聖晶石 X 1
12月交換券(2023) X 1
`*日替りログインボーナス*
*開催期間中、1日1回 2週間日替りでログインボーナスをプレゼント！*
`巡霊の葉 X 30
`_2023-12-03 19:37:06_
--------
*ac95c3e7a5e1685f4f63172cd680f7e6*
`登陆天数: 116天 / 383天
等级: 26
石头: 52
呼符: 10
体力: 131795.60666666666 / 51
友情点: 0 / 23450`
*連続ログイン4日目
※ログインが途切れるか、7日到達すると
1日目から再開されます*
`聖晶石 X 1
12月交換券(2023) X 1
`*日替りログインボーナス*
*開催期間中、1日1回 2週間日替りでログインボーナスをプレゼント！*
`巡霊の葉 X 30
`_2023-12-03 19:37:14_
--------
