【登录信息】
*66ae15b631839f8e837cb0e4b0599b89*
`登陆天数: 122天 / 1198天
等级: 139
石头: 23
呼符: 0
体力: 32448.44 / 140
友情点: 50 / 2026590`
*連続ログイン3日目
※ログインが途切れるか、7日到達すると
1日目から再開されます*
`叡智の業火 X 1
12月交換券(2023) X 1
`*激走！川中島24時 ぐだぐだ超五稜郭 殺しのサインはM51
開幕記念 ログインボーナス*
*開催期間中、1日1回 最大21回ログインボーナスをプレゼント！*
`白銀の果実 X 1
`_2023-12-09 19:37:04_
--------
*ac95c3e7a5e1685f4f63172cd680f7e6*
`登陆天数: 122天 / 389天
等级: 26
石头: 52
呼符: 10
体力: 133523.6 / 51
友情点: 0 / 23450`
*連続ログイン3日目
※ログインが途切れるか、7日到達すると
1日目から再開されます*
`叡智の業火 X 1
12月交換券(2023) X 1
`*激走！川中島24時 ぐだぐだ超五稜郭 殺しのサインはM51
開幕記念 ログインボーナス*
*開催期間中、1日1回 最大21回ログインボーナスをプレゼント！*
`白銀の果実 X 1
`_2023-12-09 19:37:13_
--------
