【登录信息】
*66ae15b631839f8e837cb0e4b0599b89*
`登陆天数: 131天 / 1207天
等级: 139
石头: 23
呼符: 0
体力: 35040.40666666667 / 140
友情点: 90 / 2028970`
*連続ログイン5日目
※ログインが途切れるか、7日到達すると
1日目から再開されます*
`叡智の業火 X 2
12月交換券(2023) X 1
`*激走！川中島24時 ぐだぐだ超五稜郭 殺しのサインはM51
開幕記念 ログインボーナス*
*開催期間中、1日1回 最大21回ログインボーナスをプレゼント！*
`白銀の果実 X 1
`_2023-12-18 19:36:53_
--------
*ac95c3e7a5e1685f4f63172cd680f7e6*
`登陆天数: 131天 / 398天
等级: 26
石头: 52
呼符: 10
体力: 136115.56666666668 / 51
友情点: 0 / 23450`
*連続ログイン5日目
※ログインが途切れるか、7日到達すると
1日目から再開されます*
`叡智の業火 X 2
12月交換券(2023) X 1
`*激走！川中島24時 ぐだぐだ超五稜郭 殺しのサインはM51
開幕記念 ログインボーナス*
*開催期間中、1日1回 最大21回ログインボーナスをプレゼント！*
`白銀の果実 X 1
`_2023-12-18 19:37:03_
--------
