【登录信息】
*66ae15b631839f8e837cb0e4b0599b89*
`登陆天数: 133天 / 1209天
等级: 139
石头: 23
呼符: 0
体力: 35616.37333333334 / 140
友情点: 30 / 2029170`
*連続ログイン7日間到達おめでとうございます！
明日は1日目からリスタートされます。*
`獣の足跡 X 1
呼符 X 1
12月交換券(2023) X 1
`*雪原のメリー・クリスマス2023 ～7days / 8years Snow Carol～開幕記念 ログインボーナス*
*開催期間中、1日1回 最大10回ログインボーナスをプレゼント！*
`黄金の果実 X 1
`_2023-12-20 19:36:45_
--------
*ac95c3e7a5e1685f4f63172cd680f7e6*
`登陆天数: 133天 / 400天
等级: 26
石头: 52
呼符: 10
体力: 136691.53333333333 / 51
友情点: 0 / 23450`
*連続ログイン7日間到達おめでとうございます！
明日は1日目からリスタートされます。*
`獣の足跡 X 1
呼符 X 1
12月交換券(2023) X 1
`*雪原のメリー・クリスマス2023 ～7days / 8years Snow Carol～開幕記念 ログインボーナス*
*開催期間中、1日1回 最大10回ログインボーナスをプレゼント！*
`黄金の果実 X 1
`_2023-12-20 19:36:53_
--------
