【登录信息】
*66ae15b631839f8e837cb0e4b0599b89*
`登陆天数: 138天 / 1214天
等级: 139
石头: 23
呼符: 0
体力: 37056.37 / 140
友情点: 155 / 2029725`
*連続ログイン5日目
※ログインが途切れるか、7日到達すると
1日目から再開されます*
`叡智の業火 X 2
12月交換券(2023) X 1
`*雪原のメリー・クリスマス2023 ～7days / 8years Snow Carol～開幕記念 ログインボーナス*
*開催期間中、1日1回 最大10回ログインボーナスをプレゼント！*
`白銀の果実 X 1
`_2023-12-25 19:36:42_
--------
*ac95c3e7a5e1685f4f63172cd680f7e6*
`登陆天数: 138天 / 405天
等级: 26
石头: 52
呼符: 10
体力: 138131.53 / 51
友情点: 0 / 23450`
*連続ログイン5日目
※ログインが途切れるか、7日到達すると
1日目から再開されます*
`叡智の業火 X 2
12月交換券(2023) X 1
`*雪原のメリー・クリスマス2023 ～7days / 8years Snow Carol～開幕記念 ログインボーナス*
*開催期間中、1日1回 最大10回ログインボーナスをプレゼント！*
`白銀の果実 X 1
`_2023-12-25 19:36:51_
--------
