【登录信息】
*66ae15b631839f8e837cb0e4b0599b89*
`登陆天数: 139天 / 1215天
等级: 139
石头: 23
呼符: 0
体力: 37344.36666666667 / 140
友情点: 70 / 2029795`
*連続ログイン6日目
※ログインが途切れるか、7日到達すると
1日目から再開されます*
`聖晶石 X 2
12月交換券(2023) X 1
`*「FGO カルデア・サテライトステーション 2023-2024」京都会場開催直前 ログインボーナス*
*開催期間中、1日1回 最大3回 ログインボーナスをプレゼント！*
`サテライトステーション23-24 X 1
黄金の果実 X 1
`_2023-12-26 19:36:42_
--------
*ac95c3e7a5e1685f4f63172cd680f7e6*
`登陆天数: 139天 / 406天
等级: 26
石头: 52
呼符: 10
体力: 138419.52666666667 / 51
友情点: 0 / 23450`
*連続ログイン6日目
※ログインが途切れるか、7日到達すると
1日目から再開されます*
`聖晶石 X 2
12月交換券(2023) X 1
`*「FGO カルデア・サテライトステーション 2023-2024」京都会場開催直前 ログインボーナス*
*開催期間中、1日1回 最大3回 ログインボーナスをプレゼント！*
`サテライトステーション23-24 X 1
黄金の果実 X 1
`_2023-12-26 19:36:50_
--------
