【登录信息】
*66ae15b631839f8e837cb0e4b0599b89*
`登陆天数: 54天 / 1130天
等级: 139
石头: 23
呼符: 0
体力: 12864.436666666666 / 140
友情点: 10 / 1991115`
*連続ログイン5日目
※ログインが途切れるか、7日到達すると
1日目から再開されます*
`叡智の業火 X 2
10月交換券(2023) X 1
`*ワンジナ・ワールドツアー！ ～大精霊と巡る世界一周～開幕記念 ログインボーナス*
*開催期間中、1日1回 最大21回ログインボーナスをプレゼント！*
`白銀の果実 X 1
`_2023-10-02 19:37:02_
--------
*ac95c3e7a5e1685f4f63172cd680f7e6*
`登陆天数: 54天 / 321天
等级: 26
石头: 52
呼符: 10
体力: 113939.59666666666 / 51
友情点: 0 / 23450`
*連続ログイン5日目
※ログインが途切れるか、7日到達すると
1日目から再開されます*
`叡智の業火 X 2
10月交換券(2023) X 1
`*ワンジナ・ワールドツアー！ ～大精霊と巡る世界一周～開幕記念 ログインボーナス*
*開催期間中、1日1回 最大21回ログインボーナスをプレゼント！*
`白銀の果実 X 1
`_2023-10-02 19:37:11_
--------
