【登录信息】
*66ae15b631839f8e837cb0e4b0599b89*
`登陆天数: 66天 / 1142天
等级: 139
石头: 23
呼符: 0
体力: 16320.426666666666 / 140
友情点: 110 / 1996955`
*連続ログイン3日目
※ログインが途切れるか、7日到達すると
1日目から再開されます*
`叡智の業火 X 1
10月交換券(2023) X 1
`*リリース3000日突破キャンペーン 初回ログインボーナス*
*開催期間中、初回ログインで「聖晶石×10」をプレゼント！*
`聖晶石 X 10
`_2023-10-14 19:37:00_
--------
*ac95c3e7a5e1685f4f63172cd680f7e6*
`登陆天数: 66天 / 333天
等级: 26
石头: 52
呼符: 10
体力: 117395.58666666667 / 51
友情点: 0 / 23450`
*連続ログイン3日目
※ログインが途切れるか、7日到達すると
1日目から再開されます*
`叡智の業火 X 1
10月交換券(2023) X 1
`*リリース3000日突破キャンペーン 初回ログインボーナス*
*開催期間中、初回ログインで「聖晶石×10」をプレゼント！*
`聖晶石 X 10
`_2023-10-14 19:37:09_
--------
