【登录信息】
*66ae15b631839f8e837cb0e4b0599b89*
`登陆天数: 73天 / 1149天
等级: 139
石头: 23
呼符: 0
体力: 18336.446666666667 / 140
友情点: 510 / 1999665`
*連続ログイン3日目
※ログインが途切れるか、7日到達すると
1日目から再開されます*
`叡智の業火 X 1
10月交換券(2023) X 1
`*【リリース3000日突破記念特別】
ログインボーナス*
*開催期間中、1日1回 最大7回 回数ログインボーナスをプレゼント！*
`呼符 X 1
`_2023-10-21 19:37:05_
--------
*ac95c3e7a5e1685f4f63172cd680f7e6*
`登陆天数: 73天 / 340天
等级: 26
石头: 52
呼符: 10
体力: 119411.60666666667 / 51
友情点: 0 / 23450`
*連続ログイン3日目
※ログインが途切れるか、7日到達すると
1日目から再開されます*
`叡智の業火 X 1
10月交換券(2023) X 1
`*【リリース3000日突破記念特別】
ログインボーナス*
*開催期間中、1日1回 最大7回 回数ログインボーナスをプレゼント！*
`呼符 X 1
`_2023-10-21 19:37:14_
--------
