【登录信息】
*66ae15b631839f8e837cb0e4b0599b89*
`登陆天数: 75天 / 1151天
等级: 139
石头: 23
呼符: 0
体力: 18912.403333333332 / 140
友情点: 0 / 1999865`
*連続ログイン5日目
※ログインが途切れるか、7日到達すると
1日目から再開されます*
`叡智の業火 X 2
10月交換券(2023) X 1
`*日替りログインボーナス*
*開催期間中、1日1回 2週間日替りでログインボーナスをプレゼント！*
`巡霊の葉 X 30
`_2023-10-23 19:36:52_
--------
*ac95c3e7a5e1685f4f63172cd680f7e6*
`登陆天数: 75天 / 342天
等级: 26
石头: 52
呼符: 10
体力: 119987.56333333334 / 51
友情点: 0 / 23450`
*連続ログイン5日目
※ログインが途切れるか、7日到達すると
1日目から再開されます*
`叡智の業火 X 2
10月交換券(2023) X 1
`*日替りログインボーナス*
*開催期間中、1日1回 2週間日替りでログインボーナスをプレゼント！*
`巡霊の葉 X 30
`_2023-10-23 19:37:01_
--------
