【登录信息】
*66ae15b631839f8e837cb0e4b0599b89*
`登陆天数: 77天 / 1153天
等级: 139
石头: 23
呼符: 0
体力: 19488.47333333333 / 140
友情点: 70 / 2000195`
*連続ログイン7日間到達おめでとうございます！
明日は1日目からリスタートされます。*
`獣の足跡 X 1
呼符 X 1
10月交換券(2023) X 1
`*FGO カルデア放送局 ライト版 聖杯戦線 ～白天の城、黒夜の城～放送記念 初回ログインボーナス*
*開催期間中、初回ログインで「聖晶石×14」をプレゼント！*
`聖晶石 X 14
`_2023-10-25 19:37:14_
--------
*ac95c3e7a5e1685f4f63172cd680f7e6*
`登陆天数: 77天 / 344天
等级: 26
石头: 52
呼符: 10
体力: 120563.63333333333 / 51
友情点: 0 / 23450`
*連続ログイン7日間到達おめでとうございます！
明日は1日目からリスタートされます。*
`獣の足跡 X 1
呼符 X 1
10月交換券(2023) X 1
`*FGO カルデア放送局 ライト版 聖杯戦線 ～白天の城、黒夜の城～放送記念 初回ログインボーナス*
*開催期間中、初回ログインで「聖晶石×14」をプレゼント！*
`聖晶石 X 14
`_2023-10-25 19:37:23_
--------
