【登录信息】
*66ae15b631839f8e837cb0e4b0599b89*
`登陆天数: 81天 / 1157天
等级: 139
石头: 23
呼符: 0
体力: 20640.466666666667 / 140
友情点: 200 / 2000685`
*連続ログイン4日目
※ログインが途切れるか、7日到達すると
1日目から再開されます*
`聖晶石 X 1
10月交換券(2023) X 1
`*初回ログインボーナス*
*開催期間中、初回ログインボーナスをプレゼント！*
`聖晶石 X 10
`_2023-10-29 19:37:12_
--------
*ac95c3e7a5e1685f4f63172cd680f7e6*
`登陆天数: 81天 / 348天
等级: 26
石头: 52
呼符: 10
体力: 121715.62666666666 / 51
友情点: 0 / 23450`
*連続ログイン4日目
※ログインが途切れるか、7日到達すると
1日目から再開されます*
`聖晶石 X 1
10月交換券(2023) X 1
`*初回ログインボーナス*
*開催期間中、初回ログインボーナスをプレゼント！*
`聖晶石 X 10
`_2023-10-29 19:37:21_
--------
