【登录信息】
*66ae15b631839f8e837cb0e4b0599b89*
`登陆天数: 84天 / 847天
等级: 135
石头: 82
呼符: 7
体力: 231.57666666666665 / 139
友情点: 20 / 177015`
*連続ログイン7日間到達おめでとうございます！
明日は1日目からリスタートされます。*
`獣の足跡 X 1
呼符 X 1
11月交換券(2022) X 1
`*特異点修復応援キャンペーン 特別回数ログインボーナス*
*開催期間中、1日1回 最大7回 ログインボーナスをプレゼント！*
`叡智の業火 X 5
`_2022-10-31 19:39:21_
--------
*ac95c3e7a5e1685f4f63172cd680f7e6*
`登陆天数: 64天 / 64天
等级: 26
石头: 52
呼符: 10
体力: 17172.056666666667 / 51
友情点: 0 / 23450`
*連続ログイン1日目
※ログインが途切れるか、7日到達すると
1日目から再開されます*
`フレンドポイント X 2000
11月交換券(2022) X 1
`*特異点修復応援キャンペーン 特別回数ログインボーナス*
*開催期間中、1日1回 最大7回 ログインボーナスをプレゼント！*
`叡智の業火 X 5
`_2022-10-31 19:39:29_
--------
*fcd9ccfe9a80271df8dbb5dd8e627821*
`登陆天数: 69天 / 1105天
等级: 125
石头: 1152
呼符: 11
体力: 17200.703333333335 / 137
友情点: 0 / 854715`
*連続ログイン6日目
※ログインが途切れるか、7日到達すると
1日目から再開されます*
`聖晶石 X 2
11月交換券(2022) X 1
`*特異点修復応援キャンペーン 特別回数ログインボーナス*
*開催期間中、1日1回 最大7回 ログインボーナスをプレゼント！*
`叡智の業火 X 5
`_2022-10-31 19:39:37_
--------
