【登录信息】
*66ae15b631839f8e837cb0e4b0599b89*
`登陆天数: 85天 / 848天
等级: 135
石头: 82
呼符: 8
体力: 214.62666666666667 / 139
友情点: 50 / 177110`
*連続ログイン1日目
※ログインが途切れるか、7日到達すると
1日目から再開されます*
`フレンドポイント X 2000
11月交換券(2022) X 1
`*特異点修復応援キャンペーン 特別回数ログインボーナス*
*開催期間中、1日1回 最大7回 ログインボーナスをプレゼント！*
`フレンドポイント X 2000
`_2022-11-01 19:39:32_
--------
*ac95c3e7a5e1685f4f63172cd680f7e6*
`登陆天数: 65天 / 65天
等级: 26
石头: 52
呼符: 10
体力: 17460.09 / 51
友情点: 0 / 23450`
*連続ログイン2日目
※ログインが途切れるか、7日到達すると
1日目から再開されます*
`聖晶石 X 1
11月交換券(2022) X 1
`*特異点修復応援キャンペーン 特別回数ログインボーナス*
*開催期間中、1日1回 最大7回 ログインボーナスをプレゼント！*
`フレンドポイント X 2000
`_2022-11-01 19:39:40_
--------
*fcd9ccfe9a80271df8dbb5dd8e627821*
`登陆天数: 70天 / 1106天
等级: 125
石头: 1152
呼符: 11
体力: 17488.736666666668 / 137
友情点: 0 / 854715`
*連続ログイン7日間到達おめでとうございます！
明日は1日目からリスタートされます。*
`獣の足跡 X 1
呼符 X 1
11月交換券(2022) X 1
`*特異点修復応援キャンペーン 特別回数ログインボーナス*
*開催期間中、1日1回 最大7回 ログインボーナスをプレゼント！*
`フレンドポイント X 2000
`_2022-11-01 19:39:48_
--------
