【登录信息】
*66ae15b631839f8e837cb0e4b0599b89*
`登陆天数: 86天 / 849天
等级: 135
石头: 86
呼符: 8
体力: 172.88666666666666 / 139
友情点: 0 / 181375`
*連続ログイン2日目
※ログインが途切れるか、7日到達すると
1日目から再開されます*
`聖晶石 X 1
11月交換券(2022) X 1
`*特異点修復応援キャンペーン 特別回数ログインボーナス*
*開催期間中、1日1回 最大7回 ログインボーナスをプレゼント！*
`聖晶石 X 3
`_2022-11-02 19:38:13_
--------
*ac95c3e7a5e1685f4f63172cd680f7e6*
`登陆天数: 66天 / 66天
等级: 26
石头: 52
呼符: 10
体力: 17747.83 / 51
友情点: 0 / 23450`
*連続ログイン3日目
※ログインが途切れるか、7日到達すると
1日目から再開されます*
`叡智の業火 X 1
11月交換券(2022) X 1
`*特異点修復応援キャンペーン 特別回数ログインボーナス*
*開催期間中、1日1回 最大7回 ログインボーナスをプレゼント！*
`聖晶石 X 3
`_2022-11-02 19:38:21_
--------
*fcd9ccfe9a80271df8dbb5dd8e627821*
`登陆天数: 71天 / 1107天
等级: 125
石头: 1152
呼符: 11
体力: 17776.476666666666 / 137
友情点: 0 / 854715`
*連続ログイン1日目
※ログインが途切れるか、7日到達すると
1日目から再開されます*
`フレンドポイント X 2000
11月交換券(2022) X 1
`*特異点修復応援キャンペーン 特別回数ログインボーナス*
*開催期間中、1日1回 最大7回 ログインボーナスをプレゼント！*
`聖晶石 X 3
`_2022-11-02 19:38:29_
--------
