【登录信息】
*66ae15b631839f8e837cb0e4b0599b89*
`登陆天数: 87天 / 850天
等级: 135
石头: 110
呼符: 13
体力: 78.0 / 139
友情点: 0 / 183510`
*連続ログイン3日目
※ログインが途切れるか、7日到達すると
1日目から再開されます*
`叡智の業火 X 1
11月交換券(2022) X 1
`*カルデア妖精騎士杯　開幕直前特別ログインボーナス*
*開催期間中、1日1回 最大7回 ログインボーナスをプレゼント！*
`黄金の果実 X 1
`_2022-11-03 19:38:28_
--------
*ac95c3e7a5e1685f4f63172cd680f7e6*
`登陆天数: 67天 / 67天
等级: 26
石头: 52
呼符: 10
体力: 18035.876666666667 / 51
友情点: 0 / 23450`
*連続ログイン4日目
※ログインが途切れるか、7日到達すると
1日目から再開されます*
`聖晶石 X 1
11月交換券(2022) X 1
`*カルデア妖精騎士杯　開幕直前特別ログインボーナス*
*開催期間中、1日1回 最大7回 ログインボーナスをプレゼント！*
`黄金の果実 X 1
`_2022-11-03 19:38:36_
--------
*fcd9ccfe9a80271df8dbb5dd8e627821*
`登陆天数: 72天 / 1108天
等级: 125
石头: 1152
呼符: 11
体力: 18064.523333333334 / 137
友情点: 0 / 854715`
*連続ログイン2日目
※ログインが途切れるか、7日到達すると
1日目から再開されます*
`聖晶石 X 1
11月交換券(2022) X 1
`*カルデア妖精騎士杯　開幕直前特別ログインボーナス*
*開催期間中、1日1回 最大7回 ログインボーナスをプレゼント！*
`黄金の果実 X 1
`_2022-11-03 19:38:44_
--------
