【登录信息】
*66ae15b631839f8e837cb0e4b0599b89*
`登陆天数: 89天 / 852天
等级: 135
石头: 146
呼符: 13
体力: 538.1966666666667 / 139
友情点: 0 / 183785`
*連続ログイン5日目
※ログインが途切れるか、7日到達すると
1日目から再開されます*
`叡智の業火 X 2
11月交換券(2022) X 1
`*カルデア妖精騎士杯　開幕直前特別ログインボーナス*
*開催期間中、1日1回 最大7回 ログインボーナスをプレゼント！*
`黄金の果実 X 1
`_2022-11-05 19:38:19_
--------
*ac95c3e7a5e1685f4f63172cd680f7e6*
`登陆天数: 69天 / 69天
等级: 26
石头: 52
呼符: 10
体力: 18611.846666666668 / 51
友情点: 0 / 23450`
*連続ログイン6日目
※ログインが途切れるか、7日到達すると
1日目から再開されます*
`聖晶石 X 2
11月交換券(2022) X 1
`*カルデア妖精騎士杯　開幕直前特別ログインボーナス*
*開催期間中、1日1回 最大7回 ログインボーナスをプレゼント！*
`黄金の果実 X 1
`_2022-11-05 19:38:27_
--------
*fcd9ccfe9a80271df8dbb5dd8e627821*
`登陆天数: 74天 / 1110天
等级: 125
石头: 1152
呼符: 11
体力: 18640.493333333332 / 137
友情点: 0 / 854715`
*連続ログイン4日目
※ログインが途切れるか、7日到達すると
1日目から再開されます*
`聖晶石 X 1
11月交換券(2022) X 1
`*カルデア妖精騎士杯　開幕直前特別ログインボーナス*
*開催期間中、1日1回 最大7回 ログインボーナスをプレゼント！*
`黄金の果実 X 1
`_2022-11-05 19:38:35_
--------
