【登录信息】
*66ae15b631839f8e837cb0e4b0599b89*
`登陆天数: 90天 / 853天
等级: 135
石头: 146
呼符: 13
体力: 214.32999999999998 / 139
友情点: 0 / 183845`
*連続ログイン6日目
※ログインが途切れるか、7日到達すると
1日目から再開されます*
`聖晶石 X 2
11月交換券(2022) X 1
`*カルデア妖精騎士杯　開幕直前特別ログインボーナス*
*開催期間中、1日1回 最大7回 ログインボーナスをプレゼント！*
`黄金の果実 X 1
`_2022-11-06 19:38:12_
--------
*ac95c3e7a5e1685f4f63172cd680f7e6*
`登陆天数: 70天 / 70天
等级: 26
石头: 52
呼符: 10
体力: 18899.826666666668 / 51
友情点: 0 / 23450`
*連続ログイン7日間到達おめでとうございます！
明日は1日目からリスタートされます。*
`獣の足跡 X 1
呼符 X 1
11月交換券(2022) X 1
`*カルデア妖精騎士杯　開幕直前特別ログインボーナス*
*開催期間中、1日1回 最大7回 ログインボーナスをプレゼント！*
`黄金の果実 X 1
`_2022-11-06 19:38:20_
--------
*fcd9ccfe9a80271df8dbb5dd8e627821*
`登陆天数: 75天 / 1111天
等级: 125
石头: 1152
呼符: 11
体力: 18928.47333333333 / 137
友情点: 0 / 854715`
*連続ログイン5日目
※ログインが途切れるか、7日到達すると
1日目から再開されます*
`叡智の業火 X 2
11月交換券(2022) X 1
`*カルデア妖精騎士杯　開幕直前特別ログインボーナス*
*開催期間中、1日1回 最大7回 ログインボーナスをプレゼント！*
`黄金の果実 X 1
`_2022-11-06 19:38:28_
--------
