【登录信息】
*66ae15b631839f8e837cb0e4b0599b89*
`登陆天数: 92天 / 855天
等级: 135
石头: 146
呼符: 13
体力: 223.01999999999998 / 139
友情点: 0 / 183995`
*連続ログイン1日目
※ログインが途切れるか、7日到達すると
1日目から再開されます*
`フレンドポイント X 2000
11月交換券(2022) X 1
`*カルデア妖精騎士杯　開幕直前特別ログインボーナス*
*開催期間中、1日1回 最大7回 ログインボーナスをプレゼント！*
`黄金の果実 X 1
`_2022-11-08 19:42:24_
--------
*ac95c3e7a5e1685f4f63172cd680f7e6*
`登陆天数: 72天 / 72天
等级: 26
石头: 52
呼符: 10
体力: 19476.663333333334 / 51
友情点: 0 / 23450`
*連続ログイン2日目
※ログインが途切れるか、7日到達すると
1日目から再開されます*
`聖晶石 X 1
11月交換券(2022) X 1
`*カルデア妖精騎士杯　開幕直前特別ログインボーナス*
*開催期間中、1日1回 最大7回 ログインボーナスをプレゼント！*
`黄金の果実 X 1
`_2022-11-08 19:42:32_
--------
*fcd9ccfe9a80271df8dbb5dd8e627821*
`登陆天数: 77天 / 1113天
等级: 125
石头: 1152
呼符: 11
体力: 19505.31 / 137
友情点: 0 / 854715`
*連続ログイン7日間到達おめでとうございます！
明日は1日目からリスタートされます。*
`獣の足跡 X 1
呼符 X 1
11月交換券(2022) X 1
`*カルデア妖精騎士杯　開幕直前特別ログインボーナス*
*開催期間中、1日1回 最大7回 ログインボーナスをプレゼント！*
`黄金の果実 X 1
`_2022-11-08 19:42:40_
--------
