【登录信息】
*66ae15b631839f8e837cb0e4b0599b89*
`登陆天数: 93天 / 856天
等级: 135
石头: 149
呼符: 14
体力: 59.14 / 139
友情点: 25 / 186105`
*連続ログイン2日目
※ログインが途切れるか、7日到達すると
1日目から再開されます*
`聖晶石 X 1
11月交換券(2022) X 1
`*FGO カルデア放送局 ライト版 ～カルデア妖精騎士杯～ 放送記念 初回ログインボーナス*
*開催期間中、初回ログインで「聖晶石×14」をプレゼント！*
`聖晶石 X 14
`_2022-11-09 19:38:11_
--------
*ac95c3e7a5e1685f4f63172cd680f7e6*
`登陆天数: 73天 / 73天
等级: 26
石头: 52
呼符: 10
体力: 19763.823333333334 / 51
友情点: 0 / 23450`
*連続ログイン3日目
※ログインが途切れるか、7日到達すると
1日目から再開されます*
`叡智の業火 X 1
11月交換券(2022) X 1
`*FGO カルデア放送局 ライト版 ～カルデア妖精騎士杯～ 放送記念 初回ログインボーナス*
*開催期間中、初回ログインで「聖晶石×14」をプレゼント！*
`聖晶石 X 14
`_2022-11-09 19:38:20_
--------
*fcd9ccfe9a80271df8dbb5dd8e627821*
`登陆天数: 78天 / 1114天
等级: 125
石头: 1152
呼符: 11
体力: 19792.47 / 137
友情点: 0 / 854715`
*連続ログイン1日目
※ログインが途切れるか、7日到達すると
1日目から再開されます*
`フレンドポイント X 2000
11月交換券(2022) X 1
`*FGO カルデア放送局 ライト版 ～カルデア妖精騎士杯～ 放送記念 初回ログインボーナス*
*開催期間中、初回ログインで「聖晶石×14」をプレゼント！*
`聖晶石 X 14
`_2022-11-09 19:38:28_
--------
