【登录信息】
*66ae15b631839f8e837cb0e4b0599b89*
`登陆天数: 94天 / 857天
等级: 135
石头: 149
呼符: 14
体力: 347.19 / 139
友情点: 0 / 186105`
*連続ログイン3日目
※ログインが途切れるか、7日到達すると
1日目から再開されます*
`叡智の業火 X 1
11月交換券(2022) X 1
`_2022-11-10 19:38:26_
--------
*ac95c3e7a5e1685f4f63172cd680f7e6*
`登陆天数: 74天 / 74天
等级: 26
石头: 52
呼符: 10
体力: 20051.873333333333 / 51
友情点: 0 / 23450`
*連続ログイン4日目
※ログインが途切れるか、7日到達すると
1日目から再開されます*
`聖晶石 X 1
11月交換券(2022) X 1
`_2022-11-10 19:38:35_
--------
*fcd9ccfe9a80271df8dbb5dd8e627821*
`登陆天数: 79天 / 1115天
等级: 125
石头: 1152
呼符: 11
体力: 20080.52 / 137
友情点: 0 / 854715`
*連続ログイン2日目
※ログインが途切れるか、7日到達すると
1日目から再開されます*
`聖晶石 X 1
11月交換券(2022) X 1
`_2022-11-10 19:38:42_
--------
