【登录信息】
*66ae15b631839f8e837cb0e4b0599b89*
`登陆天数: 97天 / 860天
等级: 135
石头: 171
呼符: 18
体力: 235.19 / 139
友情点: 0 / 186765`
*連続ログイン6日目
※ログインが途切れるか、7日到達すると
1日目から再開されます*
`聖晶石 X 2
11月交換券(2022) X 1
`_2022-11-13 19:38:16_
--------
*ac95c3e7a5e1685f4f63172cd680f7e6*
`登陆天数: 77天 / 77天
等级: 26
石头: 52
呼符: 10
体力: 20915.84 / 51
友情点: 0 / 23450`
*連続ログイン7日間到達おめでとうございます！
明日は1日目からリスタートされます。*
`獣の足跡 X 1
呼符 X 1
11月交換券(2022) X 1
`_2022-11-13 19:38:24_
--------
*fcd9ccfe9a80271df8dbb5dd8e627821*
`登陆天数: 82天 / 1118天
等级: 125
石头: 1152
呼符: 11
体力: 20944.486666666668 / 137
友情点: 0 / 854715`
*連続ログイン5日目
※ログインが途切れるか、7日到達すると
1日目から再開されます*
`叡智の業火 X 2
11月交換券(2022) X 1
`_2022-11-13 19:38:32_
--------
