【登录信息】
*66ae15b631839f8e837cb0e4b0599b89*
`登陆天数: 103天 / 866天
等级: 135
石头: 177
呼符: 22
体力: 234.5 / 139
友情点: 0 / 270440`
*連続ログイン5日目
※ログインが途切れるか、7日到達すると
1日目から再開されます*
`叡智の業火 X 2
11月交換券(2022) X 1
`_2022-11-19 19:38:14_
--------
*ac95c3e7a5e1685f4f63172cd680f7e6*
`登陆天数: 83天 / 83天
等级: 26
石头: 52
呼符: 10
体力: 22643.83 / 51
友情点: 0 / 23450`
*連続ログイン6日目
※ログインが途切れるか、7日到達すると
1日目から再開されます*
`聖晶石 X 2
11月交換券(2022) X 1
`_2022-11-19 19:38:22_
--------
*fcd9ccfe9a80271df8dbb5dd8e627821*
`登陆天数: 88天 / 1124天
等级: 125
石头: 1152
呼符: 11
体力: 22672.476666666666 / 137
友情点: 0 / 854715`
*連続ログイン4日目
※ログインが途切れるか、7日到達すると
1日目から再開されます*
`聖晶石 X 1
11月交換券(2022) X 1
`_2022-11-19 19:38:30_
--------
