【登录信息】
*66ae15b631839f8e837cb0e4b0599b89*
`登陆天数: 104天 / 867天
等级: 135
石头: 177
呼符: 22
体力: 228.70666666666665 / 139
友情点: 10 / 288425`
*連続ログイン6日目
※ログインが途切れるか、7日到達すると
1日目から再開されます*
`聖晶石 X 2
11月交換券(2022) X 1
`_2022-11-20 19:38:00_
--------
*ac95c3e7a5e1685f4f63172cd680f7e6*
`登陆天数: 84天 / 84天
等级: 26
石头: 52
呼符: 10
体力: 22931.786666666667 / 51
友情点: 0 / 23450`
*連続ログイン7日間到達おめでとうございます！
明日は1日目からリスタートされます。*
`獣の足跡 X 1
呼符 X 1
11月交換券(2022) X 1
`_2022-11-20 19:38:08_
--------
*fcd9ccfe9a80271df8dbb5dd8e627821*
`登陆天数: 89天 / 1125天
等级: 125
石头: 1152
呼符: 11
体力: 22960.433333333334 / 137
友情点: 0 / 854715`
*連続ログイン5日目
※ログインが途切れるか、7日到達すると
1日目から再開されます*
`叡智の業火 X 2
11月交換券(2022) X 1
`_2022-11-20 19:38:16_
--------
