【登录信息】
*66ae15b631839f8e837cb0e4b0599b89*
`登陆天数: 105天 / 868天
等级: 135
石头: 177
呼符: 22
体力: 217.44333333333333 / 139
友情点: 0 / 288500`
*連続ログイン7日間到達おめでとうございます！
明日は1日目からリスタートされます。*
`獣の足跡 X 1
呼符 X 1
11月交換券(2022) X 1
`_2022-11-21 19:38:19_
--------
*ac95c3e7a5e1685f4f63172cd680f7e6*
`登陆天数: 85天 / 85天
等级: 26
石头: 52
呼符: 10
体力: 23219.846666666668 / 51
友情点: 0 / 23450`
*連続ログイン1日目
※ログインが途切れるか、7日到達すると
1日目から再開されます*
`フレンドポイント X 2000
11月交換券(2022) X 1
`_2022-11-21 19:38:27_
--------
*fcd9ccfe9a80271df8dbb5dd8e627821*
`登陆天数: 90天 / 1126天
等级: 125
石头: 1152
呼符: 11
体力: 23248.496666666666 / 137
友情点: 0 / 854715`
*連続ログイン6日目
※ログインが途切れるか、7日到達すると
1日目から再開されます*
`聖晶石 X 2
11月交換券(2022) X 1
`_2022-11-21 19:38:35_
--------
