【登录信息】
*66ae15b631839f8e837cb0e4b0599b89*
`登陆天数: 107天 / 870天
等级: 136
石头: 182
呼符: 23
体力: 191.72333333333333 / 139
友情点: 0 / 323425`
*連続ログイン2日目
※ログインが途切れるか、7日到達すると
1日目から再開されます*
`聖晶石 X 1
11月交換券(2022) X 1
`_2022-11-23 19:37:41_
--------
*ac95c3e7a5e1685f4f63172cd680f7e6*
`登陆天数: 87天 / 87天
等级: 26
石头: 52
呼符: 10
体力: 23795.72 / 51
友情点: 0 / 23450`
*連続ログイン3日目
※ログインが途切れるか、7日到達すると
1日目から再開されます*
`叡智の業火 X 1
11月交換券(2022) X 1
`_2022-11-23 19:37:49_
--------
*fcd9ccfe9a80271df8dbb5dd8e627821*
`登陆天数: 92天 / 1128天
等级: 125
石头: 1152
呼符: 11
体力: 23824.366666666665 / 137
友情点: 0 / 854715`
*連続ログイン1日目
※ログインが途切れるか、7日到達すると
1日目から再開されます*
`フレンドポイント X 2000
11月交換券(2022) X 1
`_2022-11-23 19:37:57_
--------
