【登录信息】
*66ae15b631839f8e837cb0e4b0599b89*
`登陆天数: 109天 / 872天
等级: 136
石头: 209
呼符: 23
体力: 215.45 / 139
友情点: 0 / 323805`
*連続ログイン4日目
※ログインが途切れるか、7日到達すると
1日目から再開されます*
`聖晶石 X 1
11月交換券(2022) X 1
`_2022-11-25 19:37:31_
--------
*ac95c3e7a5e1685f4f63172cd680f7e6*
`登陆天数: 89天 / 89天
等级: 26
石头: 52
呼符: 10
体力: 24371.68666666667 / 51
友情点: 0 / 23450`
*連続ログイン5日目
※ログインが途切れるか、7日到達すると
1日目から再開されます*
`叡智の業火 X 2
11月交換券(2022) X 1
`_2022-11-25 19:37:39_
--------
*fcd9ccfe9a80271df8dbb5dd8e627821*
`登陆天数: 94天 / 1130天
等级: 125
石头: 1152
呼符: 11
体力: 24400.336666666666 / 137
友情点: 0 / 854715`
*連続ログイン3日目
※ログインが途切れるか、7日到達すると
1日目から再開されます*
`叡智の業火 X 1
11月交換券(2022) X 1
`_2022-11-25 19:37:47_
--------
