【登录信息】
*66ae15b631839f8e837cb0e4b0599b89*
`登陆天数: 57天 / 820天
等级: 134
石头: 15
呼符: 5
体力: 137.88333333333333 / 139
友情点: 0 / 159425`
*連続ログイン1日目
※ログインが途切れるか、7日到達すると
1日目から再開されます*
`フレンドポイント X 2000
10月交換券(2022) X 1
`_2022-10-04 19:44:07_
--------
*ac95c3e7a5e1685f4f63172cd680f7e6*
`登陆天数: 37天 / 37天
等级: 26
石头: 52
呼符: 10
体力: 9397.006666666666 / 51
友情点: 0 / 23450`
*連続ログイン2日目
※ログインが途切れるか、7日到達すると
1日目から再開されます*
`聖晶石 X 1
10月交換券(2022) X 1
`_2022-10-04 19:44:15_
--------
*fcd9ccfe9a80271df8dbb5dd8e627821*
`登陆天数: 42天 / 1078天
等级: 125
石头: 1152
呼符: 11
体力: 9425.653333333334 / 137
友情点: 0 / 854715`
*連続ログイン7日間到達おめでとうございます！
明日は1日目からリスタートされます。*
`獣の足跡 X 1
呼符 X 1
10月交換券(2022) X 1
`_2022-10-04 19:44:22_
--------
