【登录信息】
*66ae15b631839f8e837cb0e4b0599b89*
`登陆天数: 58天 / 821天
等级: 134
石头: 15
呼符: 7
体力: 232.21666666666667 / 139
友情点: 0 / 159875`
*連続ログイン2日目
※ログインが途切れるか、7日到達すると
1日目から再開されます*
`聖晶石 X 1
10月交換券(2022) X 1
`_2022-10-05 19:47:58_
--------
*ac95c3e7a5e1685f4f63172cd680f7e6*
`登陆天数: 38天 / 38天
等级: 26
石头: 52
呼符: 10
体力: 9685.776666666667 / 51
友情点: 0 / 23450`
*連続ログイン3日目
※ログインが途切れるか、7日到達すると
1日目から再開されます*
`叡智の業火 X 1
10月交換券(2022) X 1
`*Road to 7 [Lostbelt No.5 オリュンポス]開催！*
*Road to 7 [Lostbelt No.5 オリュンポス]開催！*
``_2022-10-05 19:48:06_
--------
*fcd9ccfe9a80271df8dbb5dd8e627821*
`登陆天数: 43天 / 1079天
等级: 125
石头: 1152
呼符: 11
体力: 9714.426666666666 / 137
友情点: 0 / 854715`
*連続ログイン1日目
※ログインが途切れるか、7日到達すると
1日目から再開されます*
`フレンドポイント X 2000
10月交換券(2022) X 1
`*Road to 7 [Lostbelt No.5 オリュンポス]開催！*
*Road to 7 [Lostbelt No.5 オリュンポス]開催！*
``_2022-10-05 19:48:14_
--------
