【登录信息】
*66ae15b631839f8e837cb0e4b0599b89*
`登陆天数: 65天 / 828天
等级: 134
石头: 42
呼符: 1
体力: 466.61 / 139
友情点: 0 / 163200`
*連続ログイン2日目
※ログインが途切れるか、7日到達すると
1日目から再開されます*
`聖晶石 X 1
10月交換券(2022) X 1
`*FGO カルデア放送局 ライト版 ～108人のハロウィン・リベリオン！～ 放送記念 初回ログインボーナス*
*開催期間中、初回ログインで「聖晶石×14」をプレゼント！*
`聖晶石 X 14
`_2022-10-12 19:45:15_
--------
*ac95c3e7a5e1685f4f63172cd680f7e6*
`登陆天数: 45天 / 45天
等级: 26
石头: 52
呼符: 10
体力: 11701.233333333334 / 51
友情点: 0 / 23450`
*連続ログイン3日目
※ログインが途切れるか、7日到達すると
1日目から再開されます*
`叡智の業火 X 1
10月交換券(2022) X 1
`*FGO カルデア放送局 ライト版 ～108人のハロウィン・リベリオン！～ 放送記念 初回ログインボーナス*
*開催期間中、初回ログインで「聖晶石×14」をプレゼント！*
`聖晶石 X 14
`_2022-10-12 19:45:23_
--------
*fcd9ccfe9a80271df8dbb5dd8e627821*
`登陆天数: 50天 / 1086天
等级: 125
石头: 1152
呼符: 11
体力: 11729.883333333333 / 137
友情点: 0 / 854715`
*連続ログイン1日目
※ログインが途切れるか、7日到達すると
1日目から再開されます*
`フレンドポイント X 2000
10月交換券(2022) X 1
`*FGO カルデア放送局 ライト版 ～108人のハロウィン・リベリオン！～ 放送記念 初回ログインボーナス*
*開催期間中、初回ログインで「聖晶石×14」をプレゼント！*
`聖晶石 X 14
`_2022-10-12 19:45:31_
--------
