【登录信息】
*66ae15b631839f8e837cb0e4b0599b89*
`登陆天数: 68天 / 831天
等级: 134
石头: 7
呼符: 0
体力: 234.68333333333334 / 139
友情点: 0 / 165840`
*連続ログイン5日目
※ログインが途切れるか、7日到達すると
1日目から再開されます*
`叡智の業火 X 2
10月交換券(2022) X 1
`_2022-10-15 19:41:46_
--------
*ac95c3e7a5e1685f4f63172cd680f7e6*
`登陆天数: 48天 / 48天
等级: 26
石头: 52
呼符: 10
体力: 12564.54 / 51
友情点: 0 / 23450`
*連続ログイン6日目
※ログインが途切れるか、7日到達すると
1日目から再開されます*
`聖晶石 X 2
10月交換券(2022) X 1
`_2022-10-15 19:41:54_
--------
*fcd9ccfe9a80271df8dbb5dd8e627821*
`登陆天数: 53天 / 1089天
等级: 125
石头: 1152
呼符: 11
体力: 12593.186666666666 / 137
友情点: 0 / 854715`
*連続ログイン4日目
※ログインが途切れるか、7日到達すると
1日目から再開されます*
`聖晶石 X 1
10月交換券(2022) X 1
`_2022-10-15 19:42:02_
--------
