【登录信息】
*66ae15b631839f8e837cb0e4b0599b89*
`登陆天数: 69天 / 832天
等级: 134
石头: 8
呼符: 0
体力: 196.55666666666667 / 139
友情点: 0 / 166140`
*連続ログイン6日目
※ログインが途切れるか、7日到達すると
1日目から再開されます*
`聖晶石 X 2
10月交換券(2022) X 1
`*「FGO キャスト＆スタッフトーク in マチ★アソビvol.25」
開催記念 初回ログインボーナス*
*開催期間中、初回ログインで「聖晶石×10」をプレゼント！*
`聖晶石 X 10
`_2022-10-16 19:41:52_
--------
*ac95c3e7a5e1685f4f63172cd680f7e6*
`登陆天数: 49天 / 49天
等级: 26
石头: 52
呼符: 10
体力: 12852.556666666667 / 51
友情点: 0 / 23450`
*連続ログイン7日間到達おめでとうございます！
明日は1日目からリスタートされます。*
`獣の足跡 X 1
呼符 X 1
10月交換券(2022) X 1
`*「FGO キャスト＆スタッフトーク in マチ★アソビvol.25」
開催記念 初回ログインボーナス*
*開催期間中、初回ログインで「聖晶石×10」をプレゼント！*
`聖晶石 X 10
`_2022-10-16 19:42:00_
--------
*fcd9ccfe9a80271df8dbb5dd8e627821*
`登陆天数: 54天 / 1090天
等级: 125
石头: 1152
呼符: 11
体力: 12881.206666666667 / 137
友情点: 0 / 854715`
*連続ログイン5日目
※ログインが途切れるか、7日到達すると
1日目から再開されます*
`叡智の業火 X 2
10月交換券(2022) X 1
`*「FGO キャスト＆スタッフトーク in マチ★アソビvol.25」
開催記念 初回ログインボーナス*
*開催期間中、初回ログインで「聖晶石×10」をプレゼント！*
`聖晶石 X 10
`_2022-10-16 19:42:08_
--------
