【登录信息】
*66ae15b631839f8e837cb0e4b0599b89*
`登陆天数: 72天 / 835天
等级: 135
石头: 39
呼符: 6
体力: 159.02666666666667 / 139
友情点: 25 / 171540`
*連続ログイン2日目
※ログインが途切れるか、7日到達すると
1日目から再開されます*
`聖晶石 X 1
10月交換券(2022) X 1
`_2022-10-19 19:47:22_
--------
*ac95c3e7a5e1685f4f63172cd680f7e6*
`登陆天数: 52天 / 52天
等级: 26
石头: 52
呼符: 10
体力: 13717.656666666666 / 51
友情点: 0 / 23450`
*連続ログイン3日目
※ログインが途切れるか、7日到達すると
1日目から再開されます*
`叡智の業火 X 1
10月交換券(2022) X 1
`_2022-10-19 19:47:30_
--------
*fcd9ccfe9a80271df8dbb5dd8e627821*
`登陆天数: 57天 / 1093天
等级: 125
石头: 1152
呼符: 11
体力: 13746.306666666667 / 137
友情点: 0 / 854715`
*連続ログイン1日目
※ログインが途切れるか、7日到達すると
1日目から再開されます*
`フレンドポイント X 2000
10月交換券(2022) X 1
`_2022-10-19 19:47:38_
--------
