【登录信息】
*66ae15b631839f8e837cb0e4b0599b89*
`登陆天数: 73天 / 836天
等级: 135
石头: 40
呼符: 6
体力: 273.7 / 139
友情点: 125 / 171825`
*連続ログイン3日目
※ログインが途切れるか、7日到達すると
1日目から再開されます*
`叡智の業火 X 1
10月交換券(2022) X 1
`_2022-10-20 19:47:56_
--------
*ac95c3e7a5e1685f4f63172cd680f7e6*
`登陆天数: 53天 / 53天
等级: 26
石头: 52
呼符: 10
体力: 14005.77 / 51
友情点: 0 / 23450`
*連続ログイン4日目
※ログインが途切れるか、7日到達すると
1日目から再開されます*
`聖晶石 X 1
10月交換券(2022) X 1
`_2022-10-20 19:48:04_
--------
*fcd9ccfe9a80271df8dbb5dd8e627821*
`登陆天数: 58天 / 1094天
等级: 125
石头: 1152
呼符: 11
体力: 14034.416666666666 / 137
友情点: 0 / 854715`
*連続ログイン2日目
※ログインが途切れるか、7日到達すると
1日目から再開されます*
`聖晶石 X 1
10月交換券(2022) X 1
`_2022-10-20 19:48:11_
--------
