【登录信息】
*66ae15b631839f8e837cb0e4b0599b89*
`登陆天数: 75天 / 838天
等级: 135
石头: 40
呼符: 6
体力: 240.04666666666668 / 139
友情点: 100 / 172135`
*連続ログイン5日目
※ログインが途切れるか、7日到達すると
1日目から再開されます*
`叡智の業火 X 2
10月交換券(2022) X 1
`_2022-10-22 19:42:17_
--------
*ac95c3e7a5e1685f4f63172cd680f7e6*
`登陆天数: 55天 / 55天
等级: 26
石头: 52
呼符: 10
体力: 14580.64 / 51
友情点: 0 / 23450`
*連続ログイン6日目
※ログインが途切れるか、7日到達すると
1日目から再開されます*
`聖晶石 X 2
10月交換券(2022) X 1
`_2022-10-22 19:42:25_
--------
*fcd9ccfe9a80271df8dbb5dd8e627821*
`登陆天数: 60天 / 1096天
等级: 125
石头: 1152
呼符: 11
体力: 14609.29 / 137
友情点: 0 / 854715`
*連続ログイン4日目
※ログインが途切れるか、7日到達すると
1日目から再開されます*
`聖晶石 X 1
10月交換券(2022) X 1
`_2022-10-22 19:42:33_
--------
