【登录信息】
*66ae15b631839f8e837cb0e4b0599b89*
`登陆天数: 77天 / 840天
等级: 135
石头: 42
呼符: 6
体力: 258.80333333333334 / 139
友情点: 0 / 172330`
*連続ログイン7日間到達おめでとうございます！
明日は1日目からリスタートされます。*
`獣の足跡 X 1
呼符 X 1
10月交換券(2022) X 1
`_2022-10-24 19:47:45_
--------
*ac95c3e7a5e1685f4f63172cd680f7e6*
`登陆天数: 57天 / 57天
等级: 26
石头: 52
呼符: 10
体力: 15157.733333333334 / 51
友情点: 0 / 23450`
*連続ログイン1日目
※ログインが途切れるか、7日到達すると
1日目から再開されます*
`フレンドポイント X 2000
10月交換券(2022) X 1
`_2022-10-24 19:47:53_
--------
*fcd9ccfe9a80271df8dbb5dd8e627821*
`登陆天数: 62天 / 1098天
等级: 125
石头: 1152
呼符: 11
体力: 15186.38 / 137
友情点: 0 / 854715`
*連続ログイン6日目
※ログインが途切れるか、7日到達すると
1日目から再開されます*
`聖晶石 X 2
10月交換券(2022) X 1
`_2022-10-24 19:48:01_
--------
