【登录信息】
*66ae15b631839f8e837cb0e4b0599b89*
`登陆天数: 79天 / 842天
等级: 135
石头: 55
呼符: 7
体力: 242.42666666666668 / 139
友情点: 0 / 174540`
*連続ログイン2日目
※ログインが途切れるか、7日到達すると
1日目から再開されます*
`聖晶石 X 1
10月交換券(2022) X 1
`_2022-10-26 19:39:06_
--------
*ac95c3e7a5e1685f4f63172cd680f7e6*
`登陆天数: 59天 / 59天
等级: 26
石头: 52
呼符: 10
体力: 15732.003333333334 / 51
友情点: 0 / 23450`
*連続ログイン3日目
※ログインが途切れるか、7日到達すると
1日目から再開されます*
`叡智の業火 X 1
10月交換券(2022) X 1
`_2022-10-26 19:39:14_
--------
*fcd9ccfe9a80271df8dbb5dd8e627821*
`登陆天数: 64天 / 1100天
等级: 125
石头: 1152
呼符: 11
体力: 15760.653333333334 / 137
友情点: 0 / 854715`
*連続ログイン1日目
※ログインが途切れるか、7日到達すると
1日目から再開されます*
`フレンドポイント X 2000
10月交換券(2022) X 1
`_2022-10-26 19:39:22_
--------
