【登录信息】
*66ae15b631839f8e837cb0e4b0599b89*
`登陆天数: 80天 / 843天
等级: 135
石头: 55
呼符: 7
体力: 308.8833333333333 / 139
友情点: 0 / 174575`
*連続ログイン3日目
※ログインが途切れるか、7日到達すると
1日目から再開されます*
`叡智の業火 X 1
10月交換券(2022) X 1
`*特異点修復応援キャンペーン 特別回数ログインボーナス*
*開催期間中、1日1回 最大7回 ログインボーナスをプレゼント！*
`聖晶石 X 1
`_2022-10-27 19:39:42_
--------
*ac95c3e7a5e1685f4f63172cd680f7e6*
`登陆天数: 60天 / 60天
等级: 26
石头: 52
呼符: 10
体力: 16020.126666666667 / 51
友情点: 0 / 23450`
*連続ログイン4日目
※ログインが途切れるか、7日到達すると
1日目から再開されます*
`聖晶石 X 1
10月交換券(2022) X 1
`*特異点修復応援キャンペーン 特別回数ログインボーナス*
*開催期間中、1日1回 最大7回 ログインボーナスをプレゼント！*
`聖晶石 X 1
`_2022-10-27 19:39:51_
--------
*fcd9ccfe9a80271df8dbb5dd8e627821*
`登陆天数: 65天 / 1101天
等级: 125
石头: 1152
呼符: 11
体力: 16048.773333333333 / 137
友情点: 0 / 854715`
*連続ログイン2日目
※ログインが途切れるか、7日到達すると
1日目から再開されます*
`聖晶石 X 1
10月交換券(2022) X 1
`*特異点修復応援キャンペーン 特別回数ログインボーナス*
*開催期間中、1日1回 最大7回 ログインボーナスをプレゼント！*
`聖晶石 X 1
`_2022-10-27 19:39:59_
--------
