【登录信息】
*66ae15b631839f8e837cb0e4b0599b89*
`登陆天数: 6天 / 918天
等级: 136
石头: 6
呼符: 0
体力: 3109.653333333333 / 139
友情点: 0 / 646970`
*連続ログイン6日目
※ログインが途切れるか、7日到達すると
1日目から再開されます*
`聖晶石 X 2
1月交換券(2023) X 1
`_2023-01-19 19:38:29_
--------
*ac95c3e7a5e1685f4f63172cd680f7e6*
`登陆天数: 6天 / 124天
等级: 26
石头: 52
呼符: 10
体力: 40211.88333333333 / 51
友情点: 0 / 23450`
*連続ログイン6日目
※ログインが途切れるか、7日到達すると
1日目から再開されます*
`聖晶石 X 2
1月交換券(2023) X 1
`*「Lostbelt No.7 黄金樹海紀行 ナウイ・ミクトラン 惑星を統べるもの」(後編)開幕直前連続ログインボーナス*
*開催期間中、1日1回 最大7回 連続ログインボーナスをプレゼント！*
`黄金の果実 X 3
`_2023-01-19 19:38:37_
--------
