【登录信息】
*66ae15b631839f8e837cb0e4b0599b89*
`登陆天数: 7天 / 919天
等级: 136
石头: 8
呼符: 0
体力: 3397.5266666666666 / 139
友情点: 0 / 646970`
*連続ログイン7日間到達おめでとうございます！
明日は1日目からリスタートされます。*
`獣の足跡 X 1
呼符 X 1
1月交換券(2023) X 1
`_2023-01-20 19:37:51_
--------
*ac95c3e7a5e1685f4f63172cd680f7e6*
`登陆天数: 7天 / 125天
等级: 26
石头: 52
呼符: 10
体力: 40499.753333333334 / 51
友情点: 0 / 23450`
*連続ログイン7日間到達おめでとうございます！
明日は1日目からリスタートされます。*
`獣の足跡 X 1
呼符 X 1
1月交換券(2023) X 1
`*「Lostbelt No.7 黄金樹海紀行 ナウイ・ミクトラン 惑星を統べるもの」(後編)開幕直前連続ログインボーナス*
*開催期間中、1日1回 最大7回 連続ログインボーナスをプレゼント！*
`聖晶石 X 4
`_2023-01-20 19:37:59_
--------
