【登录信息】
*66ae15b631839f8e837cb0e4b0599b89*
`登陆天数: 36天 / 1740天
等级: 143
石头: 193
呼符: 9
体力: 39248.503333333334 / 141
友情点: 0 / 3205915`
*連続ログイン1日目
※ログインが途切れるか、7日到達すると
1日目から再開されます*
`英霊結晶・星のフォウくん X 1
フレンドポイント X 2000
2月交換券(2026) X 1
`_2026-02-10 20:06:35_
--------
*ac95c3e7a5e1685f4f63172cd680f7e6*
`登陆天数: 36天 / 839天
等级: 26
石头: 52
呼符: 10
体力: 362201.50333333336 / 51
友情点: 0 / 23450`
*連続ログイン1日目
※ログインが途切れるか、7日到達すると
1日目から再開されます*
`英霊結晶・星のフォウくん X 1
フレンドポイント X 2000
2月交換券(2026) X 1
`_2026-02-10 20:06:44_
--------
