【登录信息】
*66ae15b631839f8e837cb0e4b0599b89*
`登陆天数: 57天 / 969天
等级: 137
石头: 166
呼符: 14
体力: 1260.0333333333333 / 140
友情点: 0 / 663540`
*連続ログイン1日目
※ログインが途切れるか、7日到達すると
1日目から再開されます*
`フレンドポイント X 2000
3月交換券(2023) X 1
`*「FGO ウィンターパーティー 2022-2023」大阪会場開催直前 ログインボーナス*
*開催期間中、1日1回 最大3回 ログインボーナスをプレゼント！*
`黄金の果実 X 1
`_2023-03-11 19:37:58_
--------
*ac95c3e7a5e1685f4f63172cd680f7e6*
`登陆天数: 57天 / 175天
等级: 26
石头: 52
呼符: 10
体力: 54899.78 / 51
友情点: 0 / 23450`
*連続ログイン1日目
※ログインが途切れるか、7日到達すると
1日目から再開されます*
`フレンドポイント X 2000
3月交換券(2023) X 1
`*「FGO ウィンターパーティー 2022-2023」大阪会場開催直前 ログインボーナス*
*開催期間中、1日1回 最大3回 ログインボーナスをプレゼント！*
`黄金の果実 X 1
`_2023-03-11 19:38:07_
--------
