【登录信息】
*66ae15b631839f8e837cb0e4b0599b89*
`登陆天数: 58天 / 970天
等级: 137
石头: 166
呼符: 14
体力: 1547.99 / 140
友情点: 0 / 663540`
*連続ログイン2日目
※ログインが途切れるか、7日到達すると
1日目から再開されます*
`聖晶石 X 1
3月交換券(2023) X 1
`*CBC2023開催直前特別連続ログインボーナス*
*開催期間中、1日1回 最大7回 連続ログインボーナスをプレゼント！*
`英霊結晶・太陽のフォウくん X 3
`_2023-03-12 19:37:45_
--------
*ac95c3e7a5e1685f4f63172cd680f7e6*
`登陆天数: 58天 / 176天
等级: 26
石头: 52
呼符: 10
体力: 55187.736666666664 / 51
友情点: 0 / 23450`
*連続ログイン2日目
※ログインが途切れるか、7日到達すると
1日目から再開されます*
`聖晶石 X 1
3月交換券(2023) X 1
`*CBC2023開催直前特別連続ログインボーナス*
*開催期間中、1日1回 最大7回 連続ログインボーナスをプレゼント！*
`英霊結晶・太陽のフォウくん X 3
`_2023-03-12 19:37:54_
--------
