【登录信息】
*66ae15b631839f8e837cb0e4b0599b89*
`登陆天数: 60天 / 972天
等级: 137
石头: 191
呼符: 16
体力: 118.7 / 140
友情点: 0 / 665540`
*連続ログイン4日目
※ログインが途切れるか、7日到達すると
1日目から再開されます*
`聖晶石 X 1
3月交換券(2023) X 1
`*CBC2023開催直前特別連続ログインボーナス*
*開催期間中、1日1回 最大7回 連続ログインボーナスをプレゼント！*
`聖晶石 X 3
`_2023-03-14 19:39:02_
--------
*ac95c3e7a5e1685f4f63172cd680f7e6*
`登陆天数: 60天 / 178天
等级: 26
石头: 52
呼符: 10
体力: 55763.99333333333 / 51
友情点: 0 / 23450`
*連続ログイン4日目
※ログインが途切れるか、7日到達すると
1日目から再開されます*
`聖晶石 X 1
3月交換券(2023) X 1
`*CBC2023開催直前特別連続ログインボーナス*
*開催期間中、1日1回 最大7回 連続ログインボーナスをプレゼント！*
`聖晶石 X 3
`_2023-03-14 19:39:11_
--------
