【登录信息】
*66ae15b631839f8e837cb0e4b0599b89*
`登陆天数: 67天 / 1282天
等级: 139
石头: 54
呼符: 0
体力: 1099.4533333333334 / 140
友情点: 0 / 2230980`
*連続ログイン4日目
※ログインが途切れるか、7日到達すると
1日目から再開されます*
`聖晶石 X 1
9月交換券(2024) X 1
`*使用期限付コンティニューアイテムプレゼント！*
*開催期間中、初回ログインでコンティニューアイテム「霊脈石×3」をプレゼント！*
`霊脈石 X 3
`_2024-09-02 08:09:55_
--------
*ac95c3e7a5e1685f4f63172cd680f7e6*
`登陆天数: 67天 / 473天
等级: 26
石头: 52
呼符: 10
体力: 210570.17333333334 / 51
友情点: 0 / 23450`
*連続ログイン4日目
※ログインが途切れるか、7日到達すると
1日目から再開されます*
`聖晶石 X 1
9月交換券(2024) X 1
`*使用期限付コンティニューアイテムプレゼント！*
*開催期間中、初回ログインでコンティニューアイテム「霊脈石×3」をプレゼント！*
`霊脈石 X 3
`_2024-09-02 08:10:04_
--------
