【登录信息】
*66ae15b631839f8e837cb0e4b0599b89*
`登陆天数: 71天 / 1286天
等级: 139
石头: 67
呼符: 0
体力: 89.30333333333334 / 140
友情点: 0 / 2231835`
*連続ログイン1日目
※ログインが途切れるか、7日到達すると
1日目から再開されます*
`フレンドポイント X 2000
9月交換券(2024) X 1
`*「奏章Ⅲ 新霊長後継戦 アーキタイプ・インセプション」(中編)開幕直前カウントダウンログインボーナス*
*開催期間中、1日1回 6日間日替わりでログインボーナスをプレゼント！*
`黄金の果実 X 3
`_2024-09-05 19:36:27_
--------
*ac95c3e7a5e1685f4f63172cd680f7e6*
`登陆天数: 71天 / 477天
等级: 26
石头: 52
呼符: 10
体力: 211571.48 / 51
友情点: 0 / 23450`
*連続ログイン1日目
※ログインが途切れるか、7日到達すると
1日目から再開されます*
`フレンドポイント X 2000
9月交換券(2024) X 1
`*「奏章Ⅲ 新霊長後継戦 アーキタイプ・インセプション」(中編)開幕直前カウントダウンログインボーナス*
*開催期間中、1日1回 6日間日替わりでログインボーナスをプレゼント！*
`黄金の果実 X 3
`_2024-09-05 19:36:36_
--------
