【登录信息】
*66ae15b631839f8e837cb0e4b0599b89*
`登陆天数: 72天 / 1287天
等级: 139
石头: 75
呼符: 1
体力: 71.98666666666666 / 140
友情点: 0 / 2235835`
*連続ログイン2日目
※ログインが途切れるか、7日到達すると
1日目から再開されます*
`聖晶石 X 1
9月交換券(2024) X 1
`*奏章Ⅲ 新霊長後継戦 アーキタイプ・インセプション 開幕記念 ログインボーナス*
*開催期間中、1日1回 最大78回 ログインボーナスをプレゼント！*
`白銀の果実 X 1
`_2024-09-06 19:37:28_
--------
*ac95c3e7a5e1685f4f63172cd680f7e6*
`登陆天数: 72天 / 478天
等级: 26
石头: 52
呼符: 10
体力: 211859.68 / 51
友情点: 0 / 23450`
*連続ログイン2日目
※ログインが途切れるか、7日到達すると
1日目から再開されます*
`聖晶石 X 1
9月交換券(2024) X 1
`*「奏章Ⅲ 新霊長後継戦 アーキタイプ・インセプション」(中編)開幕直前カウントダウンログインボーナス*
*開催期間中、1日1回 6日間日替わりでログインボーナスをプレゼント！*
`叡智の業火 X 10
`_2024-09-06 19:37:36_
--------
