【登录信息】
*66ae15b631839f8e837cb0e4b0599b89*
`登陆天数: 73天 / 1288天
等级: 139
石头: 75
呼符: 1
体力: 225.96666666666667 / 140
友情点: 35 / 2235870`
*連続ログイン3日目
※ログインが途切れるか、7日到達すると
1日目から再開されます*
`叡智の業火 X 1
9月交換券(2024) X 1
`*「奏章Ⅲ 新霊長後継戦 アーキタイプ・インセプション」(中編)開幕直前カウントダウンログインボーナス*
*開催期間中、1日1回 6日間日替わりでログインボーナスをプレゼント！*
`QP X 3000000
`_2024-09-07 19:36:53_
--------
*ac95c3e7a5e1685f4f63172cd680f7e6*
`登陆天数: 73天 / 479天
等级: 26
石头: 52
呼符: 10
体力: 212147.56333333332 / 51
友情点: 0 / 23450`
*連続ログイン3日目
※ログインが途切れるか、7日到達すると
1日目から再開されます*
`叡智の業火 X 1
9月交換券(2024) X 1
`*「奏章Ⅲ 新霊長後継戦 アーキタイプ・インセプション」(中編)開幕直前カウントダウンログインボーナス*
*開催期間中、1日1回 6日間日替わりでログインボーナスをプレゼント！*
`QP X 3000000
`_2024-09-07 19:37:02_
--------
