【登录信息】
*66ae15b631839f8e837cb0e4b0599b89*
`登陆天数: 76天 / 1291天
等级: 139
石头: 75
呼符: 1
体力: 1090.0900000000001 / 140
友情点: 0 / 2235880`
*連続ログイン6日目
※ログインが途切れるか、7日到達すると
1日目から再開されます*
`聖晶石 X 2
9月交換券(2024) X 1
`*「奏章Ⅲ 新霊長後継戦 アーキタイプ・インセプション」(中編)開幕直前カウントダウンログインボーナス*
*開催期間中、1日1回 6日間日替わりでログインボーナスをプレゼント！*
`獣の足跡 X 1
`_2024-09-10 19:37:29_
--------
*ac95c3e7a5e1685f4f63172cd680f7e6*
`登陆天数: 76天 / 482天
等级: 26
石头: 52
呼符: 10
体力: 213011.68333333332 / 51
友情点: 0 / 23450`
*連続ログイン6日目
※ログインが途切れるか、7日到達すると
1日目から再開されます*
`聖晶石 X 2
9月交換券(2024) X 1
`*「奏章Ⅲ 新霊長後継戦 アーキタイプ・インセプション」(中編)開幕直前カウントダウンログインボーナス*
*開催期間中、1日1回 6日間日替わりでログインボーナスをプレゼント！*
`獣の足跡 X 1
`_2024-09-10 19:37:38_
--------
