【登录信息】
*66ae15b631839f8e837cb0e4b0599b89*
`登陆天数: 77天 / 1292天
等级: 139
石头: 75
呼符: 1
体力: 1378.0233333333333 / 140
友情点: 0 / 2235880`
*連続ログイン7日間到達おめでとうございます！
明日は1日目からリスタートされます。*
`獣の足跡 X 1
呼符 X 1
9月交換券(2024) X 1
`*奏章Ⅲ 新霊長後継戦 アーキタイプ・インセプション 開幕記念 ログインボーナス*
*開催期間中、1日1回 最大78回 ログインボーナスをプレゼント！*
`黄金の果実 X 1
`_2024-09-11 19:37:10_
--------
*ac95c3e7a5e1685f4f63172cd680f7e6*
`登陆天数: 77天 / 483天
等级: 26
石头: 52
呼符: 10
体力: 213299.62 / 51
友情点: 0 / 23450`
*連続ログイン7日間到達おめでとうございます！
明日は1日目からリスタートされます。*
`獣の足跡 X 1
呼符 X 1
9月交換券(2024) X 1
`*奏章Ⅲ 新霊長後継戦 アーキタイプ・インセプション 開幕記念 ログインボーナス*
*開催期間中、1日1回 最大78回 ログインボーナスをプレゼント！*
`黄金の果実 X 1
`_2024-09-11 19:37:18_
--------
