【登录信息】
*66ae15b631839f8e837cb0e4b0599b89*
`登陆天数: 82天 / 1297天
等级: 139
石头: 84
呼符: 2
体力: 965.8666666666667 / 140
友情点: 0 / 2237905`
*連続ログイン5日目
※ログインが途切れるか、7日到達すると
1日目から再開されます*
`叡智の業火 X 2
9月交換券(2024) X 1
`*奏章Ⅲ 新霊長後継戦 アーキタイプ・インセプション 開幕記念 ログインボーナス*
*開催期間中、1日1回 最大78回 ログインボーナスをプレゼント！*
`白銀の果実 X 1
`_2024-09-16 19:36:21_
--------
*ac95c3e7a5e1685f4f63172cd680f7e6*
`登陆天数: 82天 / 488天
等级: 26
石头: 52
呼符: 10
体力: 214739.45666666667 / 51
友情点: 0 / 23450`
*連続ログイン5日目
※ログインが途切れるか、7日到達すると
1日目から再開されます*
`叡智の業火 X 2
9月交換券(2024) X 1
`*奏章Ⅲ 新霊長後継戦 アーキタイプ・インセプション 開幕記念 ログインボーナス*
*開催期間中、1日1回 最大78回 ログインボーナスをプレゼント！*
`白銀の果実 X 1
`_2024-09-16 19:36:30_
--------
