【登录信息】
*66ae15b631839f8e837cb0e4b0599b89*
`登陆天数: 83天 / 1298天
等级: 139
石头: 84
呼符: 2
体力: 1254.1466666666668 / 140
友情点: 0 / 2237905`
*連続ログイン6日目
※ログインが途切れるか、7日到達すると
1日目から再開されます*
`聖晶石 X 2
9月交換券(2024) X 1
`*「奏章Ⅲ 新霊長後継戦 アーキタイプ・インセプション」(後編)
開幕直前&攻略応援特別ログインボーナス*
*開催期間中、1日1回 最大8回 ログインボーナスをプレゼント！*
`黄金の果実 X 2
`_2024-09-17 19:37:45_
--------
*ac95c3e7a5e1685f4f63172cd680f7e6*
`登陆天数: 83天 / 489天
等级: 26
石头: 52
呼符: 10
体力: 215027.74 / 51
友情点: 0 / 23450`
*連続ログイン6日目
※ログインが途切れるか、7日到達すると
1日目から再開されます*
`聖晶石 X 2
9月交換券(2024) X 1
`*「奏章Ⅲ 新霊長後継戦 アーキタイプ・インセプション」(後編)
開幕直前&攻略応援特別ログインボーナス*
*開催期間中、1日1回 最大8回 ログインボーナスをプレゼント！*
`黄金の果実 X 2
`_2024-09-17 19:37:54_
--------
