【登录信息】
*66ae15b631839f8e837cb0e4b0599b89*
`登陆天数: 84天 / 1299天
等级: 139
石头: 84
呼符: 2
体力: 1541.9266666666667 / 140
友情点: 0 / 2237905`
*連続ログイン7日間到達おめでとうございます！
明日は1日目からリスタートされます。*
`獣の足跡 X 1
呼符 X 1
9月交換券(2024) X 1
`*「奏章Ⅲ 新霊長後継戦 アーキタイプ・インセプション」(後編)
開幕直前&攻略応援特別ログインボーナス*
*開催期間中、1日1回 最大8回 ログインボーナスをプレゼント！*
`叡智の業火 X 10
`_2024-09-18 19:36:40_
--------
*ac95c3e7a5e1685f4f63172cd680f7e6*
`登陆天数: 84天 / 490天
等级: 26
石头: 52
呼符: 10
体力: 215315.52 / 51
友情点: 0 / 23450`
*連続ログイン7日間到達おめでとうございます！
明日は1日目からリスタートされます。*
`獣の足跡 X 1
呼符 X 1
9月交換券(2024) X 1
`*「奏章Ⅲ 新霊長後継戦 アーキタイプ・インセプション」(後編)
開幕直前&攻略応援特別ログインボーナス*
*開催期間中、1日1回 最大8回 ログインボーナスをプレゼント！*
`叡智の業火 X 10
`_2024-09-18 19:36:48_
--------
