【登录信息】
*66ae15b631839f8e837cb0e4b0599b89*
`登陆天数: 85天 / 1300天
等级: 139
石头: 84
呼符: 2
体力: 1829.8766666666668 / 140
友情点: 25 / 2237930`
*連続ログイン1日目
※ログインが途切れるか、7日到達すると
1日目から再開されます*
`フレンドポイント X 2000
9月交換券(2024) X 1
`*「奏章Ⅲ 新霊長後継戦 アーキタイプ・インセプション」(後編)
開幕直前&攻略応援特別ログインボーナス*
*開催期間中、1日1回 最大8回 ログインボーナスをプレゼント！*
`QP X 3000000
`_2024-09-19 19:36:24_
--------
*ac95c3e7a5e1685f4f63172cd680f7e6*
`登陆天数: 85天 / 491天
等级: 26
石头: 52
呼符: 10
体力: 215603.47 / 51
友情点: 0 / 23450`
*連続ログイン1日目
※ログインが途切れるか、7日到達すると
1日目から再開されます*
`フレンドポイント X 2000
9月交換券(2024) X 1
`*「奏章Ⅲ 新霊長後継戦 アーキタイプ・インセプション」(後編)
開幕直前&攻略応援特別ログインボーナス*
*開催期間中、1日1回 最大8回 ログインボーナスをプレゼント！*
`QP X 3000000
`_2024-09-19 19:36:33_
--------
