【登录信息】
*66ae15b631839f8e837cb0e4b0599b89*
`登陆天数: 89天 / 1304天
等级: 139
石头: 124
呼符: 3
体力: 446.57666666666665 / 140
友情点: 0 / 2240055`
*連続ログイン5日目
※ログインが途切れるか、7日到達すると
1日目から再開されます*
`叡智の業火 X 2
9月交換券(2024) X 1
`*「奏章Ⅲ 新霊長後継戦 アーキタイプ・インセプション」(後編)
開幕直前&攻略応援特別ログインボーナス*
*開催期間中、1日1回 最大8回 ログインボーナスをプレゼント！*
`獣の足跡 X 1
`_2024-09-23 19:36:50_
--------
*ac95c3e7a5e1685f4f63172cd680f7e6*
`登陆天数: 89天 / 495天
等级: 26
石头: 52
呼符: 10
体力: 216755.55333333334 / 51
友情点: 0 / 23450`
*連続ログイン5日目
※ログインが途切れるか、7日到達すると
1日目から再開されます*
`叡智の業火 X 2
9月交換券(2024) X 1
`*「奏章Ⅲ 新霊長後継戦 アーキタイプ・インセプション」(後編)
開幕直前&攻略応援特別ログインボーナス*
*開催期間中、1日1回 最大8回 ログインボーナスをプレゼント！*
`獣の足跡 X 1
`_2024-09-23 19:36:59_
--------
