【登录信息】
*66ae15b631839f8e837cb0e4b0599b89*
`登陆天数: 90天 / 1305天
等级: 139
石头: 124
呼符: 3
体力: 734.68 / 140
友情点: 0 / 2240055`
*連続ログイン6日目
※ログインが途切れるか、7日到達すると
1日目から再開されます*
`聖晶石 X 2
9月交換券(2024) X 1
`*「奏章Ⅲ 新霊長後継戦 アーキタイプ・インセプション」(後編)
開幕直前&攻略応援特別ログインボーナス*
*開催期間中、1日1回 最大8回 ログインボーナスをプレゼント！*
`星見のティーポット X 3
`_2024-09-24 19:37:20_
--------
*ac95c3e7a5e1685f4f63172cd680f7e6*
`登陆天数: 90天 / 496天
等级: 26
石头: 52
呼符: 10
体力: 217043.65666666668 / 51
友情点: 0 / 23450`
*連続ログイン6日目
※ログインが途切れるか、7日到達すると
1日目から再開されます*
`聖晶石 X 2
9月交換券(2024) X 1
`*「奏章Ⅲ 新霊長後継戦 アーキタイプ・インセプション」(後編)
開幕直前&攻略応援特別ログインボーナス*
*開催期間中、1日1回 最大8回 ログインボーナスをプレゼント！*
`星見のティーポット X 3
`_2024-09-24 19:37:29_
--------
