【登录信息】
*66ae15b631839f8e837cb0e4b0599b89*
`登陆天数: 97天 / 1312天
等级: 139
石头: 138
呼符: 4
体力: 661.7333333333333 / 140
友情点: 0 / 2243780`
*連続ログイン6日目
※ログインが途切れるか、7日到達すると
1日目から再開されます*
`聖晶石 X 2
10月交換券(2024) X 1
`*使用期限付コンティニューアイテムプレゼント！*
*開催期間中、初回ログインでコンティニューアイテム「霊脈石×3」をプレゼント！*
`霊脈石 X 3
`_2024-10-01 19:37:12_
--------
*ac95c3e7a5e1685f4f63172cd680f7e6*
`登陆天数: 97天 / 503天
等级: 26
石头: 52
呼符: 10
体力: 219059.62666666668 / 51
友情点: 0 / 23450`
*連続ログイン6日目
※ログインが途切れるか、7日到達すると
1日目から再開されます*
`聖晶石 X 2
10月交換券(2024) X 1
`*使用期限付コンティニューアイテムプレゼント！*
*開催期間中、初回ログインでコンティニューアイテム「霊脈石×3」をプレゼント！*
`霊脈石 X 3
`_2024-10-01 19:37:21_
--------
