【登录信息】
*66ae15b631839f8e837cb0e4b0599b89*
`登陆天数: 99天 / 1314天
等级: 139
石头: 138
呼符: 4
体力: 1237.8166666666666 / 140
友情点: 0 / 2243790`
*連続ログイン1日目
※ログインが途切れるか、7日到達すると
1日目から再開されます*
`フレンドポイント X 2000
10月交換券(2024) X 1
`*奏章Ⅲ 新霊長後継戦 アーキタイプ・インセプション 開幕記念 ログインボーナス*
*開催期間中、1日1回 最大78回 ログインボーナスをプレゼント！*
`白銀の果実 X 1
`_2024-10-03 19:37:36_
--------
*ac95c3e7a5e1685f4f63172cd680f7e6*
`登陆天数: 99天 / 505天
等级: 26
石头: 52
呼符: 10
体力: 219635.71 / 51
友情点: 0 / 23450`
*連続ログイン1日目
※ログインが途切れるか、7日到達すると
1日目から再開されます*
`フレンドポイント X 2000
10月交換券(2024) X 1
`*奏章Ⅲ 新霊長後継戦 アーキタイプ・インセプション 開幕記念 ログインボーナス*
*開催期間中、1日1回 最大78回 ログインボーナスをプレゼント！*
`白銀の果実 X 1
`_2024-10-03 19:37:45_
--------
