【登录信息】
*66ae15b631839f8e837cb0e4b0599b89*
`登陆天数: 100天 / 1315天
等级: 139
石头: 138
呼符: 4
体力: 1525.6566666666668 / 140
友情点: 0 / 2243790`
*連続ログイン2日目
※ログインが途切れるか、7日到達すると
1日目から再開されます*
`聖晶石 X 1
10月交換券(2024) X 1
`*3000万DL記念 特別回数ログインボーナス*
*開催期間中、1日1回 最大10回 回数ログインボーナスをプレゼント！*
`白銀の果実 X 30
`_2024-10-04 19:36:42_
--------
*ac95c3e7a5e1685f4f63172cd680f7e6*
`登陆天数: 100天 / 506天
等级: 26
石头: 52
呼符: 10
体力: 219923.55333333334 / 51
友情点: 0 / 23450`
*連続ログイン2日目
※ログインが途切れるか、7日到達すると
1日目から再開されます*
`聖晶石 X 1
10月交換券(2024) X 1
`*3000万DL記念 特別回数ログインボーナス*
*開催期間中、1日1回 最大10回 回数ログインボーナスをプレゼント！*
`白銀の果実 X 30
`_2024-10-04 19:36:58_
--------
