【登录信息】
*66ae15b631839f8e837cb0e4b0599b89*
`登陆天数: 102天 / 1317天
等级: 139
石头: 138
呼符: 4
体力: 2101.6633333333334 / 140
友情点: 25 / 2243815`
*連続ログイン4日目
※ログインが途切れるか、7日到達すると
1日目から再開されます*
`聖晶石 X 1
10月交換券(2024) X 1
`*3000万DL突破記念 10万リポスト達成プレゼント*
*開催期間中、初回ログインで「聖晶石×30」をプレゼント！*
`聖晶石 X 30
`_2024-10-06 19:36:51_
--------
*ac95c3e7a5e1685f4f63172cd680f7e6*
`登陆天数: 102天 / 508天
等级: 26
石头: 52
呼符: 10
体力: 220499.55666666667 / 51
友情点: 0 / 23450`
*連続ログイン4日目
※ログインが途切れるか、7日到達すると
1日目から再開されます*
`聖晶石 X 1
10月交換券(2024) X 1
`*3000万DL突破記念 10万リポスト達成プレゼント*
*開催期間中、初回ログインで「聖晶石×30」をプレゼント！*
`聖晶石 X 30
`_2024-10-06 19:36:59_
--------
