【登录信息】
*66ae15b631839f8e837cb0e4b0599b89*
`登陆天数: 105天 / 1320天
等级: 139
石头: 138
呼符: 4
体力: 2965.6866666666665 / 140
友情点: 150 / 2243965`
*連続ログイン7日間到達おめでとうございます！
明日は1日目からリスタートされます。*
`獣の足跡 X 1
呼符 X 1
10月交換券(2024) X 1
`*「10月開幕予定 期間限定イベント」直前ログインボーナス*
*開催期間中、1日1回 最大7回 ログインボーナスをプレゼント！*
`聖晶石 X 1
霊脈石 X 1
`_2024-10-09 19:36:58_
--------
*ac95c3e7a5e1685f4f63172cd680f7e6*
`登陆天数: 105天 / 511天
等级: 26
石头: 52
呼符: 10
体力: 221363.58 / 51
友情点: 0 / 23450`
*連続ログイン7日間到達おめでとうございます！
明日は1日目からリスタートされます。*
`獣の足跡 X 1
呼符 X 1
10月交換券(2024) X 1
`*「10月開幕予定 期間限定イベント」直前ログインボーナス*
*開催期間中、1日1回 最大7回 ログインボーナスをプレゼント！*
`聖晶石 X 1
霊脈石 X 1
`_2024-10-09 19:37:07_
--------
