【登录信息】
*66ae15b631839f8e837cb0e4b0599b89*
`登陆天数: 106天 / 1321天
等级: 139
石头: 138
呼符: 4
体力: 3253.68 / 140
友情点: 0 / 2243965`
*連続ログイン1日目
※ログインが途切れるか、7日到達すると
1日目から再開されます*
`フレンドポイント X 2000
10月交換券(2024) X 1
`*「10月開幕予定 期間限定イベント」直前ログインボーナス*
*開催期間中、1日1回 最大7回 ログインボーナスをプレゼント！*
`黄金の果実 X 1
霊脈石 X 1
`_2024-10-10 19:36:56_
--------
*ac95c3e7a5e1685f4f63172cd680f7e6*
`登陆天数: 106天 / 512天
等级: 26
石头: 52
呼符: 10
体力: 221651.57333333333 / 51
友情点: 0 / 23450`
*連続ログイン1日目
※ログインが途切れるか、7日到達すると
1日目から再開されます*
`フレンドポイント X 2000
10月交換券(2024) X 1
`*「10月開幕予定 期間限定イベント」直前ログインボーナス*
*開催期間中、1日1回 最大7回 ログインボーナスをプレゼント！*
`黄金の果実 X 1
霊脈石 X 1
`_2024-10-10 19:37:05_
--------
