【登录信息】
*66ae15b631839f8e837cb0e4b0599b89*
`登陆天数: 107天 / 1322天
等级: 139
石头: 138
呼符: 4
体力: 3541.62 / 140
友情点: 75 / 2244040`
*連続ログイン2日目
※ログインが途切れるか、7日到達すると
1日目から再開されます*
`聖晶石 X 1
10月交換券(2024) X 1
`*「10月開幕予定 期間限定イベント」直前ログインボーナス*
*開催期間中、1日1回 最大7回 ログインボーナスをプレゼント！*
`QP X 2000000
霊脈石 X 1
`_2024-10-11 19:36:38_
--------
*ac95c3e7a5e1685f4f63172cd680f7e6*
`登陆天数: 107天 / 513天
等级: 26
石头: 52
呼符: 10
体力: 221939.51 / 51
友情点: 0 / 23450`
*連続ログイン2日目
※ログインが途切れるか、7日到達すると
1日目から再開されます*
`聖晶石 X 1
10月交換券(2024) X 1
`*「10月開幕予定 期間限定イベント」直前ログインボーナス*
*開催期間中、1日1回 最大7回 ログインボーナスをプレゼント！*
`QP X 2000000
霊脈石 X 1
`_2024-10-11 19:36:46_
--------
