【登录信息】
*66ae15b631839f8e837cb0e4b0599b89*
`登陆天数: 108天 / 1323天
等级: 139
石头: 190
呼符: 26
体力: 88.54666666666667 / 140
友情点: 0 / 2251115`
*連続ログイン3日目
※ログインが途切れるか、7日到達すると
1日目から再開されます*
`叡智の業火 X 1
10月交換券(2024) X 1
`*「10月開幕予定 期間限定イベント」直前ログインボーナス*
*開催期間中、1日1回 最大7回 ログインボーナスをプレゼント！*
`聖晶石 X 1
霊脈石 X 1
`_2024-10-12 19:36:39_
--------
*ac95c3e7a5e1685f4f63172cd680f7e6*
`登陆天数: 108天 / 514天
等级: 26
石头: 52
呼符: 10
体力: 222227.51666666666 / 51
友情点: 0 / 23450`
*連続ログイン3日目
※ログインが途切れるか、7日到達すると
1日目から再開されます*
`叡智の業火 X 1
10月交換券(2024) X 1
`*「10月開幕予定 期間限定イベント」直前ログインボーナス*
*開催期間中、1日1回 最大7回 ログインボーナスをプレゼント！*
`聖晶石 X 1
霊脈石 X 1
`_2024-10-12 19:36:48_
--------
