【登录信息】
*66ae15b631839f8e837cb0e4b0599b89*
`登陆天数: 110天 / 1325天
等级: 139
石头: 190
呼符: 26
体力: 664.54 / 140
友情点: 0 / 2251140`
*連続ログイン5日目
※ログインが途切れるか、7日到達すると
1日目から再開されます*
`叡智の業火 X 2
10月交換券(2024) X 1
`*「10月開幕予定 期間限定イベント」直前ログインボーナス*
*開催期間中、1日1回 最大7回 ログインボーナスをプレゼント！*
`英霊結晶・太陽のフォウくん X 5
霊脈石 X 1
`_2024-10-14 19:36:37_
--------
*ac95c3e7a5e1685f4f63172cd680f7e6*
`登陆天数: 110天 / 516天
等级: 26
石头: 52
呼符: 10
体力: 222803.51 / 51
友情点: 0 / 23450`
*連続ログイン5日目
※ログインが途切れるか、7日到達すると
1日目から再開されます*
`叡智の業火 X 2
10月交換券(2024) X 1
`*「10月開幕予定 期間限定イベント」直前ログインボーナス*
*開催期間中、1日1回 最大7回 ログインボーナスをプレゼント！*
`英霊結晶・太陽のフォウくん X 5
霊脈石 X 1
`_2024-10-14 19:36:46_
--------
