【登录信息】
*66ae15b631839f8e837cb0e4b0599b89*
`登陆天数: 113天 / 1328天
等级: 139
石头: 190
呼符: 26
体力: 1528.7833333333333 / 140
友情点: 0 / 2251140`
*連続ログイン1日目
※ログインが途切れるか、7日到達すると
1日目から再開されます*
`フレンドポイント X 2000
10月交換券(2024) X 1
`*妖精双六虫籠遊戯 まだ見ぬ完璧なあなたへ 開幕記念 ログインボーナス*
*開催期間中、1日1回 最大78回 ログインボーナスをプレゼント！*
`白銀の果実 X 1
`_2024-10-17 19:37:51_
--------
*ac95c3e7a5e1685f4f63172cd680f7e6*
`登陆天数: 113天 / 519天
等级: 26
石头: 52
呼符: 10
体力: 223667.75666666665 / 51
友情点: 0 / 23450`
*連続ログイン1日目
※ログインが途切れるか、7日到達すると
1日目から再開されます*
`フレンドポイント X 2000
10月交換券(2024) X 1
`*妖精双六虫籠遊戯 まだ見ぬ完璧なあなたへ 開幕記念 ログインボーナス*
*開催期間中、1日1回 最大78回 ログインボーナスをプレゼント！*
`白銀の果実 X 1
`_2024-10-17 19:37:59_
--------
