【登录信息】
*66ae15b631839f8e837cb0e4b0599b89*
`登陆天数: 114天 / 1329天
等级: 139
石头: 169
呼符: 0
体力: 1816.5733333333333 / 140
友情点: 0 / 2253150`
*連続ログイン2日目
※ログインが途切れるか、7日到達すると
1日目から再開されます*
`聖晶石 X 1
10月交換券(2024) X 1
`*妖精双六虫籠遊戯 まだ見ぬ完璧なあなたへ 開幕記念 ログインボーナス*
*開催期間中、1日1回 最大78回 ログインボーナスをプレゼント！*
`白銀の果実 X 1
`_2024-10-18 19:36:47_
--------
*ac95c3e7a5e1685f4f63172cd680f7e6*
`登陆天数: 114天 / 520天
等级: 26
石头: 52
呼符: 10
体力: 223955.54333333333 / 51
友情点: 0 / 23450`
*連続ログイン2日目
※ログインが途切れるか、7日到達すると
1日目から再開されます*
`聖晶石 X 1
10月交換券(2024) X 1
`*妖精双六虫籠遊戯 まだ見ぬ完璧なあなたへ 開幕記念 ログインボーナス*
*開催期間中、1日1回 最大78回 ログインボーナスをプレゼント！*
`白銀の果実 X 1
`_2024-10-18 19:36:56_
--------
