【登录信息】
*66ae15b631839f8e837cb0e4b0599b89*
`登陆天数: 125天 / 1340天
等级: 140
石头: 192
呼符: 2
体力: 1596.4866666666667 / 140
友情点: 0 / 2316385`
*連続ログイン6日目
※ログインが途切れるか、7日到達すると
1日目から再開されます*
`聖晶石 X 2
10月交換券(2024) X 1
`*妖精双六虫籠遊戯 まだ見ぬ完璧なあなたへ 開幕記念 ログインボーナス*
*開催期間中、1日1回 最大78回 ログインボーナスをプレゼント！*
`白銀の果実 X 1
`_2024-10-29 19:36:48_
--------
*ac95c3e7a5e1685f4f63172cd680f7e6*
`登陆天数: 125天 / 531天
等级: 26
石头: 52
呼符: 10
体力: 227123.54666666666 / 51
友情点: 0 / 23450`
*連続ログイン6日目
※ログインが途切れるか、7日到達すると
1日目から再開されます*
`聖晶石 X 2
10月交換券(2024) X 1
`*妖精双六虫籠遊戯 まだ見ぬ完璧なあなたへ 開幕記念 ログインボーナス*
*開催期間中、1日1回 最大78回 ログインボーナスをプレゼント！*
`白銀の果実 X 1
`_2024-10-29 19:36:57_
--------
