【登录信息】
*66ae15b631839f8e837cb0e4b0599b89*
`登陆天数: 126天 / 1341天
等级: 140
石头: 192
呼符: 2
体力: 1884.4266666666667 / 140
友情点: 0 / 2316385`
*連続ログイン7日間到達おめでとうございます！
明日は1日目からリスタートされます。*
`獣の足跡 X 1
呼符 X 1
10月交換券(2024) X 1
`*秋の戦力増強キャンペーン特別ログインボーナス！*
*開催期間中、1日1回 最大7回 ログインボーナスをプレゼント！*
`叡智の業火 X 3
`_2024-10-30 19:36:30_
--------
*ac95c3e7a5e1685f4f63172cd680f7e6*
`登陆天数: 126天 / 532天
等级: 26
石头: 52
呼符: 10
体力: 227411.48666666666 / 51
友情点: 0 / 23450`
*連続ログイン7日間到達おめでとうございます！
明日は1日目からリスタートされます。*
`獣の足跡 X 1
呼符 X 1
10月交換券(2024) X 1
`*秋の戦力増強キャンペーン特別ログインボーナス！*
*開催期間中、1日1回 最大7回 ログインボーナスをプレゼント！*
`叡智の業火 X 3
`_2024-10-30 19:36:39_
--------
