【登录信息】
*66ae15b631839f8e837cb0e4b0599b89*
`登陆天数: 2天 / 1217天
等级: 139
石头: 23
呼符: 0
体力: 90624.37 / 140
友情点: 0 / 2029915`
*連続ログイン2日目
※ログインが途切れるか、7日到達すると
1日目から再開されます*
`聖晶石 X 1
6月交換券(2024) X 1
`*FGO カルデア放送局 ライト版 FGO Fes. 2024＆ゲーム最新情報 放送記念 初回ログインボーナス*
*開催期間中、初回ログインで「聖晶石×14」をプレゼント！*
`聖晶石 X 14
`_2024-06-28 19:36:43_
--------
*ac95c3e7a5e1685f4f63172cd680f7e6*
`登陆天数: 2天 / 408天
等级: 26
石头: 52
呼符: 10
体力: 191699.53 / 51
友情点: 0 / 23450`
*連続ログイン2日目
※ログインが途切れるか、7日到達すると
1日目から再開されます*
`聖晶石 X 1
6月交換券(2024) X 1
`*FGO カルデア放送局 ライト版 FGO Fes. 2024＆ゲーム最新情報 放送記念 初回ログインボーナス*
*開催期間中、初回ログインで「聖晶石×14」をプレゼント！*
`聖晶石 X 14
`_2024-06-28 19:36:51_
--------
