【登录信息】
*66ae15b631839f8e837cb0e4b0599b89*
`登陆天数: 115天 / 878天
等级: 136
石头: 15
呼符: 3
体力: 195.65333333333334 / 139
友情点: 0 / 324180`
*連続ログイン3日目
※ログインが途切れるか、7日到達すると
1日目から再開されます*
`叡智の業火 X 1
12月交換券(2022) X 1
`*Road to 7 [Lostbelt No.6]開催！*
*Road to 7 [Lostbelt No.6]開催！*
``_2022-12-01 19:38:26_
--------
*ac95c3e7a5e1685f4f63172cd680f7e6*
`登陆天数: 95天 / 95天
等级: 26
石头: 52
呼符: 10
体力: 26099.873333333333 / 51
友情点: 0 / 23450`
*連続ログイン4日目
※ログインが途切れるか、7日到達すると
1日目から再開されます*
`聖晶石 X 1
12月交換券(2022) X 1
`*Road to 7 [Lostbelt No.6]開催！*
*Road to 7 [Lostbelt No.6]開催！*
``_2022-12-01 19:38:34_
--------
*fcd9ccfe9a80271df8dbb5dd8e627821*
`登陆天数: 100天 / 1136天
等级: 125
石头: 1152
呼符: 11
体力: 26128.52 / 137
友情点: 0 / 854715`
*連続ログイン2日目
※ログインが途切れるか、7日到達すると
1日目から再開されます*
`聖晶石 X 1
12月交換券(2022) X 1
`*Road to 7 [Lostbelt No.6]開催！*
*Road to 7 [Lostbelt No.6]開催！*
``_2022-12-01 19:38:42_
--------
