【登录信息】
*66ae15b631839f8e837cb0e4b0599b89*
`登陆天数: 116天 / 879天
等级: 136
石头: 15
呼符: 3
体力: 202.58333333333334 / 139
友情点: 0 / 324355`
*連続ログイン4日目
※ログインが途切れるか、7日到達すると
1日目から再開されます*
`聖晶石 X 1
12月交換券(2022) X 1
`_2022-12-02 19:37:13_
--------
*ac95c3e7a5e1685f4f63172cd680f7e6*
`登陆天数: 96天 / 96天
等级: 26
石头: 52
呼符: 10
体力: 26387.63 / 51
友情点: 0 / 23450`
*連続ログイン5日目
※ログインが途切れるか、7日到達すると
1日目から再開されます*
`叡智の業火 X 2
12月交換券(2022) X 1
`_2022-12-02 19:37:21_
--------
*fcd9ccfe9a80271df8dbb5dd8e627821*
`登陆天数: 101天 / 1137天
等级: 125
石头: 1152
呼符: 11
体力: 26416.27666666667 / 137
友情点: 0 / 854715`
*連続ログイン3日目
※ログインが途切れるか、7日到達すると
1日目から再開されます*
`叡智の業火 X 1
12月交換券(2022) X 1
`_2022-12-02 19:37:29_
--------
