【登录信息】
*66ae15b631839f8e837cb0e4b0599b89*
`登陆天数: 119天 / 882天
等级: 136
石头: 23
呼符: 4
体力: 224.09 / 139
友情点: 0 / 326655`
*連続ログイン7日間到達おめでとうございます！
明日は1日目からリスタートされます。*
`獣の足跡 X 1
呼符 X 1
12月交換券(2022) X 1
`_2022-12-05 19:37:18_
--------
*ac95c3e7a5e1685f4f63172cd680f7e6*
`登陆天数: 99天 / 99天
等级: 26
石头: 52
呼符: 10
体力: 27251.646666666667 / 51
友情点: 0 / 23450`
*連続ログイン1日目
※ログインが途切れるか、7日到達すると
1日目から再開されます*
`フレンドポイント X 2000
12月交換券(2022) X 1
`_2022-12-05 19:37:26_
--------
*fcd9ccfe9a80271df8dbb5dd8e627821*
`登陆天数: 104天 / 1140天
等级: 125
石头: 1152
呼符: 11
体力: 27280.293333333335 / 137
友情点: 0 / 854715`
*連続ログイン6日目
※ログインが途切れるか、7日到達すると
1日目から再開されます*
`聖晶石 X 2
12月交換券(2022) X 1
`_2022-12-05 19:37:34_
--------
