【登录信息】
*66ae15b631839f8e837cb0e4b0599b89*
`登陆天数: 121天 / 884天
等级: 136
石头: 35
呼符: 8
体力: 506.92 / 139
友情点: 0 / 329495`
*連続ログイン2日目
※ログインが途切れるか、7日到達すると
1日目から再開されます*
`聖晶石 X 1
12月交換券(2022) X 1
`_2022-12-07 19:37:24_
--------
*ac95c3e7a5e1685f4f63172cd680f7e6*
`登陆天数: 101天 / 101天
等级: 26
石头: 52
呼符: 10
体力: 27827.663333333334 / 51
友情点: 0 / 23450`
*連続ログイン3日目
※ログインが途切れるか、7日到達すると
1日目から再開されます*
`叡智の業火 X 1
12月交換券(2022) X 1
`_2022-12-07 19:37:32_
--------
*fcd9ccfe9a80271df8dbb5dd8e627821*
`登陆天数: 106天 / 1142天
等级: 125
石头: 1361
呼符: 22
体力: 27856.31 / 137
友情点: 0 / 880715`
*連続ログイン1日目
※ログインが途切れるか、7日到達すると
1日目から再開されます*
`フレンドポイント X 2000
12月交換券(2022) X 1
`_2022-12-07 19:37:40_
--------
