【登录信息】
*66ae15b631839f8e837cb0e4b0599b89*
`登陆天数: 123天 / 886天
等级: 136
石头: 41
呼符: 8
体力: 205.97333333333333 / 139
友情点: 0 / 330945`
*連続ログイン4日目
※ログインが途切れるか、7日到達すると
1日目から再開されます*
`聖晶石 X 1
12月交換券(2022) X 1
`_2022-12-09 19:37:30_
--------
*ac95c3e7a5e1685f4f63172cd680f7e6*
`登陆天数: 103天 / 103天
等级: 26
石头: 52
呼符: 10
体力: 28403.683333333334 / 51
友情点: 0 / 23450`
*連続ログイン5日目
※ログインが途切れるか、7日到達すると
1日目から再開されます*
`叡智の業火 X 2
12月交換券(2022) X 1
`_2022-12-09 19:37:38_
--------
*fcd9ccfe9a80271df8dbb5dd8e627821*
`登陆天数: 108天 / 1144天
等级: 125
石头: 1361
呼符: 22
体力: 28432.333333333332 / 137
友情点: 0 / 880715`
*連続ログイン3日目
※ログインが途切れるか、7日到達すると
1日目から再開されます*
`叡智の業火 X 1
12月交換券(2022) X 1
`_2022-12-09 19:37:46_
--------
