【登录信息】
*66ae15b631839f8e837cb0e4b0599b89*
`登陆天数: 125天 / 888天
等级: 136
石头: 41
呼符: 8
体力: 244.39666666666665 / 139
友情点: 0 / 331315`
*連続ログイン6日目
※ログインが途切れるか、7日到達すると
1日目から再開されます*
`聖晶石 X 2
12月交換券(2022) X 1
`*「MELTY BLOOD: TYPE LUMINA」牛若丸＆巌窟王参戦記念特別ログインボーナス*
*開催期間中、1日1回 最大3回 ログインボーナスをプレゼント！*
`心清き盾 X 1
星見のティーポット X 2
`_2022-12-11 19:37:14_
--------
*ac95c3e7a5e1685f4f63172cd680f7e6*
`登陆天数: 105天 / 105天
等级: 26
石头: 52
呼符: 10
体力: 28979.633333333335 / 51
友情点: 0 / 23450`
*連続ログイン7日間到達おめでとうございます！
明日は1日目からリスタートされます。*
`獣の足跡 X 1
呼符 X 1
12月交換券(2022) X 1
`*「MELTY BLOOD: TYPE LUMINA」牛若丸＆巌窟王参戦記念特別ログインボーナス*
*開催期間中、1日1回 最大3回 ログインボーナスをプレゼント！*
`心清き盾 X 1
星見のティーポット X 2
`_2022-12-11 19:37:22_
--------
*fcd9ccfe9a80271df8dbb5dd8e627821*
`登陆天数: 110天 / 1146天
等级: 125
石头: 1361
呼符: 22
体力: 29008.28 / 137
友情点: 0 / 880715`
*連続ログイン5日目
※ログインが途切れるか、7日到達すると
1日目から再開されます*
`叡智の業火 X 2
12月交換券(2022) X 1
`*「MELTY BLOOD: TYPE LUMINA」牛若丸＆巌窟王参戦記念特別ログインボーナス*
*開催期間中、1日1回 最大3回 ログインボーナスをプレゼント！*
`心清き盾 X 1
星見のティーポット X 2
`_2022-12-11 19:37:30_
--------
