【登录信息】
*66ae15b631839f8e837cb0e4b0599b89*
`登陆天数: 126天 / 889天
等级: 136
石头: 41
呼符: 8
体力: 152.59666666666666 / 139
友情点: 20 / 331485`
*連続ログイン7日間到達おめでとうございます！
明日は1日目からリスタートされます。*
`獣の足跡 X 1
呼符 X 1
12月交換券(2022) X 1
`*「MELTY BLOOD: TYPE LUMINA」牛若丸＆巌窟王参戦記念特別ログインボーナス*
*開催期間中、1日1回 最大3回 ログインボーナスをプレゼント！*
`永劫の復讐鬼 X 1
星見のティーポット X 2
`_2022-12-12 19:37:31_
--------
*ac95c3e7a5e1685f4f63172cd680f7e6*
`登陆天数: 106天 / 106天
等级: 26
石头: 52
呼符: 10
体力: 29267.69 / 51
友情点: 0 / 23450`
*連続ログイン1日目
※ログインが途切れるか、7日到達すると
1日目から再開されます*
`フレンドポイント X 2000
12月交換券(2022) X 1
`*「MELTY BLOOD: TYPE LUMINA」牛若丸＆巌窟王参戦記念特別ログインボーナス*
*開催期間中、1日1回 最大3回 ログインボーナスをプレゼント！*
`永劫の復讐鬼 X 1
星見のティーポット X 2
`_2022-12-12 19:37:39_
--------
*fcd9ccfe9a80271df8dbb5dd8e627821*
`登陆天数: 111天 / 1147天
等级: 125
石头: 1361
呼符: 22
体力: 29296.336666666666 / 137
友情点: 0 / 880715`
*連続ログイン6日目
※ログインが途切れるか、7日到達すると
1日目から再開されます*
`聖晶石 X 2
12月交換券(2022) X 1
`*「MELTY BLOOD: TYPE LUMINA」牛若丸＆巌窟王参戦記念特別ログインボーナス*
*開催期間中、1日1回 最大3回 ログインボーナスをプレゼント！*
`永劫の復讐鬼 X 1
星見のティーポット X 2
`_2022-12-12 19:37:47_
--------
