【登录信息】
*66ae15b631839f8e837cb0e4b0599b89*
`登陆天数: 127天 / 890天
等级: 136
石头: 67
呼符: 0
体力: 195.12 / 139
友情点: 0 / 394860`
*連続ログイン1日目
※ログインが途切れるか、7日到達すると
1日目から再開されます*
`フレンドポイント X 2000
12月交換券(2022) X 1
`*「MELTY BLOOD: TYPE LUMINA」牛若丸＆巌窟王参戦記念特別ログインボーナス*
*開催期間中、1日1回 最大3回 ログインボーナスをプレゼント！*
`天衣無縫の武者 X 1
星見のティーポット X 2
`_2022-12-13 19:37:36_
--------
*ac95c3e7a5e1685f4f63172cd680f7e6*
`登陆天数: 107天 / 107天
等级: 26
石头: 52
呼符: 10
体力: 29555.703333333335 / 51
友情点: 0 / 23450`
*連続ログイン2日目
※ログインが途切れるか、7日到達すると
1日目から再開されます*
`聖晶石 X 1
12月交換券(2022) X 1
`*「MELTY BLOOD: TYPE LUMINA」牛若丸＆巌窟王参戦記念特別ログインボーナス*
*開催期間中、1日1回 最大3回 ログインボーナスをプレゼント！*
`天衣無縫の武者 X 1
星見のティーポット X 2
`_2022-12-13 19:37:44_
--------
*fcd9ccfe9a80271df8dbb5dd8e627821*
`登陆天数: 112天 / 1148天
等级: 125
石头: 1361
呼符: 22
体力: 29584.35 / 137
友情点: 0 / 880715`
*連続ログイン7日間到達おめでとうございます！
明日は1日目からリスタートされます。*
`獣の足跡 X 1
呼符 X 1
12月交換券(2022) X 1
`*「MELTY BLOOD: TYPE LUMINA」牛若丸＆巌窟王参戦記念特別ログインボーナス*
*開催期間中、1日1回 最大3回 ログインボーナスをプレゼント！*
`天衣無縫の武者 X 1
星見のティーポット X 2
`_2022-12-13 19:37:52_
--------
