【登录信息】
*66ae15b631839f8e837cb0e4b0599b89*
`登陆天数: 128天 / 891天
等级: 136
石头: 70
呼符: 0
体力: 213.16666666666669 / 139
友情点: 0 / 405360`
*連続ログイン2日目
※ログインが途切れるか、7日到達すると
1日目から再開されます*
`聖晶石 X 1
12月交換券(2022) X 1
`*TVアニメ「Fate/EXTRA Last Encore」Blu-ray Disc Box Standard Edition & Original Soundtrackリリース記念 特別ログインボーナス*
*開催期間中、初回ログインで「限定概念礼装×2」をプレゼント！*
`輝かしき薔薇の花束 X 1
月の断片 X 1
`_2022-12-14 19:37:10_
--------
*ac95c3e7a5e1685f4f63172cd680f7e6*
`登陆天数: 108天 / 108天
等级: 26
石头: 52
呼符: 10
体力: 29843.62 / 51
友情点: 0 / 23450`
*連続ログイン3日目
※ログインが途切れるか、7日到達すると
1日目から再開されます*
`叡智の業火 X 1
12月交換券(2022) X 1
`*TVアニメ「Fate/EXTRA Last Encore」Blu-ray Disc Box Standard Edition & Original Soundtrackリリース記念 特別ログインボーナス*
*開催期間中、初回ログインで「限定概念礼装×2」をプレゼント！*
`輝かしき薔薇の花束 X 1
月の断片 X 1
`_2022-12-14 19:37:18_
--------
