【登录信息】
*66ae15b631839f8e837cb0e4b0599b89*
`登陆天数: 130天 / 893天
等级: 136
石头: 108
呼符: 1
体力: 126.59666666666666 / 139
友情点: 0 / 551515`
*連続ログイン4日目
※ログインが途切れるか、7日到達すると
1日目から再開されます*
`聖晶石 X 1
12月交換券(2022) X 1
`*「Lostbelt No.7」開幕前メインクエストクリア応援特別ログインボーナス*
*開催期間中、1日1回 最大7回 ログインボーナスをプレゼント！*
`聖晶石 X 1
`_2022-12-16 19:37:14_
--------
*ac95c3e7a5e1685f4f63172cd680f7e6*
`登陆天数: 110天 / 110天
等级: 26
石头: 52
呼符: 10
体力: 30419.63 / 51
友情点: 0 / 23450`
*連続ログイン5日目
※ログインが途切れるか、7日到達すると
1日目から再開されます*
`叡智の業火 X 2
12月交換券(2022) X 1
`*「Lostbelt No.7」開幕前メインクエストクリア応援特別ログインボーナス*
*開催期間中、1日1回 最大7回 ログインボーナスをプレゼント！*
`聖晶石 X 1
`_2022-12-16 19:37:22_
--------
