【登录信息】
*66ae15b631839f8e837cb0e4b0599b89*
`登陆天数: 132天 / 895天
等级: 136
石头: 108
呼符: 1
体力: 702.63 / 139
友情点: 0 / 551645`
*連続ログイン6日目
※ログインが途切れるか、7日到達すると
1日目から再開されます*
`聖晶石 X 2
12月交換券(2022) X 1
`*リリース2700日突破キャンペーン 初回ログインボーナス*
*開催期間中、初回ログインで「聖晶石×10」をプレゼント！*
`聖晶石 X 10
`_2022-12-18 19:37:23_
--------
*ac95c3e7a5e1685f4f63172cd680f7e6*
`登陆天数: 112天 / 112天
等级: 26
石头: 52
呼符: 10
体力: 30995.663333333334 / 51
友情点: 0 / 23450`
*連続ログイン7日間到達おめでとうございます！
明日は1日目からリスタートされます。*
`獣の足跡 X 1
呼符 X 1
12月交換券(2022) X 1
`*リリース2700日突破キャンペーン 初回ログインボーナス*
*開催期間中、初回ログインで「聖晶石×10」をプレゼント！*
`聖晶石 X 10
`_2022-12-18 19:37:31_
--------
