【登录信息】
*66ae15b631839f8e837cb0e4b0599b89*
`登陆天数: 133天 / 896天
等级: 136
石头: 108
呼符: 1
体力: 234.39 / 139
友情点: 0 / 551705`
*連続ログイン7日間到達おめでとうございます！
明日は1日目からリスタートされます。*
`獣の足跡 X 1
呼符 X 1
12月交換券(2022) X 1
`*「Lostbelt No.7」開幕直前
カウントダウンログインボーナス*
*開催期間中、1日1回 6日間日替りでログインボーナスをプレゼント！*
`叡智の業火 X 7
`_2022-12-19 19:37:25_
--------
*ac95c3e7a5e1685f4f63172cd680f7e6*
`登陆天数: 113天 / 113天
等级: 26
石头: 52
呼符: 10
体力: 31283.666666666668 / 51
友情点: 0 / 23450`
*連続ログイン1日目
※ログインが途切れるか、7日到達すると
1日目から再開されます*
`フレンドポイント X 2000
12月交換券(2022) X 1
`*「Lostbelt No.7」開幕直前
カウントダウンログインボーナス*
*開催期間中、1日1回 6日間日替りでログインボーナスをプレゼント！*
`叡智の業火 X 7
`_2022-12-19 19:37:33_
--------
