【登录信息】
*66ae15b631839f8e837cb0e4b0599b89*
`登陆天数: 134天 / 897天
等级: 136
石头: 108
呼符: 0
体力: 213.55 / 139
友情点: 0 / 551750`
*連続ログイン1日目
※ログインが途切れるか、7日到達すると
1日目から再開されます*
`フレンドポイント X 2000
12月交換券(2022) X 1
`*「Lostbelt No.7」開幕直前
カウントダウンログインボーナス*
*開催期間中、1日1回 6日間日替りでログインボーナスをプレゼント！*
`英霊結晶・星のフォウくん X 7
英霊結晶・太陽のフォウくん X 7
`_2022-12-20 19:37:18_
--------
*ac95c3e7a5e1685f4f63172cd680f7e6*
`登陆天数: 114天 / 114天
等级: 26
石头: 52
呼符: 10
体力: 31571.643333333333 / 51
友情点: 0 / 23450`
*連続ログイン2日目
※ログインが途切れるか、7日到達すると
1日目から再開されます*
`聖晶石 X 1
12月交換券(2022) X 1
`*「Lostbelt No.7」開幕直前
カウントダウンログインボーナス*
*開催期間中、1日1回 6日間日替りでログインボーナスをプレゼント！*
`英霊結晶・星のフォウくん X 7
英霊結晶・太陽のフォウくん X 7
`_2022-12-20 19:37:26_
--------
