【登录信息】
*66ae15b631839f8e837cb0e4b0599b89*
`登陆天数: 135天 / 898天
等级: 136
石头: 122
呼符: 0
体力: 77.60333333333332 / 139
友情点: 0 / 551900`
*連続ログイン2日目
※ログインが途切れるか、7日到達すると
1日目から再開されます*
`聖晶石 X 1
12月交換券(2022) X 1
`*「Lostbelt No.7」開幕直前
カウントダウンログインボーナス*
*開催期間中、1日1回 6日間日替りでログインボーナスをプレゼント！*
`マナプリズム X 70
`_2022-12-21 19:37:27_
--------
*ac95c3e7a5e1685f4f63172cd680f7e6*
`登陆天数: 115天 / 115天
等级: 26
石头: 52
呼符: 10
体力: 31859.673333333332 / 51
友情点: 0 / 23450`
*連続ログイン3日目
※ログインが途切れるか、7日到達すると
1日目から再開されます*
`叡智の業火 X 1
12月交換券(2022) X 1
`*「Lostbelt No.7」開幕直前
カウントダウンログインボーナス*
*開催期間中、1日1回 6日間日替りでログインボーナスをプレゼント！*
`マナプリズム X 70
`_2022-12-21 19:37:35_
--------
