【登录信息】
*66ae15b631839f8e837cb0e4b0599b89*
`登陆天数: 136天 / 899天
等级: 136
石头: 124
呼符: 0
体力: 230.21666666666667 / 139
友情点: 0 / 552050`
*連続ログイン3日目
※ログインが途切れるか、7日到達すると
1日目から再開されます*
`叡智の業火 X 1
12月交換券(2022) X 1
`*「Lostbelt No.7」開幕直前
カウントダウンログインボーナス*
*開催期間中、1日1回 6日間日替りでログインボーナスをプレゼント！*
`フレンドポイント X 70000
`_2022-12-22 19:37:12_
--------
*ac95c3e7a5e1685f4f63172cd680f7e6*
`登陆天数: 116天 / 116天
等级: 26
石头: 52
呼符: 10
体力: 32147.626666666667 / 51
友情点: 0 / 23450`
*連続ログイン4日目
※ログインが途切れるか、7日到達すると
1日目から再開されます*
`聖晶石 X 1
12月交換券(2022) X 1
`*「Lostbelt No.7」開幕直前
カウントダウンログインボーナス*
*開催期間中、1日1回 6日間日替りでログインボーナスをプレゼント！*
`フレンドポイント X 70000
`_2022-12-22 19:37:21_
--------
