【登录信息】
*66ae15b631839f8e837cb0e4b0599b89*
`登陆天数: 138天 / 901天
等级: 136
石头: 124
呼符: 0
体力: 806.2466666666667 / 139
友情点: 0 / 552050`
*連続ログイン5日目
※ログインが途切れるか、7日到達すると
1日目から再開されます*
`叡智の業火 X 2
12月交換券(2022) X 1
`*新所長からのクリスマスプレゼント*
*開催期間中、初回ログインで「聖晶石×10」をプレゼント！*
`聖晶石 X 10
`_2022-12-24 19:37:21_
--------
*ac95c3e7a5e1685f4f63172cd680f7e6*
`登陆天数: 118天 / 118天
等级: 26
石头: 52
呼符: 10
体力: 32723.656666666666 / 51
友情点: 0 / 23450`
*連続ログイン6日目
※ログインが途切れるか、7日到達すると
1日目から再開されます*
`聖晶石 X 2
12月交換券(2022) X 1
`*新所長からのクリスマスプレゼント*
*開催期間中、初回ログインで「聖晶石×10」をプレゼント！*
`聖晶石 X 10
`_2022-12-24 19:37:30_
--------
