【登录信息】
*66ae15b631839f8e837cb0e4b0599b89*
`登陆天数: 22天 / 1098天
等级: 139
石头: 23
呼符: 0
体力: 3648.43 / 140
友情点: 235 / 1982885`
*連続ログイン1日目
※ログインが途切れるか、7日到達すると
1日目から再開されます*
`フレンドポイント X 2000
9月交換券(2023) X 1
`_2023-08-31 19:37:00_
--------
*ac95c3e7a5e1685f4f63172cd680f7e6*
`登陆天数: 22天 / 289天
等级: 26
石头: 52
呼符: 10
体力: 104723.59 / 51
友情点: 0 / 23450`
*連続ログイン1日目
※ログインが途切れるか、7日到達すると
1日目から再開されます*
`フレンドポイント X 2000
9月交換券(2023) X 1
`*サーヴァント・サマー・フェスティバル2023！開幕記念 ログインボーナス*
*開催期間中、1日1回 最大21回ログインボーナスをプレゼント！*
`白銀の果実 X 1
`_2023-08-31 19:37:09_
--------
