【登录信息】
*66ae15b631839f8e837cb0e4b0599b89*
`登陆天数: 23天 / 1099天
等级: 139
石头: 23
呼符: 0
体力: 3936.3933333333334 / 140
友情点: 65 / 1982950`
*連続ログイン2日目
※ログインが途切れるか、7日到達すると
1日目から再開されます*
`聖晶石 X 1
9月交換券(2023) X 1
`*ハンティングクエスト 第13弾
特別ログインボーナス*
*開催期間中、1日1回 最大7回ログインボーナスをプレゼント！*
`黄金の果実 X 1
`_2023-09-01 19:36:50_
--------
*ac95c3e7a5e1685f4f63172cd680f7e6*
`登陆天数: 23天 / 290天
等级: 26
石头: 52
呼符: 10
体力: 105011.55333333333 / 51
友情点: 0 / 23450`
*連続ログイン2日目
※ログインが途切れるか、7日到達すると
1日目から再開されます*
`聖晶石 X 1
9月交換券(2023) X 1
`*ハンティングクエスト 第13弾
特別ログインボーナス*
*開催期間中、1日1回 最大7回ログインボーナスをプレゼント！*
`黄金の果実 X 1
`_2023-09-01 19:36:58_
--------
