【登录信息】
*66ae15b631839f8e837cb0e4b0599b89*
`登陆天数: 28天 / 1104天
等级: 139
石头: 23
呼符: 0
体力: 5376.416666666667 / 140
友情点: 300 / 1983790`
*連続ログイン7日間到達おめでとうございます！
明日は1日目からリスタートされます。*
`獣の足跡 X 1
呼符 X 1
9月交換券(2023) X 1
`*ハンティングクエスト 第13弾
特別ログインボーナス*
*開催期間中、1日1回 最大7回ログインボーナスをプレゼント！*
`黄金の果実 X 1
`_2023-09-06 19:36:57_
--------
*ac95c3e7a5e1685f4f63172cd680f7e6*
`登陆天数: 28天 / 295天
等级: 26
石头: 52
呼符: 10
体力: 106451.57666666666 / 51
友情点: 0 / 23450`
*連続ログイン7日間到達おめでとうございます！
明日は1日目からリスタートされます。*
`獣の足跡 X 1
呼符 X 1
9月交換券(2023) X 1
`*ハンティングクエスト 第13弾
特別ログインボーナス*
*開催期間中、1日1回 最大7回ログインボーナスをプレゼント！*
`黄金の果実 X 1
`_2023-09-06 19:37:06_
--------
