【登录信息】
*66ae15b631839f8e837cb0e4b0599b89*
`登陆天数: 40天 / 1116天
等级: 139
石头: 23
呼符: 0
体力: 8832.38 / 140
友情点: 80 / 1984850`
*連続ログイン5日目
※ログインが途切れるか、7日到達すると
1日目から再開されます*
`叡智の業火 X 2
9月交換券(2023) X 1
`*日替りログインボーナス*
*開催期間中、1日1回 2週間日替りでログインボーナスをプレゼント！*
`巡霊の葉 X 30
`_2023-09-18 19:36:45_
--------
*ac95c3e7a5e1685f4f63172cd680f7e6*
`登陆天数: 40天 / 307天
等级: 26
石头: 52
呼符: 10
体力: 109907.54 / 51
友情点: 0 / 23450`
*連続ログイン5日目
※ログインが途切れるか、7日到達すると
1日目から再開されます*
`叡智の業火 X 2
9月交換券(2023) X 1
`*日替りログインボーナス*
*開催期間中、1日1回 2週間日替りでログインボーナスをプレゼント！*
`巡霊の葉 X 30
`_2023-09-18 19:36:54_
--------
