【登录信息】
*66ae15b631839f8e837cb0e4b0599b89*
`登陆天数: 48天 / 1124天
等级: 139
石头: 23
呼符: 0
体力: 11136.403333333334 / 140
友情点: 70 / 1988470`
*連続ログイン6日目
※ログインが途切れるか、7日到達すると
1日目から再開されます*
`聖晶石 X 2
9月交換券(2023) X 1
`*日替りログインボーナス*
*開催期間中、1日1回 2週間日替りでログインボーナスをプレゼント！*
`聖晶石 X 3
巡霊の葉 X 50
`_2023-09-26 19:36:52_
--------
*ac95c3e7a5e1685f4f63172cd680f7e6*
`登陆天数: 48天 / 315天
等级: 26
石头: 52
呼符: 10
体力: 112211.56333333334 / 51
友情点: 0 / 23450`
*連続ログイン6日目
※ログインが途切れるか、7日到達すると
1日目から再開されます*
`聖晶石 X 2
9月交換券(2023) X 1
`*日替りログインボーナス*
*開催期間中、1日1回 2週間日替りでログインボーナスをプレゼント！*
`聖晶石 X 3
巡霊の葉 X 50
`_2023-09-26 19:37:02_
--------
