【登录信息】
*66ae15b631839f8e837cb0e4b0599b89*
`登陆天数: 49天 / 1125天
等级: 139
石头: 23
呼符: 0
体力: 11424.386666666667 / 140
友情点: 235 / 1988705`
*連続ログイン7日間到達おめでとうございます！
明日は1日目からリスタートされます。*
`獣の足跡 X 1
呼符 X 1
9月交換券(2023) X 1
`*ワンジナ・ワールドツアー！ ～大精霊と巡る世界一周～開幕記念 ログインボーナス*
*開催期間中、1日1回 最大21回ログインボーナスをプレゼント！*
`黄金の果実 X 1
`_2023-09-27 19:36:47_
--------
*ac95c3e7a5e1685f4f63172cd680f7e6*
`登陆天数: 49天 / 316天
等级: 26
石头: 52
呼符: 10
体力: 112499.55 / 51
友情点: 0 / 23450`
*連続ログイン7日間到達おめでとうございます！
明日は1日目からリスタートされます。*
`獣の足跡 X 1
呼符 X 1
9月交換券(2023) X 1
`*ワンジナ・ワールドツアー！ ～大精霊と巡る世界一周～開幕記念 ログインボーナス*
*開催期間中、1日1回 最大21回ログインボーナスをプレゼント！*
`黄金の果実 X 1
`_2023-09-27 19:36:57_
--------
