【登录信息】
*66ae15b631839f8e837cb0e4b0599b89*
`登陆天数: 15天 / 1697天
等级: 143
石头: 122
呼符: 8
体力: 26281.496666666666 / 141
友情点: 0 / 3199915`
*連続ログイン1日目
※ログインが途切れるか、7日到達すると
1日目から再開されます*
`英霊結晶・星のフォウくん X 1
フレンドポイント X 2000
12月交換券(2025) X 1
`_2025-12-27 19:31:32_
--------
*ac95c3e7a5e1685f4f63172cd680f7e6*
`登陆天数: 15天 / 796天
等级: 26
石头: 52
呼符: 10
体力: 349234.49666666664 / 51
友情点: 0 / 23450`
*連続ログイン1日目
※ログインが途切れるか、7日到達すると
1日目から再開されます*
`英霊結晶・星のフォウくん X 1
フレンドポイント X 2000
12月交換券(2025) X 1
`_2025-12-27 19:31:41_
--------
